+ unset DRMAA_LIBRARY_PATH
+++ which conda
++ /fast/users/szyskam_c/work/miniconda/condabin/conda shell.bash hook
+ eval 'export CONDA_EXE='\''/fast/users/szyskam_c/work/miniconda/bin/conda'\''
export _CE_M='\'''\''
export _CE_CONDA='\'''\''
export CONDA_PYTHON_EXE='\''/fast/users/szyskam_c/work/miniconda/bin/python'\''

# Copyright (C) 2012 Anaconda, Inc
# SPDX-License-Identifier: BSD-3-Clause

__add_sys_prefix_to_path() {
    # In dev-mode CONDA_EXE is python.exe and on Windows
    # it is in a different relative location to condabin.
    if [ -n "${_CE_CONDA}" ] && [ -n "${WINDIR+x}" ]; then
        SYSP=$(\dirname "${CONDA_EXE}")
    else
        SYSP=$(\dirname "${CONDA_EXE}")
        SYSP=$(\dirname "${SYSP}")
    fi

    if [ -n "${WINDIR+x}" ]; then
        PATH="${SYSP}/bin:${PATH}"
        PATH="${SYSP}/Scripts:${PATH}"
        PATH="${SYSP}/Library/bin:${PATH}"
        PATH="${SYSP}/Library/usr/bin:${PATH}"
        PATH="${SYSP}/Library/mingw-w64/bin:${PATH}"
        PATH="${SYSP}:${PATH}"
    else
        PATH="${SYSP}/bin:${PATH}"
    fi
    \export PATH
}

__conda_hashr() {
    if [ -n "${ZSH_VERSION:+x}" ]; then
        \rehash
    elif [ -n "${POSH_VERSION:+x}" ]; then
        :  # pass
    else
        \hash -r
    fi
}

__conda_activate() {
    if [ -n "${CONDA_PS1_BACKUP:+x}" ]; then
        # Handle transition from shell activated with conda <= 4.3 to a subsequent activation
        # after conda updated to >= 4.4. See issue #6173.
        PS1="$CONDA_PS1_BACKUP"
        \unset CONDA_PS1_BACKUP
    fi

    \local cmd="$1"
    shift
    \local ask_conda
    CONDA_INTERNAL_OLDPATH="${PATH}"
    __add_sys_prefix_to_path
    ask_conda="$(PS1="$PS1" "$CONDA_EXE" $_CE_M $_CE_CONDA shell.posix "$cmd" "$@")" || \return $?
    rc=$?
    PATH="${CONDA_INTERNAL_OLDPATH}"
    \eval "$ask_conda"
    if [ $rc != 0 ]; then
        \export PATH
    fi
    __conda_hashr
}

__conda_reactivate() {
    \local ask_conda
    CONDA_INTERNAL_OLDPATH="${PATH}"
    __add_sys_prefix_to_path
    ask_conda="$(PS1="$PS1" "$CONDA_EXE" $_CE_M $_CE_CONDA shell.posix reactivate)" || \return $?
    PATH="${CONDA_INTERNAL_OLDPATH}"
    \eval "$ask_conda"
    __conda_hashr
}

conda() {
    if [ "$#" -lt 1 ]; then
        "$CONDA_EXE" $_CE_M $_CE_CONDA
    else
        \local cmd="$1"
        shift
        case "$cmd" in
            activate|deactivate)
                __conda_activate "$cmd" "$@"
                ;;
            install|update|upgrade|remove|uninstall)
                CONDA_INTERNAL_OLDPATH="${PATH}"
                __add_sys_prefix_to_path
                "$CONDA_EXE" $_CE_M $_CE_CONDA "$cmd" "$@"
                \local t1=$?
                PATH="${CONDA_INTERNAL_OLDPATH}"
                if [ $t1 = 0 ]; then
                    __conda_reactivate
                else
                    return $t1
                fi
                ;;
            *)
                CONDA_INTERNAL_OLDPATH="${PATH}"
                __add_sys_prefix_to_path
                "$CONDA_EXE" $_CE_M $_CE_CONDA "$cmd" "$@"
                \local t1=$?
                PATH="${CONDA_INTERNAL_OLDPATH}"
                return $t1
                ;;
        esac
    fi
}

if [ -z "${CONDA_SHLVL+x}" ]; then
    \export CONDA_SHLVL=0
    # In dev-mode CONDA_EXE is python.exe and on Windows
    # it is in a different relative location to condabin.
    if [ -n "${_CE_CONDA+x}" ] && [ -n "${WINDIR+x}" ]; then
        PATH="$(\dirname "$CONDA_EXE")/condabin${PATH:+":${PATH}"}"
    else
        PATH="$(\dirname "$(\dirname "$CONDA_EXE")")/condabin${PATH:+":${PATH}"}"
    fi
    \export PATH

    # We'\''re not allowing PS1 to be unbound. It must at least be set.
    # However, we'\''re not exporting it, which can cause problems when starting a second shell
    # via a first shell (i.e. starting zsh from bash).
    if [ -z "${PS1+x}" ]; then
        PS1=
    fi
fi

conda activate base'
++ export CONDA_EXE=/fast/users/szyskam_c/work/miniconda/bin/conda
++ CONDA_EXE=/fast/users/szyskam_c/work/miniconda/bin/conda
++ export _CE_M=
++ _CE_M=
++ export _CE_CONDA=
++ _CE_CONDA=
++ export CONDA_PYTHON_EXE=/fast/users/szyskam_c/work/miniconda/bin/python
++ CONDA_PYTHON_EXE=/fast/users/szyskam_c/work/miniconda/bin/python
++ '[' -z x ']'
++ conda activate base
++ '[' 2 -lt 1 ']'
++ local cmd=activate
++ shift
++ case "$cmd" in
++ __conda_activate activate base
++ '[' -n '' ']'
++ local cmd=activate
++ shift
++ local ask_conda
++ CONDA_INTERNAL_OLDPATH=/fast/users/szyskam_c/work/miniconda/envs/snake-env/bin:/fast/users/szyskam_c/work/miniconda/condabin:/fast/users/szyskam_c/work/utils/myscripts/symlinx:/fast/users/szyskam_c/work/miniconda/bin:/fast/users/szyskam_c/.local/bin:/fast/users/szyskam_c/work/utils/cellranger-3.1.0:/usr/local/bin:/usr/bin:/usr/local/sbin:/usr/sbin:/opt/slurm/active/bin:/opt/slurm/active/sbin:/opt/slurm/active/bin:/opt/slurm/active/sbin
++ __add_sys_prefix_to_path
++ '[' -n '' ']'
+++ dirname /fast/users/szyskam_c/work/miniconda/bin/conda
++ SYSP=/fast/users/szyskam_c/work/miniconda/bin
+++ dirname /fast/users/szyskam_c/work/miniconda/bin
++ SYSP=/fast/users/szyskam_c/work/miniconda
++ '[' -n '' ']'
++ PATH=/fast/users/szyskam_c/work/miniconda/bin:/fast/users/szyskam_c/work/miniconda/envs/snake-env/bin:/fast/users/szyskam_c/work/miniconda/condabin:/fast/users/szyskam_c/work/utils/myscripts/symlinx:/fast/users/szyskam_c/work/miniconda/bin:/fast/users/szyskam_c/.local/bin:/fast/users/szyskam_c/work/utils/cellranger-3.1.0:/usr/local/bin:/usr/bin:/usr/local/sbin:/usr/sbin:/opt/slurm/active/bin:/opt/slurm/active/sbin:/opt/slurm/active/bin:/opt/slurm/active/sbin
++ export PATH
+++ PS1=
+++ /fast/users/szyskam_c/work/miniconda/bin/conda shell.posix activate base
++ ask_conda='export PATH='\''/fast/users/szyskam_c/work/miniconda/bin:/fast/users/szyskam_c/work/miniconda/condabin:/fast/users/szyskam_c/work/utils/myscripts/symlinx:/fast/users/szyskam_c/work/miniconda/bin:/fast/users/szyskam_c/.local/bin:/fast/users/szyskam_c/work/utils/cellranger-3.1.0:/usr/local/bin:/usr/bin:/usr/local/sbin:/usr/sbin:/opt/slurm/active/bin:/opt/slurm/active/sbin:/opt/slurm/active/bin:/opt/slurm/active/sbin'\''
unset CONDA_PREFIX_1
PS1='\''(base) '\''
export CONDA_PREFIX='\''/fast/users/szyskam_c/work/miniconda'\''
export CONDA_SHLVL='\''1'\''
export CONDA_DEFAULT_ENV='\''base'\''
export CONDA_PROMPT_MODIFIER='\''(base) '\''
export CONDA_EXE='\''/fast/users/szyskam_c/work/miniconda/bin/conda'\''
export _CE_M='\'''\''
export _CE_CONDA='\'''\''
export CONDA_PYTHON_EXE='\''/fast/users/szyskam_c/work/miniconda/bin/python'\'''
++ rc=0
++ PATH=/fast/users/szyskam_c/work/miniconda/envs/snake-env/bin:/fast/users/szyskam_c/work/miniconda/condabin:/fast/users/szyskam_c/work/utils/myscripts/symlinx:/fast/users/szyskam_c/work/miniconda/bin:/fast/users/szyskam_c/.local/bin:/fast/users/szyskam_c/work/utils/cellranger-3.1.0:/usr/local/bin:/usr/bin:/usr/local/sbin:/usr/sbin:/opt/slurm/active/bin:/opt/slurm/active/sbin:/opt/slurm/active/bin:/opt/slurm/active/sbin
++ eval 'export PATH='\''/fast/users/szyskam_c/work/miniconda/bin:/fast/users/szyskam_c/work/miniconda/condabin:/fast/users/szyskam_c/work/utils/myscripts/symlinx:/fast/users/szyskam_c/work/miniconda/bin:/fast/users/szyskam_c/.local/bin:/fast/users/szyskam_c/work/utils/cellranger-3.1.0:/usr/local/bin:/usr/bin:/usr/local/sbin:/usr/sbin:/opt/slurm/active/bin:/opt/slurm/active/sbin:/opt/slurm/active/bin:/opt/slurm/active/sbin'\''
unset CONDA_PREFIX_1
PS1='\''(base) '\''
export CONDA_PREFIX='\''/fast/users/szyskam_c/work/miniconda'\''
export CONDA_SHLVL='\''1'\''
export CONDA_DEFAULT_ENV='\''base'\''
export CONDA_PROMPT_MODIFIER='\''(base) '\''
export CONDA_EXE='\''/fast/users/szyskam_c/work/miniconda/bin/conda'\''
export _CE_M='\'''\''
export _CE_CONDA='\'''\''
export CONDA_PYTHON_EXE='\''/fast/users/szyskam_c/work/miniconda/bin/python'\'''
+++ export PATH=/fast/users/szyskam_c/work/miniconda/bin:/fast/users/szyskam_c/work/miniconda/condabin:/fast/users/szyskam_c/work/utils/myscripts/symlinx:/fast/users/szyskam_c/work/miniconda/bin:/fast/users/szyskam_c/.local/bin:/fast/users/szyskam_c/work/utils/cellranger-3.1.0:/usr/local/bin:/usr/bin:/usr/local/sbin:/usr/sbin:/opt/slurm/active/bin:/opt/slurm/active/sbin:/opt/slurm/active/bin:/opt/slurm/active/sbin
+++ PATH=/fast/users/szyskam_c/work/miniconda/bin:/fast/users/szyskam_c/work/miniconda/condabin:/fast/users/szyskam_c/work/utils/myscripts/symlinx:/fast/users/szyskam_c/work/miniconda/bin:/fast/users/szyskam_c/.local/bin:/fast/users/szyskam_c/work/utils/cellranger-3.1.0:/usr/local/bin:/usr/bin:/usr/local/sbin:/usr/sbin:/opt/slurm/active/bin:/opt/slurm/active/sbin:/opt/slurm/active/bin:/opt/slurm/active/sbin
+++ unset CONDA_PREFIX_1
+++ PS1='(base) '
+++ export CONDA_PREFIX=/fast/users/szyskam_c/work/miniconda
+++ CONDA_PREFIX=/fast/users/szyskam_c/work/miniconda
+++ export CONDA_SHLVL=1
+++ CONDA_SHLVL=1
+++ export CONDA_DEFAULT_ENV=base
+++ CONDA_DEFAULT_ENV=base
+++ export 'CONDA_PROMPT_MODIFIER=(base) '
+++ CONDA_PROMPT_MODIFIER='(base) '
+++ export CONDA_EXE=/fast/users/szyskam_c/work/miniconda/bin/conda
+++ CONDA_EXE=/fast/users/szyskam_c/work/miniconda/bin/conda
+++ export _CE_M=
+++ _CE_M=
+++ export _CE_CONDA=
+++ _CE_CONDA=
+++ export CONDA_PYTHON_EXE=/fast/users/szyskam_c/work/miniconda/bin/python
+++ CONDA_PYTHON_EXE=/fast/users/szyskam_c/work/miniconda/bin/python
++ '[' 0 '!=' 0 ']'
++ __conda_hashr
++ '[' -n '' ']'
++ '[' -n '' ']'
++ hash -r
+ conda activate snake-env
+ '[' 2 -lt 1 ']'
+ local cmd=activate
+ shift
+ case "$cmd" in
+ __conda_activate activate snake-env
+ '[' -n '' ']'
+ local cmd=activate
+ shift
+ local ask_conda
+ CONDA_INTERNAL_OLDPATH=/fast/users/szyskam_c/work/miniconda/bin:/fast/users/szyskam_c/work/miniconda/condabin:/fast/users/szyskam_c/work/utils/myscripts/symlinx:/fast/users/szyskam_c/work/miniconda/bin:/fast/users/szyskam_c/.local/bin:/fast/users/szyskam_c/work/utils/cellranger-3.1.0:/usr/local/bin:/usr/bin:/usr/local/sbin:/usr/sbin:/opt/slurm/active/bin:/opt/slurm/active/sbin:/opt/slurm/active/bin:/opt/slurm/active/sbin
+ __add_sys_prefix_to_path
+ '[' -n '' ']'
++ dirname /fast/users/szyskam_c/work/miniconda/bin/conda
+ SYSP=/fast/users/szyskam_c/work/miniconda/bin
++ dirname /fast/users/szyskam_c/work/miniconda/bin
+ SYSP=/fast/users/szyskam_c/work/miniconda
+ '[' -n '' ']'
+ PATH=/fast/users/szyskam_c/work/miniconda/bin:/fast/users/szyskam_c/work/miniconda/bin:/fast/users/szyskam_c/work/miniconda/condabin:/fast/users/szyskam_c/work/utils/myscripts/symlinx:/fast/users/szyskam_c/work/miniconda/bin:/fast/users/szyskam_c/.local/bin:/fast/users/szyskam_c/work/utils/cellranger-3.1.0:/usr/local/bin:/usr/bin:/usr/local/sbin:/usr/sbin:/opt/slurm/active/bin:/opt/slurm/active/sbin:/opt/slurm/active/bin:/opt/slurm/active/sbin
+ export PATH
++ PS1='(base) '
++ /fast/users/szyskam_c/work/miniconda/bin/conda shell.posix activate snake-env
+ ask_conda='PS1='\''(snake-env) '\''
export PATH='\''/fast/users/szyskam_c/work/miniconda/envs/snake-env/bin:/fast/users/szyskam_c/work/miniconda/condabin:/fast/users/szyskam_c/work/utils/myscripts/symlinx:/fast/users/szyskam_c/work/miniconda/bin:/fast/users/szyskam_c/.local/bin:/fast/users/szyskam_c/work/utils/cellranger-3.1.0:/usr/local/bin:/usr/bin:/usr/local/sbin:/usr/sbin:/opt/slurm/active/bin:/opt/slurm/active/sbin:/opt/slurm/active/bin:/opt/slurm/active/sbin'\''
export CONDA_PREFIX='\''/fast/users/szyskam_c/work/miniconda/envs/snake-env'\''
export CONDA_SHLVL='\''2'\''
export CONDA_DEFAULT_ENV='\''snake-env'\''
export CONDA_PROMPT_MODIFIER='\''(snake-env) '\''
export CONDA_EXE='\''/fast/users/szyskam_c/work/miniconda/bin/conda'\''
export _CE_M='\'''\''
export _CE_CONDA='\'''\''
export CONDA_PYTHON_EXE='\''/fast/users/szyskam_c/work/miniconda/bin/python'\''
export CONDA_PREFIX_1='\''/fast/users/szyskam_c/work/miniconda'\'''
+ rc=0
+ PATH=/fast/users/szyskam_c/work/miniconda/bin:/fast/users/szyskam_c/work/miniconda/condabin:/fast/users/szyskam_c/work/utils/myscripts/symlinx:/fast/users/szyskam_c/work/miniconda/bin:/fast/users/szyskam_c/.local/bin:/fast/users/szyskam_c/work/utils/cellranger-3.1.0:/usr/local/bin:/usr/bin:/usr/local/sbin:/usr/sbin:/opt/slurm/active/bin:/opt/slurm/active/sbin:/opt/slurm/active/bin:/opt/slurm/active/sbin
+ eval 'PS1='\''(snake-env) '\''
export PATH='\''/fast/users/szyskam_c/work/miniconda/envs/snake-env/bin:/fast/users/szyskam_c/work/miniconda/condabin:/fast/users/szyskam_c/work/utils/myscripts/symlinx:/fast/users/szyskam_c/work/miniconda/bin:/fast/users/szyskam_c/.local/bin:/fast/users/szyskam_c/work/utils/cellranger-3.1.0:/usr/local/bin:/usr/bin:/usr/local/sbin:/usr/sbin:/opt/slurm/active/bin:/opt/slurm/active/sbin:/opt/slurm/active/bin:/opt/slurm/active/sbin'\''
export CONDA_PREFIX='\''/fast/users/szyskam_c/work/miniconda/envs/snake-env'\''
export CONDA_SHLVL='\''2'\''
export CONDA_DEFAULT_ENV='\''snake-env'\''
export CONDA_PROMPT_MODIFIER='\''(snake-env) '\''
export CONDA_EXE='\''/fast/users/szyskam_c/work/miniconda/bin/conda'\''
export _CE_M='\'''\''
export _CE_CONDA='\'''\''
export CONDA_PYTHON_EXE='\''/fast/users/szyskam_c/work/miniconda/bin/python'\''
export CONDA_PREFIX_1='\''/fast/users/szyskam_c/work/miniconda'\'''
++ PS1='(snake-env) '
++ export PATH=/fast/users/szyskam_c/work/miniconda/envs/snake-env/bin:/fast/users/szyskam_c/work/miniconda/condabin:/fast/users/szyskam_c/work/utils/myscripts/symlinx:/fast/users/szyskam_c/work/miniconda/bin:/fast/users/szyskam_c/.local/bin:/fast/users/szyskam_c/work/utils/cellranger-3.1.0:/usr/local/bin:/usr/bin:/usr/local/sbin:/usr/sbin:/opt/slurm/active/bin:/opt/slurm/active/sbin:/opt/slurm/active/bin:/opt/slurm/active/sbin
++ PATH=/fast/users/szyskam_c/work/miniconda/envs/snake-env/bin:/fast/users/szyskam_c/work/miniconda/condabin:/fast/users/szyskam_c/work/utils/myscripts/symlinx:/fast/users/szyskam_c/work/miniconda/bin:/fast/users/szyskam_c/.local/bin:/fast/users/szyskam_c/work/utils/cellranger-3.1.0:/usr/local/bin:/usr/bin:/usr/local/sbin:/usr/sbin:/opt/slurm/active/bin:/opt/slurm/active/sbin:/opt/slurm/active/bin:/opt/slurm/active/sbin
++ export CONDA_PREFIX=/fast/users/szyskam_c/work/miniconda/envs/snake-env
++ CONDA_PREFIX=/fast/users/szyskam_c/work/miniconda/envs/snake-env
++ export CONDA_SHLVL=2
++ CONDA_SHLVL=2
++ export CONDA_DEFAULT_ENV=snake-env
++ CONDA_DEFAULT_ENV=snake-env
++ export 'CONDA_PROMPT_MODIFIER=(snake-env) '
++ CONDA_PROMPT_MODIFIER='(snake-env) '
++ export CONDA_EXE=/fast/users/szyskam_c/work/miniconda/bin/conda
++ CONDA_EXE=/fast/users/szyskam_c/work/miniconda/bin/conda
++ export _CE_M=
++ _CE_M=
++ export _CE_CONDA=
++ _CE_CONDA=
++ export CONDA_PYTHON_EXE=/fast/users/szyskam_c/work/miniconda/bin/python
++ CONDA_PYTHON_EXE=/fast/users/szyskam_c/work/miniconda/bin/python
++ export CONDA_PREFIX_1=/fast/users/szyskam_c/work/miniconda
++ CONDA_PREFIX_1=/fast/users/szyskam_c/work/miniconda
+ '[' 0 '!=' 0 ']'
+ __conda_hashr
+ '[' -n '' ']'
+ '[' -n '' ']'
+ hash -r
+ echo /fast/users/szyskam_c/work/miniconda/envs/snake-env activated
/fast/users/szyskam_c/work/miniconda/envs/snake-env activated
+ DRMAA=' -p {cluster.partition} -t {cluster.t} --mem-per-cpu={cluster.mem} -J {cluster.name} --nodes={cluster.nodes} -n {cluster.threads}'
+ DRMAA=' -p {cluster.partition} -t {cluster.t} --mem-per-cpu={cluster.mem} -J {cluster.name} --nodes={cluster.nodes} -n {cluster.threads} -o /fast/users/szyskam_c/snakes/develop/bam2fastq/slogs/bam2fastqGDC-124046/{rule}-%j.log'
+ snakemake --unlock -s SnakefileRerun --rerun-incomplete
Error: Snakefile "SnakefileRerun" not found.
+ snakemake --dag
+ dot -Tsvg
+ awk '$0 ~ "digraph" {p=1} p'
/var/spool/slurmd/job124046/slurm_script: line 46: dax/dag.svg: No such file or directory
Building DAG of jobs...
+ snakemake --use-conda --rerun-incomplete --cluster-config cluster.json --drmaa ' -p {cluster.partition} -t {cluster.t} --mem-per-cpu={cluster.mem} -J {cluster.name} --nodes={cluster.nodes} -n {cluster.threads} -o /fast/users/szyskam_c/snakes/develop/bam2fastq/slogs/bam2fastqGDC-124046/{rule}-%j.log' -prk -j 1000
Building DAG of jobs...
Using shell: /usr/bin/bash
Provided cluster nodes: 1000
Job counts:
	count	jobs
	1	all
	6	bam2fastq
	7
Select jobs to execute...

[Tue Dec  8 12:02:15 2020]
rule bam2fastq:
    input: /fast/users/szyskam_c/work/NGSData/GDC/orgbam/2935-03A-01W-0745-08.14.bam
    output: fastq/2935_A4_R1.fastq.gz, fastq/2935_A4_R2.fastq.gz
    jobid: 34
    reason: Missing output files: fastq/2935_A4_R1.fastq.gz, fastq/2935_A4_R2.fastq.gz
    wildcards: sample=2935_A4
    threads: 20

picard -Xmx60G SamToFastq use_jdk_deflater=true use_jdk_inflater=true I=/fast/users/szyskam_c/work/NGSData/GDC/orgbam/2935-03A-01W-0745-08.14.bam F=>(gzip > fastq/2935_A4_R1.fastq.gz) F2=>(gzip > fastq/2935_A4_R2.fastq.gz) NON_PF=TRUE VALIDATION_STRINGENCY=LENIENT TMP_DIR=$TMPDIR
Submitted DRMAA job 34 with external jobid 124065.

[Tue Dec  8 12:02:15 2020]
rule bam2fastq:
    input: /fast/users/szyskam_c/work/NGSData/GDC/orgbam/2941-03A-01W-0745-08.14.bam
    output: fastq/2941_A4_R1.fastq.gz, fastq/2941_A4_R2.fastq.gz
    jobid: 36
    reason: Missing output files: fastq/2941_A4_R1.fastq.gz, fastq/2941_A4_R2.fastq.gz
    wildcards: sample=2941_A4
    threads: 20

picard -Xmx60G SamToFastq use_jdk_deflater=true use_jdk_inflater=true I=/fast/users/szyskam_c/work/NGSData/GDC/orgbam/2941-03A-01W-0745-08.14.bam F=>(gzip > fastq/2941_A4_R1.fastq.gz) F2=>(gzip > fastq/2941_A4_R2.fastq.gz) NON_PF=TRUE VALIDATION_STRINGENCY=LENIENT TMP_DIR=$TMPDIR
Submitted DRMAA job 36 with external jobid 124066.

[Tue Dec  8 12:02:15 2020]
rule bam2fastq:
    input: /fast/users/szyskam_c/work/NGSData/GDC/orgbam/2928-03A-01W-0745-08.8.bam
    output: fastq/2928_A_R1.fastq.gz, fastq/2928_A_R2.fastq.gz
    jobid: 30
    reason: Missing output files: fastq/2928_A_R2.fastq.gz, fastq/2928_A_R1.fastq.gz
    wildcards: sample=2928_A
    threads: 20

picard -Xmx60G SamToFastq use_jdk_deflater=true use_jdk_inflater=true I=/fast/users/szyskam_c/work/NGSData/GDC/orgbam/2928-03A-01W-0745-08.8.bam F=>(gzip > fastq/2928_A_R1.fastq.gz) F2=>(gzip > fastq/2928_A_R2.fastq.gz) NON_PF=TRUE VALIDATION_STRINGENCY=LENIENT TMP_DIR=$TMPDIR
Submitted DRMAA job 30 with external jobid 124067.

[Tue Dec  8 12:02:15 2020]
rule bam2fastq:
    input: /fast/users/szyskam_c/work/NGSData/GDC/orgbam/2928-11A-01W-0745-08.8.bam
    output: fastq/2928_B_R1.fastq.gz, fastq/2928_B_R2.fastq.gz
    jobid: 31
    reason: Missing output files: fastq/2928_B_R1.fastq.gz, fastq/2928_B_R2.fastq.gz
    wildcards: sample=2928_B
    threads: 20

picard -Xmx60G SamToFastq use_jdk_deflater=true use_jdk_inflater=true I=/fast/users/szyskam_c/work/NGSData/GDC/orgbam/2928-11A-01W-0745-08.8.bam F=>(gzip > fastq/2928_B_R1.fastq.gz) F2=>(gzip > fastq/2928_B_R2.fastq.gz) NON_PF=TRUE VALIDATION_STRINGENCY=LENIENT TMP_DIR=$TMPDIR
Submitted DRMAA job 31 with external jobid 124068.

[Tue Dec  8 12:02:15 2020]
rule bam2fastq:
    input: /fast/users/szyskam_c/work/NGSData/GDC/orgbam/2935-11A-01W-0745-08.9.bam
    output: fastq/2935_B_R1.fastq.gz, fastq/2935_B_R2.fastq.gz
    jobid: 35
    reason: Missing output files: fastq/2935_B_R1.fastq.gz, fastq/2935_B_R2.fastq.gz
    wildcards: sample=2935_B
    threads: 20

picard -Xmx60G SamToFastq use_jdk_deflater=true use_jdk_inflater=true I=/fast/users/szyskam_c/work/NGSData/GDC/orgbam/2935-11A-01W-0745-08.9.bam F=>(gzip > fastq/2935_B_R1.fastq.gz) F2=>(gzip > fastq/2935_B_R2.fastq.gz) NON_PF=TRUE VALIDATION_STRINGENCY=LENIENT TMP_DIR=$TMPDIR
Submitted DRMAA job 35 with external jobid 124069.

[Tue Dec  8 12:02:15 2020]
rule bam2fastq:
    input: /fast/users/szyskam_c/work/NGSData/GDC/orgbam/2941-11A-01W-0745-08.8.bam
    output: fastq/2941_B_R1.fastq.gz, fastq/2941_B_R2.fastq.gz
    jobid: 37
    reason: Missing output files: fastq/2941_B_R1.fastq.gz, fastq/2941_B_R2.fastq.gz
    wildcards: sample=2941_B
    threads: 20

picard -Xmx60G SamToFastq use_jdk_deflater=true use_jdk_inflater=true I=/fast/users/szyskam_c/work/NGSData/GDC/orgbam/2941-11A-01W-0745-08.8.bam F=>(gzip > fastq/2941_B_R1.fastq.gz) F2=>(gzip > fastq/2941_B_R2.fastq.gz) NON_PF=TRUE VALIDATION_STRINGENCY=LENIENT TMP_DIR=$TMPDIR
Submitted DRMAA job 37 with external jobid 124070.
