+ unset DRMAA_LIBRARY_PATH
+++ which conda
++ /fast/users/szyskam_c/work/miniconda/condabin/conda shell.bash hook
+ eval 'export CONDA_EXE='\''/fast/users/szyskam_c/work/miniconda/bin/conda'\''
export _CE_M='\'''\''
export _CE_CONDA='\'''\''
export CONDA_PYTHON_EXE='\''/fast/users/szyskam_c/work/miniconda/bin/python'\''

# Copyright (C) 2012 Anaconda, Inc
# SPDX-License-Identifier: BSD-3-Clause

__add_sys_prefix_to_path() {
    # In dev-mode CONDA_EXE is python.exe and on Windows
    # it is in a different relative location to condabin.
    if [ -n "${_CE_CONDA}" ] && [ -n "${WINDIR+x}" ]; then
        SYSP=$(\dirname "${CONDA_EXE}")
    else
        SYSP=$(\dirname "${CONDA_EXE}")
        SYSP=$(\dirname "${SYSP}")
    fi

    if [ -n "${WINDIR+x}" ]; then
        PATH="${SYSP}/bin:${PATH}"
        PATH="${SYSP}/Scripts:${PATH}"
        PATH="${SYSP}/Library/bin:${PATH}"
        PATH="${SYSP}/Library/usr/bin:${PATH}"
        PATH="${SYSP}/Library/mingw-w64/bin:${PATH}"
        PATH="${SYSP}:${PATH}"
    else
        PATH="${SYSP}/bin:${PATH}"
    fi
    \export PATH
}

__conda_hashr() {
    if [ -n "${ZSH_VERSION:+x}" ]; then
        \rehash
    elif [ -n "${POSH_VERSION:+x}" ]; then
        :  # pass
    else
        \hash -r
    fi
}

__conda_activate() {
    if [ -n "${CONDA_PS1_BACKUP:+x}" ]; then
        # Handle transition from shell activated with conda <= 4.3 to a subsequent activation
        # after conda updated to >= 4.4. See issue #6173.
        PS1="$CONDA_PS1_BACKUP"
        \unset CONDA_PS1_BACKUP
    fi

    \local cmd="$1"
    shift
    \local ask_conda
    CONDA_INTERNAL_OLDPATH="${PATH}"
    __add_sys_prefix_to_path
    ask_conda="$(PS1="$PS1" "$CONDA_EXE" $_CE_M $_CE_CONDA shell.posix "$cmd" "$@")" || \return $?
    rc=$?
    PATH="${CONDA_INTERNAL_OLDPATH}"
    \eval "$ask_conda"
    if [ $rc != 0 ]; then
        \export PATH
    fi
    __conda_hashr
}

__conda_reactivate() {
    \local ask_conda
    CONDA_INTERNAL_OLDPATH="${PATH}"
    __add_sys_prefix_to_path
    ask_conda="$(PS1="$PS1" "$CONDA_EXE" $_CE_M $_CE_CONDA shell.posix reactivate)" || \return $?
    PATH="${CONDA_INTERNAL_OLDPATH}"
    \eval "$ask_conda"
    __conda_hashr
}

conda() {
    if [ "$#" -lt 1 ]; then
        "$CONDA_EXE" $_CE_M $_CE_CONDA
    else
        \local cmd="$1"
        shift
        case "$cmd" in
            activate|deactivate)
                __conda_activate "$cmd" "$@"
                ;;
            install|update|upgrade|remove|uninstall)
                CONDA_INTERNAL_OLDPATH="${PATH}"
                __add_sys_prefix_to_path
                "$CONDA_EXE" $_CE_M $_CE_CONDA "$cmd" "$@"
                \local t1=$?
                PATH="${CONDA_INTERNAL_OLDPATH}"
                if [ $t1 = 0 ]; then
                    __conda_reactivate
                else
                    return $t1
                fi
                ;;
            *)
                CONDA_INTERNAL_OLDPATH="${PATH}"
                __add_sys_prefix_to_path
                "$CONDA_EXE" $_CE_M $_CE_CONDA "$cmd" "$@"
                \local t1=$?
                PATH="${CONDA_INTERNAL_OLDPATH}"
                return $t1
                ;;
        esac
    fi
}

if [ -z "${CONDA_SHLVL+x}" ]; then
    \export CONDA_SHLVL=0
    # In dev-mode CONDA_EXE is python.exe and on Windows
    # it is in a different relative location to condabin.
    if [ -n "${_CE_CONDA+x}" ] && [ -n "${WINDIR+x}" ]; then
        PATH="$(\dirname "$CONDA_EXE")/condabin${PATH:+":${PATH}"}"
    else
        PATH="$(\dirname "$(\dirname "$CONDA_EXE")")/condabin${PATH:+":${PATH}"}"
    fi
    \export PATH

    # We'\''re not allowing PS1 to be unbound. It must at least be set.
    # However, we'\''re not exporting it, which can cause problems when starting a second shell
    # via a first shell (i.e. starting zsh from bash).
    if [ -z "${PS1+x}" ]; then
        PS1=
    fi
fi

conda activate base'
++ export CONDA_EXE=/fast/users/szyskam_c/work/miniconda/bin/conda
++ CONDA_EXE=/fast/users/szyskam_c/work/miniconda/bin/conda
++ export _CE_M=
++ _CE_M=
++ export _CE_CONDA=
++ _CE_CONDA=
++ export CONDA_PYTHON_EXE=/fast/users/szyskam_c/work/miniconda/bin/python
++ CONDA_PYTHON_EXE=/fast/users/szyskam_c/work/miniconda/bin/python
++ '[' -z x ']'
++ conda activate base
++ '[' 2 -lt 1 ']'
++ local cmd=activate
++ shift
++ case "$cmd" in
++ __conda_activate activate base
++ '[' -n '' ']'
++ local cmd=activate
++ shift
++ local ask_conda
++ CONDA_INTERNAL_OLDPATH=/fast/users/szyskam_c/work/miniconda/envs/snake-env/bin:/fast/users/szyskam_c/work/miniconda/condabin:/fast/users/szyskam_c/work/utils/myscripts/symlinx:/fast/users/szyskam_c/work/miniconda/bin:/fast/users/szyskam_c/.local/bin:/fast/users/szyskam_c/work/utils/cellranger-3.1.0:/usr/local/bin:/usr/bin:/usr/local/sbin:/usr/sbin:/opt/slurm/active/bin:/opt/slurm/active/sbin:/opt/slurm/active/bin:/opt/slurm/active/sbin
++ __add_sys_prefix_to_path
++ '[' -n '' ']'
+++ dirname /fast/users/szyskam_c/work/miniconda/bin/conda
++ SYSP=/fast/users/szyskam_c/work/miniconda/bin
+++ dirname /fast/users/szyskam_c/work/miniconda/bin
++ SYSP=/fast/users/szyskam_c/work/miniconda
++ '[' -n '' ']'
++ PATH=/fast/users/szyskam_c/work/miniconda/bin:/fast/users/szyskam_c/work/miniconda/envs/snake-env/bin:/fast/users/szyskam_c/work/miniconda/condabin:/fast/users/szyskam_c/work/utils/myscripts/symlinx:/fast/users/szyskam_c/work/miniconda/bin:/fast/users/szyskam_c/.local/bin:/fast/users/szyskam_c/work/utils/cellranger-3.1.0:/usr/local/bin:/usr/bin:/usr/local/sbin:/usr/sbin:/opt/slurm/active/bin:/opt/slurm/active/sbin:/opt/slurm/active/bin:/opt/slurm/active/sbin
++ export PATH
+++ PS1=
+++ /fast/users/szyskam_c/work/miniconda/bin/conda shell.posix activate base
++ ask_conda='export PATH='\''/fast/users/szyskam_c/work/miniconda/bin:/fast/users/szyskam_c/work/miniconda/condabin:/fast/users/szyskam_c/work/utils/myscripts/symlinx:/fast/users/szyskam_c/work/miniconda/bin:/fast/users/szyskam_c/.local/bin:/fast/users/szyskam_c/work/utils/cellranger-3.1.0:/usr/local/bin:/usr/bin:/usr/local/sbin:/usr/sbin:/opt/slurm/active/bin:/opt/slurm/active/sbin:/opt/slurm/active/bin:/opt/slurm/active/sbin'\''
unset CONDA_PREFIX_1
PS1='\''(base) '\''
export CONDA_PREFIX='\''/fast/users/szyskam_c/work/miniconda'\''
export CONDA_SHLVL='\''1'\''
export CONDA_DEFAULT_ENV='\''base'\''
export CONDA_PROMPT_MODIFIER='\''(base) '\''
export CONDA_EXE='\''/fast/users/szyskam_c/work/miniconda/bin/conda'\''
export _CE_M='\'''\''
export _CE_CONDA='\'''\''
export CONDA_PYTHON_EXE='\''/fast/users/szyskam_c/work/miniconda/bin/python'\'''
++ rc=0
++ PATH=/fast/users/szyskam_c/work/miniconda/envs/snake-env/bin:/fast/users/szyskam_c/work/miniconda/condabin:/fast/users/szyskam_c/work/utils/myscripts/symlinx:/fast/users/szyskam_c/work/miniconda/bin:/fast/users/szyskam_c/.local/bin:/fast/users/szyskam_c/work/utils/cellranger-3.1.0:/usr/local/bin:/usr/bin:/usr/local/sbin:/usr/sbin:/opt/slurm/active/bin:/opt/slurm/active/sbin:/opt/slurm/active/bin:/opt/slurm/active/sbin
++ eval 'export PATH='\''/fast/users/szyskam_c/work/miniconda/bin:/fast/users/szyskam_c/work/miniconda/condabin:/fast/users/szyskam_c/work/utils/myscripts/symlinx:/fast/users/szyskam_c/work/miniconda/bin:/fast/users/szyskam_c/.local/bin:/fast/users/szyskam_c/work/utils/cellranger-3.1.0:/usr/local/bin:/usr/bin:/usr/local/sbin:/usr/sbin:/opt/slurm/active/bin:/opt/slurm/active/sbin:/opt/slurm/active/bin:/opt/slurm/active/sbin'\''
unset CONDA_PREFIX_1
PS1='\''(base) '\''
export CONDA_PREFIX='\''/fast/users/szyskam_c/work/miniconda'\''
export CONDA_SHLVL='\''1'\''
export CONDA_DEFAULT_ENV='\''base'\''
export CONDA_PROMPT_MODIFIER='\''(base) '\''
export CONDA_EXE='\''/fast/users/szyskam_c/work/miniconda/bin/conda'\''
export _CE_M='\'''\''
export _CE_CONDA='\'''\''
export CONDA_PYTHON_EXE='\''/fast/users/szyskam_c/work/miniconda/bin/python'\'''
+++ export PATH=/fast/users/szyskam_c/work/miniconda/bin:/fast/users/szyskam_c/work/miniconda/condabin:/fast/users/szyskam_c/work/utils/myscripts/symlinx:/fast/users/szyskam_c/work/miniconda/bin:/fast/users/szyskam_c/.local/bin:/fast/users/szyskam_c/work/utils/cellranger-3.1.0:/usr/local/bin:/usr/bin:/usr/local/sbin:/usr/sbin:/opt/slurm/active/bin:/opt/slurm/active/sbin:/opt/slurm/active/bin:/opt/slurm/active/sbin
+++ PATH=/fast/users/szyskam_c/work/miniconda/bin:/fast/users/szyskam_c/work/miniconda/condabin:/fast/users/szyskam_c/work/utils/myscripts/symlinx:/fast/users/szyskam_c/work/miniconda/bin:/fast/users/szyskam_c/.local/bin:/fast/users/szyskam_c/work/utils/cellranger-3.1.0:/usr/local/bin:/usr/bin:/usr/local/sbin:/usr/sbin:/opt/slurm/active/bin:/opt/slurm/active/sbin:/opt/slurm/active/bin:/opt/slurm/active/sbin
+++ unset CONDA_PREFIX_1
+++ PS1='(base) '
+++ export CONDA_PREFIX=/fast/users/szyskam_c/work/miniconda
+++ CONDA_PREFIX=/fast/users/szyskam_c/work/miniconda
+++ export CONDA_SHLVL=1
+++ CONDA_SHLVL=1
+++ export CONDA_DEFAULT_ENV=base
+++ CONDA_DEFAULT_ENV=base
+++ export 'CONDA_PROMPT_MODIFIER=(base) '
+++ CONDA_PROMPT_MODIFIER='(base) '
+++ export CONDA_EXE=/fast/users/szyskam_c/work/miniconda/bin/conda
+++ CONDA_EXE=/fast/users/szyskam_c/work/miniconda/bin/conda
+++ export _CE_M=
+++ _CE_M=
+++ export _CE_CONDA=
+++ _CE_CONDA=
+++ export CONDA_PYTHON_EXE=/fast/users/szyskam_c/work/miniconda/bin/python
+++ CONDA_PYTHON_EXE=/fast/users/szyskam_c/work/miniconda/bin/python
++ '[' 0 '!=' 0 ']'
++ __conda_hashr
++ '[' -n '' ']'
++ '[' -n '' ']'
++ hash -r
+ conda activate snake-env
+ '[' 2 -lt 1 ']'
+ local cmd=activate
+ shift
+ case "$cmd" in
+ __conda_activate activate snake-env
+ '[' -n '' ']'
+ local cmd=activate
+ shift
+ local ask_conda
+ CONDA_INTERNAL_OLDPATH=/fast/users/szyskam_c/work/miniconda/bin:/fast/users/szyskam_c/work/miniconda/condabin:/fast/users/szyskam_c/work/utils/myscripts/symlinx:/fast/users/szyskam_c/work/miniconda/bin:/fast/users/szyskam_c/.local/bin:/fast/users/szyskam_c/work/utils/cellranger-3.1.0:/usr/local/bin:/usr/bin:/usr/local/sbin:/usr/sbin:/opt/slurm/active/bin:/opt/slurm/active/sbin:/opt/slurm/active/bin:/opt/slurm/active/sbin
+ __add_sys_prefix_to_path
+ '[' -n '' ']'
++ dirname /fast/users/szyskam_c/work/miniconda/bin/conda
+ SYSP=/fast/users/szyskam_c/work/miniconda/bin
++ dirname /fast/users/szyskam_c/work/miniconda/bin
+ SYSP=/fast/users/szyskam_c/work/miniconda
+ '[' -n '' ']'
+ PATH=/fast/users/szyskam_c/work/miniconda/bin:/fast/users/szyskam_c/work/miniconda/bin:/fast/users/szyskam_c/work/miniconda/condabin:/fast/users/szyskam_c/work/utils/myscripts/symlinx:/fast/users/szyskam_c/work/miniconda/bin:/fast/users/szyskam_c/.local/bin:/fast/users/szyskam_c/work/utils/cellranger-3.1.0:/usr/local/bin:/usr/bin:/usr/local/sbin:/usr/sbin:/opt/slurm/active/bin:/opt/slurm/active/sbin:/opt/slurm/active/bin:/opt/slurm/active/sbin
+ export PATH
++ PS1='(base) '
++ /fast/users/szyskam_c/work/miniconda/bin/conda shell.posix activate snake-env
+ ask_conda='PS1='\''(snake-env) '\''
export PATH='\''/fast/users/szyskam_c/work/miniconda/envs/snake-env/bin:/fast/users/szyskam_c/work/miniconda/condabin:/fast/users/szyskam_c/work/utils/myscripts/symlinx:/fast/users/szyskam_c/work/miniconda/bin:/fast/users/szyskam_c/.local/bin:/fast/users/szyskam_c/work/utils/cellranger-3.1.0:/usr/local/bin:/usr/bin:/usr/local/sbin:/usr/sbin:/opt/slurm/active/bin:/opt/slurm/active/sbin:/opt/slurm/active/bin:/opt/slurm/active/sbin'\''
export CONDA_PREFIX='\''/fast/users/szyskam_c/work/miniconda/envs/snake-env'\''
export CONDA_SHLVL='\''2'\''
export CONDA_DEFAULT_ENV='\''snake-env'\''
export CONDA_PROMPT_MODIFIER='\''(snake-env) '\''
export CONDA_EXE='\''/fast/users/szyskam_c/work/miniconda/bin/conda'\''
export _CE_M='\'''\''
export _CE_CONDA='\'''\''
export CONDA_PYTHON_EXE='\''/fast/users/szyskam_c/work/miniconda/bin/python'\''
export CONDA_PREFIX_1='\''/fast/users/szyskam_c/work/miniconda'\'''
+ rc=0
+ PATH=/fast/users/szyskam_c/work/miniconda/bin:/fast/users/szyskam_c/work/miniconda/condabin:/fast/users/szyskam_c/work/utils/myscripts/symlinx:/fast/users/szyskam_c/work/miniconda/bin:/fast/users/szyskam_c/.local/bin:/fast/users/szyskam_c/work/utils/cellranger-3.1.0:/usr/local/bin:/usr/bin:/usr/local/sbin:/usr/sbin:/opt/slurm/active/bin:/opt/slurm/active/sbin:/opt/slurm/active/bin:/opt/slurm/active/sbin
+ eval 'PS1='\''(snake-env) '\''
export PATH='\''/fast/users/szyskam_c/work/miniconda/envs/snake-env/bin:/fast/users/szyskam_c/work/miniconda/condabin:/fast/users/szyskam_c/work/utils/myscripts/symlinx:/fast/users/szyskam_c/work/miniconda/bin:/fast/users/szyskam_c/.local/bin:/fast/users/szyskam_c/work/utils/cellranger-3.1.0:/usr/local/bin:/usr/bin:/usr/local/sbin:/usr/sbin:/opt/slurm/active/bin:/opt/slurm/active/sbin:/opt/slurm/active/bin:/opt/slurm/active/sbin'\''
export CONDA_PREFIX='\''/fast/users/szyskam_c/work/miniconda/envs/snake-env'\''
export CONDA_SHLVL='\''2'\''
export CONDA_DEFAULT_ENV='\''snake-env'\''
export CONDA_PROMPT_MODIFIER='\''(snake-env) '\''
export CONDA_EXE='\''/fast/users/szyskam_c/work/miniconda/bin/conda'\''
export _CE_M='\'''\''
export _CE_CONDA='\'''\''
export CONDA_PYTHON_EXE='\''/fast/users/szyskam_c/work/miniconda/bin/python'\''
export CONDA_PREFIX_1='\''/fast/users/szyskam_c/work/miniconda'\'''
++ PS1='(snake-env) '
++ export PATH=/fast/users/szyskam_c/work/miniconda/envs/snake-env/bin:/fast/users/szyskam_c/work/miniconda/condabin:/fast/users/szyskam_c/work/utils/myscripts/symlinx:/fast/users/szyskam_c/work/miniconda/bin:/fast/users/szyskam_c/.local/bin:/fast/users/szyskam_c/work/utils/cellranger-3.1.0:/usr/local/bin:/usr/bin:/usr/local/sbin:/usr/sbin:/opt/slurm/active/bin:/opt/slurm/active/sbin:/opt/slurm/active/bin:/opt/slurm/active/sbin
++ PATH=/fast/users/szyskam_c/work/miniconda/envs/snake-env/bin:/fast/users/szyskam_c/work/miniconda/condabin:/fast/users/szyskam_c/work/utils/myscripts/symlinx:/fast/users/szyskam_c/work/miniconda/bin:/fast/users/szyskam_c/.local/bin:/fast/users/szyskam_c/work/utils/cellranger-3.1.0:/usr/local/bin:/usr/bin:/usr/local/sbin:/usr/sbin:/opt/slurm/active/bin:/opt/slurm/active/sbin:/opt/slurm/active/bin:/opt/slurm/active/sbin
++ export CONDA_PREFIX=/fast/users/szyskam_c/work/miniconda/envs/snake-env
++ CONDA_PREFIX=/fast/users/szyskam_c/work/miniconda/envs/snake-env
++ export CONDA_SHLVL=2
++ CONDA_SHLVL=2
++ export CONDA_DEFAULT_ENV=snake-env
++ CONDA_DEFAULT_ENV=snake-env
++ export 'CONDA_PROMPT_MODIFIER=(snake-env) '
++ CONDA_PROMPT_MODIFIER='(snake-env) '
++ export CONDA_EXE=/fast/users/szyskam_c/work/miniconda/bin/conda
++ CONDA_EXE=/fast/users/szyskam_c/work/miniconda/bin/conda
++ export _CE_M=
++ _CE_M=
++ export _CE_CONDA=
++ _CE_CONDA=
++ export CONDA_PYTHON_EXE=/fast/users/szyskam_c/work/miniconda/bin/python
++ CONDA_PYTHON_EXE=/fast/users/szyskam_c/work/miniconda/bin/python
++ export CONDA_PREFIX_1=/fast/users/szyskam_c/work/miniconda
++ CONDA_PREFIX_1=/fast/users/szyskam_c/work/miniconda
+ '[' 0 '!=' 0 ']'
+ __conda_hashr
+ '[' -n '' ']'
+ '[' -n '' ']'
+ hash -r
+ echo /fast/users/szyskam_c/work/miniconda/envs/snake-env activated
/fast/users/szyskam_c/work/miniconda/envs/snake-env activated
+ DRMAA=' -p {cluster.partition} -t {cluster.t} --mem-per-cpu={cluster.mem} -J {cluster.name} --nodes={cluster.nodes} -n {cluster.threads}'
+ DRMAA=' -p {cluster.partition} -t {cluster.t} --mem-per-cpu={cluster.mem} -J {cluster.name} --nodes={cluster.nodes} -n {cluster.threads} -o /fast/users/szyskam_c/snakes/develop/bam2fastq/slogs/bam2fastqGDC-121606/{rule}-%j.log'
+ snakemake --unlock -s SnakefileRerun --rerun-incomplete
Error: Snakefile "SnakefileRerun" not found.
+ snakemake --dag
+ dot -Tsvg
+ awk '$0 ~ "digraph" {p=1} p'
/var/spool/slurmd/job121606/slurm_script: line 46: dax/dag.svg: No such file or directory
Building DAG of jobs...
+ snakemake --use-conda --rerun-incomplete --cluster-config cluster.json --drmaa ' -p {cluster.partition} -t {cluster.t} --mem-per-cpu={cluster.mem} -J {cluster.name} --nodes={cluster.nodes} -n {cluster.threads} -o /fast/users/szyskam_c/snakes/develop/bam2fastq/slogs/bam2fastqGDC-121606/{rule}-%j.log' -prk -j 1000
Building DAG of jobs...
Using shell: /usr/bin/bash
Provided cluster nodes: 1000
Job counts:
	count	jobs
	1	all
	41	bam2fastq
	42
Select jobs to execute...

[Tue Dec  8 10:25:32 2020]
rule bam2fastq:
    input: /fast/users/szyskam_c/work/NGSData/GDC/orgbam/78-11A-01W-0732-08.7.bam
    output: fastq/2878_B_R1.fastq.gz, fastq/2878_B_R2.fastq.gz
    jobid: 17
    reason: Missing output files: fastq/2878_B_R2.fastq.gz, fastq/2878_B_R1.fastq.gz
    wildcards: sample=2878_B
    threads: 24

picard -Xmx70G SamToFastq use_jdk_deflater=true use_jdk_inflater=true I=/fast/users/szyskam_c/work/NGSData/GDC/orgbam/78-11A-01W-0732-08.7.bam F=>(gzip > fastq/2878_B_R1.fastq.gz) F2=>(gzip > fastq/2878_B_R2.fastq.gz) NON_PF=TRUE TMP_DIR=$TMPDIR
Submitted DRMAA job 17 with external jobid 121607.

[Tue Dec  8 10:25:33 2020]
rule bam2fastq:
    input: /fast/users/szyskam_c/work/NGSData/GDC/orgbam/94-03A-01W-0733-08.3.bam
    output: fastq/2894_A_R1.fastq.gz, fastq/2894_A_R2.fastq.gz
    jobid: 24
    reason: Missing output files: fastq/2894_A_R1.fastq.gz, fastq/2894_A_R2.fastq.gz
    wildcards: sample=2894_A
    threads: 24

picard -Xmx70G SamToFastq use_jdk_deflater=true use_jdk_inflater=true I=/fast/users/szyskam_c/work/NGSData/GDC/orgbam/94-03A-01W-0733-08.3.bam F=>(gzip > fastq/2894_A_R1.fastq.gz) F2=>(gzip > fastq/2894_A_R2.fastq.gz) NON_PF=TRUE TMP_DIR=$TMPDIR
Submitted DRMAA job 24 with external jobid 121608.

[Tue Dec  8 10:25:33 2020]
rule bam2fastq:
    input: /fast/users/szyskam_c/work/NGSData/GDC/orgbam/3c3.bam
    output: fastq/3C3_R1.fastq.gz, fastq/3C3_R2.fastq.gz
    jobid: 2
    reason: Missing output files: fastq/3C3_R2.fastq.gz, fastq/3C3_R1.fastq.gz
    wildcards: sample=3C3
    threads: 24

picard -Xmx70G SamToFastq use_jdk_deflater=true use_jdk_inflater=true I=/fast/users/szyskam_c/work/NGSData/GDC/orgbam/3c3.bam F=>(gzip > fastq/3C3_R1.fastq.gz) F2=>(gzip > fastq/3C3_R2.fastq.gz) NON_PF=TRUE TMP_DIR=$TMPDIR
Submitted DRMAA job 2 with external jobid 121609.

[Tue Dec  8 10:25:33 2020]
rule bam2fastq:
    input: /fast/users/szyskam_c/work/NGSData/GDC/orgbam/47-11B-01W-0729-08.3.bam
    output: fastq/2847_B_R1.fastq.gz, fastq/2847_B_R2.fastq.gz
    jobid: 9
    reason: Missing output files: fastq/2847_B_R1.fastq.gz, fastq/2847_B_R2.fastq.gz
    wildcards: sample=2847_B
    threads: 24

picard -Xmx70G SamToFastq use_jdk_deflater=true use_jdk_inflater=true I=/fast/users/szyskam_c/work/NGSData/GDC/orgbam/47-11B-01W-0729-08.3.bam F=>(gzip > fastq/2847_B_R1.fastq.gz) F2=>(gzip > fastq/2847_B_R2.fastq.gz) NON_PF=TRUE TMP_DIR=$TMPDIR
Submitted DRMAA job 9 with external jobid 121610.

[Tue Dec  8 10:25:33 2020]
rule bam2fastq:
    input: /fast/users/szyskam_c/work/NGSData/GDC/orgbam/2929-03A-01W-0732-08.3.bam
    output: fastq/2929_A_R1.fastq.gz, fastq/2929_A_R2.fastq.gz
    jobid: 32
    reason: Missing output files: fastq/2929_A_R2.fastq.gz, fastq/2929_A_R1.fastq.gz
    wildcards: sample=2929_A
    threads: 24

picard -Xmx70G SamToFastq use_jdk_deflater=true use_jdk_inflater=true I=/fast/users/szyskam_c/work/NGSData/GDC/orgbam/2929-03A-01W-0732-08.3.bam F=>(gzip > fastq/2929_A_R1.fastq.gz) F2=>(gzip > fastq/2929_A_R2.fastq.gz) NON_PF=TRUE TMP_DIR=$TMPDIR
Submitted DRMAA job 32 with external jobid 121611.

[Tue Dec  8 10:25:33 2020]
rule bam2fastq:
    input: /fast/users/szyskam_c/work/NGSData/GDC/orgbam/2949-11A-01W-0732-08.4.bam
    output: fastq/2949_B_R1.fastq.gz, fastq/2949_B_R2.fastq.gz
    jobid: 39
    reason: Missing output files: fastq/2949_B_R2.fastq.gz, fastq/2949_B_R1.fastq.gz
    wildcards: sample=2949_B
    threads: 24

picard -Xmx70G SamToFastq use_jdk_deflater=true use_jdk_inflater=true I=/fast/users/szyskam_c/work/NGSData/GDC/orgbam/2949-11A-01W-0732-08.4.bam F=>(gzip > fastq/2949_B_R1.fastq.gz) F2=>(gzip > fastq/2949_B_R2.fastq.gz) NON_PF=TRUE TMP_DIR=$TMPDIR
Submitted DRMAA job 39 with external jobid 121612.

[Tue Dec  8 10:25:33 2020]
rule bam2fastq:
    input: /fast/users/szyskam_c/work/NGSData/GDC/orgbam/586.bam
    output: fastq/586A_R1.fastq.gz, fastq/586A_R2.fastq.gz
    jobid: 3
    reason: Missing output files: fastq/586A_R2.fastq.gz, fastq/586A_R1.fastq.gz
    wildcards: sample=586A
    threads: 24

picard -Xmx70G SamToFastq use_jdk_deflater=true use_jdk_inflater=true I=/fast/users/szyskam_c/work/NGSData/GDC/orgbam/586.bam F=>(gzip > fastq/586A_R1.fastq.gz) F2=>(gzip > fastq/586A_R2.fastq.gz) NON_PF=TRUE TMP_DIR=$TMPDIR
Submitted DRMAA job 3 with external jobid 121613.

[Tue Dec  8 10:25:33 2020]
rule bam2fastq:
    input: /fast/users/szyskam_c/work/NGSData/GDC/orgbam/57-03B-01W-0728-08.3.bam
    output: fastq/2857_A_R1.fastq.gz, fastq/2857_A_R2.fastq.gz
    jobid: 10
    reason: Missing output files: fastq/2857_A_R2.fastq.gz, fastq/2857_A_R1.fastq.gz
    wildcards: sample=2857_A
    threads: 24

picard -Xmx70G SamToFastq use_jdk_deflater=true use_jdk_inflater=true I=/fast/users/szyskam_c/work/NGSData/GDC/orgbam/57-03B-01W-0728-08.3.bam F=>(gzip > fastq/2857_A_R1.fastq.gz) F2=>(gzip > fastq/2857_A_R2.fastq.gz) NON_PF=TRUE TMP_DIR=$TMPDIR
Submitted DRMAA job 10 with external jobid 121614.

[Tue Dec  8 10:25:33 2020]
rule bam2fastq:
    input: /fast/users/szyskam_c/work/NGSData/GDC/orgbam/82-03A-01W-0732-08.2.bam
    output: fastq/2882_A_R1.fastq.gz, fastq/2882_A_R2.fastq.gz
    jobid: 18
    reason: Missing output files: fastq/2882_A_R2.fastq.gz, fastq/2882_A_R1.fastq.gz
    wildcards: sample=2882_A
    threads: 24

picard -Xmx70G SamToFastq use_jdk_deflater=true use_jdk_inflater=true I=/fast/users/szyskam_c/work/NGSData/GDC/orgbam/82-03A-01W-0732-08.2.bam F=>(gzip > fastq/2882_A_R1.fastq.gz) F2=>(gzip > fastq/2882_A_R2.fastq.gz) NON_PF=TRUE TMP_DIR=$TMPDIR
Submitted DRMAA job 18 with external jobid 121615.

[Tue Dec  8 10:25:33 2020]
rule bam2fastq:
    input: /fast/users/szyskam_c/work/NGSData/GDC/orgbam/94-11A-01W-0732-08.3.bam
    output: fastq/2894_B_R1.fastq.gz, fastq/2894_B_R2.fastq.gz
    jobid: 25
    reason: Missing output files: fastq/2894_B_R2.fastq.gz, fastq/2894_B_R1.fastq.gz
    wildcards: sample=2894_B
    threads: 24

picard -Xmx70G SamToFastq use_jdk_deflater=true use_jdk_inflater=true I=/fast/users/szyskam_c/work/NGSData/GDC/orgbam/94-11A-01W-0732-08.3.bam F=>(gzip > fastq/2894_B_R1.fastq.gz) F2=>(gzip > fastq/2894_B_R2.fastq.gz) NON_PF=TRUE TMP_DIR=$TMPDIR
Submitted DRMAA job 25 with external jobid 121616.

[Tue Dec  8 10:25:33 2020]
rule bam2fastq:
    input: /fast/users/szyskam_c/work/NGSData/GDC/orgbam/2929-11A-01W-0732-08.3.bam
    output: fastq/2929_B_R1.fastq.gz, fastq/2929_B_R2.fastq.gz
    jobid: 33
    reason: Missing output files: fastq/2929_B_R1.fastq.gz, fastq/2929_B_R2.fastq.gz
    wildcards: sample=2929_B
    threads: 24

picard -Xmx70G SamToFastq use_jdk_deflater=true use_jdk_inflater=true I=/fast/users/szyskam_c/work/NGSData/GDC/orgbam/2929-11A-01W-0732-08.3.bam F=>(gzip > fastq/2929_B_R1.fastq.gz) F2=>(gzip > fastq/2929_B_R2.fastq.gz) NON_PF=TRUE TMP_DIR=$TMPDIR
Submitted DRMAA job 33 with external jobid 121617.

[Tue Dec  8 10:25:33 2020]
rule bam2fastq:
    input: /fast/users/szyskam_c/work/NGSData/GDC/orgbam/2952-03A-01W-0733-08.4.bam
    output: fastq/2952_A_R1.fastq.gz, fastq/2952_A_R2.fastq.gz
    jobid: 40
    reason: Missing output files: fastq/2952_A_R1.fastq.gz, fastq/2952_A_R2.fastq.gz
    wildcards: sample=2952_A
    threads: 24

picard -Xmx70G SamToFastq use_jdk_deflater=true use_jdk_inflater=true I=/fast/users/szyskam_c/work/NGSData/GDC/orgbam/2952-03A-01W-0733-08.4.bam F=>(gzip > fastq/2952_A_R1.fastq.gz) F2=>(gzip > fastq/2952_A_R2.fastq.gz) NON_PF=TRUE TMP_DIR=$TMPDIR
Submitted DRMAA job 40 with external jobid 121618.

[Tue Dec  8 10:25:33 2020]
rule bam2fastq:
    input: /fast/users/szyskam_c/work/NGSData/GDC/orgbam/17-03B-01W-0728-08.3.bam
    output: fastq/2817_A_R1.fastq.gz, fastq/2817_A_R2.fastq.gz
    jobid: 4
    reason: Missing output files: fastq/2817_A_R2.fastq.gz, fastq/2817_A_R1.fastq.gz
    wildcards: sample=2817_A
    threads: 24

picard -Xmx70G SamToFastq use_jdk_deflater=true use_jdk_inflater=true I=/fast/users/szyskam_c/work/NGSData/GDC/orgbam/17-03B-01W-0728-08.3.bam F=>(gzip > fastq/2817_A_R1.fastq.gz) F2=>(gzip > fastq/2817_A_R2.fastq.gz) NON_PF=TRUE TMP_DIR=$TMPDIR
Submitted DRMAA job 4 with external jobid 121619.

[Tue Dec  8 10:25:33 2020]
rule bam2fastq:
    input: /fast/users/szyskam_c/work/NGSData/GDC/orgbam/57-11B-01W-0729-08.3.bam
    output: fastq/2857_B_R1.fastq.gz, fastq/2857_B_R2.fastq.gz
    jobid: 11
    reason: Missing output files: fastq/2857_B_R1.fastq.gz, fastq/2857_B_R2.fastq.gz
    wildcards: sample=2857_B
    threads: 24

picard -Xmx70G SamToFastq use_jdk_deflater=true use_jdk_inflater=true I=/fast/users/szyskam_c/work/NGSData/GDC/orgbam/57-11B-01W-0729-08.3.bam F=>(gzip > fastq/2857_B_R1.fastq.gz) F2=>(gzip > fastq/2857_B_R2.fastq.gz) NON_PF=TRUE TMP_DIR=$TMPDIR
Submitted DRMAA job 11 with external jobid 121620.

[Tue Dec  8 10:25:33 2020]
rule bam2fastq:
    input: /fast/users/szyskam_c/work/NGSData/GDC/orgbam/82-11A-01W-0732-08.3.bam
    output: fastq/2882_B_R1.fastq.gz, fastq/2882_B_R2.fastq.gz
    jobid: 19
    reason: Missing output files: fastq/2882_B_R2.fastq.gz, fastq/2882_B_R1.fastq.gz
    wildcards: sample=2882_B
    threads: 24

picard -Xmx70G SamToFastq use_jdk_deflater=true use_jdk_inflater=true I=/fast/users/szyskam_c/work/NGSData/GDC/orgbam/82-11A-01W-0732-08.3.bam F=>(gzip > fastq/2882_B_R1.fastq.gz) F2=>(gzip > fastq/2882_B_R2.fastq.gz) NON_PF=TRUE TMP_DIR=$TMPDIR
Submitted DRMAA job 19 with external jobid 121621.

[Tue Dec  8 10:25:33 2020]
rule bam2fastq:
    input: /fast/users/szyskam_c/work/NGSData/GDC/orgbam/2917-03A-01W-0732-08.5.bam
    output: fastq/2917_A_R1.fastq.gz, fastq/2917_A_R2.fastq.gz
    jobid: 26
    reason: Missing output files: fastq/2917_A_R1.fastq.gz, fastq/2917_A_R2.fastq.gz
    wildcards: sample=2917_A
    threads: 24

picard -Xmx70G SamToFastq use_jdk_deflater=true use_jdk_inflater=true I=/fast/users/szyskam_c/work/NGSData/GDC/orgbam/2917-03A-01W-0732-08.5.bam F=>(gzip > fastq/2917_A_R1.fastq.gz) F2=>(gzip > fastq/2917_A_R2.fastq.gz) NON_PF=TRUE TMP_DIR=$TMPDIR
Submitted DRMAA job 26 with external jobid 121622.

[Tue Dec  8 10:25:33 2020]
rule bam2fastq:
    input: /fast/users/szyskam_c/work/NGSData/GDC/orgbam/2952-11A-01W-0732-08.4.bam
    output: fastq/2952_B_R1.fastq.gz, fastq/2952_B_R2.fastq.gz
    jobid: 41
    reason: Missing output files: fastq/2952_B_R1.fastq.gz, fastq/2952_B_R2.fastq.gz
    wildcards: sample=2952_B
    threads: 24

picard -Xmx70G SamToFastq use_jdk_deflater=true use_jdk_inflater=true I=/fast/users/szyskam_c/work/NGSData/GDC/orgbam/2952-11A-01W-0732-08.4.bam F=>(gzip > fastq/2952_B_R1.fastq.gz) F2=>(gzip > fastq/2952_B_R2.fastq.gz) NON_PF=TRUE TMP_DIR=$TMPDIR
Submitted DRMAA job 41 with external jobid 121623.

[Tue Dec  8 10:25:33 2020]
rule bam2fastq:
    input: /fast/users/szyskam_c/work/NGSData/GDC/orgbam/2935-03A-01W-0745-08.14.bam
    output: fastq/2935_A4_R1.fastq.gz, fastq/2935_A4_R2.fastq.gz
    jobid: 34
    reason: Missing output files: fastq/2935_A4_R2.fastq.gz, fastq/2935_A4_R1.fastq.gz
    wildcards: sample=2935_A4
    threads: 24

picard -Xmx70G SamToFastq use_jdk_deflater=true use_jdk_inflater=true I=/fast/users/szyskam_c/work/NGSData/GDC/orgbam/2935-03A-01W-0745-08.14.bam F=>(gzip > fastq/2935_A4_R1.fastq.gz) F2=>(gzip > fastq/2935_A4_R2.fastq.gz) NON_PF=TRUE TMP_DIR=$TMPDIR
Submitted DRMAA job 34 with external jobid 121624.

[Tue Dec  8 10:25:33 2020]
rule bam2fastq:
    input: /fast/users/szyskam_c/work/NGSData/GDC/orgbam/17-11B-01W-0728-08.3.bam
    output: fastq/2817_B_R1.fastq.gz, fastq/2817_B_R2.fastq.gz
    jobid: 5
    reason: Missing output files: fastq/2817_B_R1.fastq.gz, fastq/2817_B_R2.fastq.gz
    wildcards: sample=2817_B
    threads: 24

picard -Xmx70G SamToFastq use_jdk_deflater=true use_jdk_inflater=true I=/fast/users/szyskam_c/work/NGSData/GDC/orgbam/17-11B-01W-0728-08.3.bam F=>(gzip > fastq/2817_B_R1.fastq.gz) F2=>(gzip > fastq/2817_B_R2.fastq.gz) NON_PF=TRUE TMP_DIR=$TMPDIR
Submitted DRMAA job 5 with external jobid 121625.

[Tue Dec  8 10:25:33 2020]
rule bam2fastq:
    input: /fast/users/szyskam_c/work/NGSData/GDC/orgbam/60-03B-01W-0728-08.3.bam
    output: fastq/2860_A_R1.fastq.gz, fastq/2860_A_R2.fastq.gz
    jobid: 12
    reason: Missing output files: fastq/2860_A_R1.fastq.gz, fastq/2860_A_R2.fastq.gz
    wildcards: sample=2860_A
    threads: 24

picard -Xmx70G SamToFastq use_jdk_deflater=true use_jdk_inflater=true I=/fast/users/szyskam_c/work/NGSData/GDC/orgbam/60-03B-01W-0728-08.3.bam F=>(gzip > fastq/2860_A_R1.fastq.gz) F2=>(gzip > fastq/2860_A_R2.fastq.gz) NON_PF=TRUE TMP_DIR=$TMPDIR
Submitted DRMAA job 12 with external jobid 121626.

[Tue Dec  8 10:25:33 2020]
rule bam2fastq:
    input: /fast/users/szyskam_c/work/NGSData/GDC/orgbam/85-03A-01W-0732-08.3.bam
    output: fastq/2885_A_R1.fastq.gz, fastq/2885_A_R2.fastq.gz
    jobid: 20
    reason: Missing output files: fastq/2885_A_R2.fastq.gz, fastq/2885_A_R1.fastq.gz
    wildcards: sample=2885_A
    threads: 24

picard -Xmx70G SamToFastq use_jdk_deflater=true use_jdk_inflater=true I=/fast/users/szyskam_c/work/NGSData/GDC/orgbam/85-03A-01W-0732-08.3.bam F=>(gzip > fastq/2885_A_R1.fastq.gz) F2=>(gzip > fastq/2885_A_R2.fastq.gz) NON_PF=TRUE TMP_DIR=$TMPDIR
Submitted DRMAA job 20 with external jobid 121627.

[Tue Dec  8 10:25:33 2020]
rule bam2fastq:
    input: /fast/users/szyskam_c/work/NGSData/GDC/orgbam/2917-11A-01W-0732-08.7.bam
    output: fastq/2917_B_R1.fastq.gz, fastq/2917_B_R2.fastq.gz
    jobid: 27
    reason: Missing output files: fastq/2917_B_R1.fastq.gz, fastq/2917_B_R2.fastq.gz
    wildcards: sample=2917_B
    threads: 24

picard -Xmx70G SamToFastq use_jdk_deflater=true use_jdk_inflater=true I=/fast/users/szyskam_c/work/NGSData/GDC/orgbam/2917-11A-01W-0732-08.7.bam F=>(gzip > fastq/2917_B_R1.fastq.gz) F2=>(gzip > fastq/2917_B_R2.fastq.gz) NON_PF=TRUE TMP_DIR=$TMPDIR
Submitted DRMAA job 27 with external jobid 121628.

[Tue Dec  8 10:25:33 2020]
rule bam2fastq:
    input: /fast/users/szyskam_c/work/NGSData/GDC/orgbam/2935-11A-01W-0745-08.9.bam
    output: fastq/2935_B_R1.fastq.gz, fastq/2935_B_R2.fastq.gz
    jobid: 35
    reason: Missing output files: fastq/2935_B_R1.fastq.gz, fastq/2935_B_R2.fastq.gz
    wildcards: sample=2935_B
    threads: 24

picard -Xmx70G SamToFastq use_jdk_deflater=true use_jdk_inflater=true I=/fast/users/szyskam_c/work/NGSData/GDC/orgbam/2935-11A-01W-0745-08.9.bam F=>(gzip > fastq/2935_B_R1.fastq.gz) F2=>(gzip > fastq/2935_B_R2.fastq.gz) NON_PF=TRUE TMP_DIR=$TMPDIR
Submitted DRMAA job 35 with external jobid 121629.

[Tue Dec  8 10:25:33 2020]
rule bam2fastq:
    input: /fast/users/szyskam_c/work/NGSData/GDC/orgbam/38-03A-01W-0726-08.4.bam
    output: fastq/2838_A_R1.fastq.gz, fastq/2838_A_R2.fastq.gz
    jobid: 6
    reason: Missing output files: fastq/2838_A_R1.fastq.gz, fastq/2838_A_R2.fastq.gz
    wildcards: sample=2838_A
    threads: 24

picard -Xmx70G SamToFastq use_jdk_deflater=true use_jdk_inflater=true I=/fast/users/szyskam_c/work/NGSData/GDC/orgbam/38-03A-01W-0726-08.4.bam F=>(gzip > fastq/2838_A_R1.fastq.gz) F2=>(gzip > fastq/2838_A_R2.fastq.gz) NON_PF=TRUE TMP_DIR=$TMPDIR
Submitted DRMAA job 6 with external jobid 121630.

[Tue Dec  8 10:25:33 2020]
rule bam2fastq:
    input: /fast/users/szyskam_c/work/NGSData/GDC/orgbam/60-11B-01W-0729-08.3.bam
    output: fastq/2860_B_R1.fastq.gz, fastq/2860_B_R2.fastq.gz
    jobid: 13
    reason: Missing output files: fastq/2860_B_R2.fastq.gz, fastq/2860_B_R1.fastq.gz
    wildcards: sample=2860_B
    threads: 24

picard -Xmx70G SamToFastq use_jdk_deflater=true use_jdk_inflater=true I=/fast/users/szyskam_c/work/NGSData/GDC/orgbam/60-11B-01W-0729-08.3.bam F=>(gzip > fastq/2860_B_R1.fastq.gz) F2=>(gzip > fastq/2860_B_R2.fastq.gz) NON_PF=TRUE TMP_DIR=$TMPDIR
Submitted DRMAA job 13 with external jobid 121631.

[Tue Dec  8 10:25:33 2020]
rule bam2fastq:
    input: /fast/users/szyskam_c/work/NGSData/GDC/orgbam/85-11A-01W-0732-08.3.bam
    output: fastq/2885_B_R1.fastq.gz, fastq/2885_B_R2.fastq.gz
    jobid: 21
    reason: Missing output files: fastq/2885_B_R1.fastq.gz, fastq/2885_B_R2.fastq.gz
    wildcards: sample=2885_B
    threads: 24

picard -Xmx70G SamToFastq use_jdk_deflater=true use_jdk_inflater=true I=/fast/users/szyskam_c/work/NGSData/GDC/orgbam/85-11A-01W-0732-08.3.bam F=>(gzip > fastq/2885_B_R1.fastq.gz) F2=>(gzip > fastq/2885_B_R2.fastq.gz) NON_PF=TRUE TMP_DIR=$TMPDIR
Submitted DRMAA job 21 with external jobid 121632.

[Tue Dec  8 10:25:33 2020]
rule bam2fastq:
    input: /fast/users/szyskam_c/work/NGSData/GDC/orgbam/2920-03A-01W-0732-08.4.bam
    output: fastq/2920_A_R1.fastq.gz, fastq/2920_A_R2.fastq.gz
    jobid: 28
    reason: Missing output files: fastq/2920_A_R2.fastq.gz, fastq/2920_A_R1.fastq.gz
    wildcards: sample=2920_A
    threads: 24

picard -Xmx70G SamToFastq use_jdk_deflater=true use_jdk_inflater=true I=/fast/users/szyskam_c/work/NGSData/GDC/orgbam/2920-03A-01W-0732-08.4.bam F=>(gzip > fastq/2920_A_R1.fastq.gz) F2=>(gzip > fastq/2920_A_R2.fastq.gz) NON_PF=TRUE TMP_DIR=$TMPDIR
Submitted DRMAA job 28 with external jobid 121633.

[Tue Dec  8 10:25:33 2020]
rule bam2fastq:
    input: /fast/users/szyskam_c/work/NGSData/GDC/orgbam/2941-03A-01W-0745-08.14.bam
    output: fastq/2941_A4_R1.fastq.gz, fastq/2941_A4_R2.fastq.gz
    jobid: 36
    reason: Missing output files: fastq/2941_A4_R1.fastq.gz, fastq/2941_A4_R2.fastq.gz
    wildcards: sample=2941_A4
    threads: 24

picard -Xmx70G SamToFastq use_jdk_deflater=true use_jdk_inflater=true I=/fast/users/szyskam_c/work/NGSData/GDC/orgbam/2941-03A-01W-0745-08.14.bam F=>(gzip > fastq/2941_A4_R1.fastq.gz) F2=>(gzip > fastq/2941_A4_R2.fastq.gz) NON_PF=TRUE TMP_DIR=$TMPDIR
Submitted DRMAA job 36 with external jobid 121634.

[Tue Dec  8 10:25:33 2020]
rule bam2fastq:
    input: /fast/users/szyskam_c/work/NGSData/GDC/orgbam/38-11A-01W-0727-08.5.bam
    output: fastq/2838_B_R1.fastq.gz, fastq/2838_B_R2.fastq.gz
    jobid: 7
    reason: Missing output files: fastq/2838_B_R2.fastq.gz, fastq/2838_B_R1.fastq.gz
    wildcards: sample=2838_B
    threads: 24

picard -Xmx70G SamToFastq use_jdk_deflater=true use_jdk_inflater=true I=/fast/users/szyskam_c/work/NGSData/GDC/orgbam/38-11A-01W-0727-08.5.bam F=>(gzip > fastq/2838_B_R1.fastq.gz) F2=>(gzip > fastq/2838_B_R2.fastq.gz) NON_PF=TRUE TMP_DIR=$TMPDIR
Submitted DRMAA job 7 with external jobid 121635.

[Tue Dec  8 10:25:33 2020]
rule bam2fastq:
    input: /fast/users/szyskam_c/work/NGSData/GDC/orgbam/74-03A-01W-0732-08.3.bam
    output: fastq/2874_A_R1.fastq.gz, fastq/2874_A_R2.fastq.gz
    jobid: 14
    reason: Missing output files: fastq/2874_A_R2.fastq.gz, fastq/2874_A_R1.fastq.gz
    wildcards: sample=2874_A
    threads: 24

picard -Xmx70G SamToFastq use_jdk_deflater=true use_jdk_inflater=true I=/fast/users/szyskam_c/work/NGSData/GDC/orgbam/74-03A-01W-0732-08.3.bam F=>(gzip > fastq/2874_A_R1.fastq.gz) F2=>(gzip > fastq/2874_A_R2.fastq.gz) NON_PF=TRUE TMP_DIR=$TMPDIR
Submitted DRMAA job 14 with external jobid 121636.

[Tue Dec  8 10:25:33 2020]
rule bam2fastq:
    input: /fast/users/szyskam_c/work/NGSData/GDC/orgbam/87-03A-01W-0732-08.3.bam
    output: fastq/2887_A_R1.fastq.gz, fastq/2887_A_R2.fastq.gz
    jobid: 22
    reason: Missing output files: fastq/2887_A_R1.fastq.gz, fastq/2887_A_R2.fastq.gz
    wildcards: sample=2887_A
    threads: 24

picard -Xmx70G SamToFastq use_jdk_deflater=true use_jdk_inflater=true I=/fast/users/szyskam_c/work/NGSData/GDC/orgbam/87-03A-01W-0732-08.3.bam F=>(gzip > fastq/2887_A_R1.fastq.gz) F2=>(gzip > fastq/2887_A_R2.fastq.gz) NON_PF=TRUE TMP_DIR=$TMPDIR
Submitted DRMAA job 22 with external jobid 121637.

[Tue Dec  8 10:25:33 2020]
rule bam2fastq:
    input: /fast/users/szyskam_c/work/NGSData/GDC/orgbam/2920-11A-01W-0732-08.4.bam
    output: fastq/2920_B_R1.fastq.gz, fastq/2920_B_R2.fastq.gz
    jobid: 29
    reason: Missing output files: fastq/2920_B_R1.fastq.gz, fastq/2920_B_R2.fastq.gz
    wildcards: sample=2920_B
    threads: 24

picard -Xmx70G SamToFastq use_jdk_deflater=true use_jdk_inflater=true I=/fast/users/szyskam_c/work/NGSData/GDC/orgbam/2920-11A-01W-0732-08.4.bam F=>(gzip > fastq/2920_B_R1.fastq.gz) F2=>(gzip > fastq/2920_B_R2.fastq.gz) NON_PF=TRUE TMP_DIR=$TMPDIR
Submitted DRMAA job 29 with external jobid 121638.

[Tue Dec  8 10:25:33 2020]
rule bam2fastq:
    input: /fast/users/szyskam_c/work/NGSData/GDC/orgbam/2941-11A-01W-0745-08.8.bam
    output: fastq/2941_B_R1.fastq.gz, fastq/2941_B_R2.fastq.gz
    jobid: 37
    reason: Missing output files: fastq/2941_B_R2.fastq.gz, fastq/2941_B_R1.fastq.gz
    wildcards: sample=2941_B
    threads: 24

picard -Xmx70G SamToFastq use_jdk_deflater=true use_jdk_inflater=true I=/fast/users/szyskam_c/work/NGSData/GDC/orgbam/2941-11A-01W-0745-08.8.bam F=>(gzip > fastq/2941_B_R1.fastq.gz) F2=>(gzip > fastq/2941_B_R2.fastq.gz) NON_PF=TRUE TMP_DIR=$TMPDIR
Submitted DRMAA job 37 with external jobid 121639.

[Tue Dec  8 10:25:33 2020]
rule bam2fastq:
    input: /fast/users/szyskam_c/work/NGSData/GDC/orgbam/47-03B-01W-0728-08.3.bam
    output: fastq/2847_A_R1.fastq.gz, fastq/2847_A_R2.fastq.gz
    jobid: 8
    reason: Missing output files: fastq/2847_A_R2.fastq.gz, fastq/2847_A_R1.fastq.gz
    wildcards: sample=2847_A
    threads: 24

picard -Xmx70G SamToFastq use_jdk_deflater=true use_jdk_inflater=true I=/fast/users/szyskam_c/work/NGSData/GDC/orgbam/47-03B-01W-0728-08.3.bam F=>(gzip > fastq/2847_A_R1.fastq.gz) F2=>(gzip > fastq/2847_A_R2.fastq.gz) NON_PF=TRUE TMP_DIR=$TMPDIR
Submitted DRMAA job 8 with external jobid 121640.

[Tue Dec  8 10:25:33 2020]
rule bam2fastq:
    input: /fast/users/szyskam_c/work/NGSData/GDC/orgbam/74-11A-01W-0732-08.3.bam
    output: fastq/2874_B_R1.fastq.gz, fastq/2874_B_R2.fastq.gz
    jobid: 15
    reason: Missing output files: fastq/2874_B_R2.fastq.gz, fastq/2874_B_R1.fastq.gz
    wildcards: sample=2874_B
    threads: 24

picard -Xmx70G SamToFastq use_jdk_deflater=true use_jdk_inflater=true I=/fast/users/szyskam_c/work/NGSData/GDC/orgbam/74-11A-01W-0732-08.3.bam F=>(gzip > fastq/2874_B_R1.fastq.gz) F2=>(gzip > fastq/2874_B_R2.fastq.gz) NON_PF=TRUE TMP_DIR=$TMPDIR
Submitted DRMAA job 15 with external jobid 121641.

[Tue Dec  8 10:25:33 2020]
rule bam2fastq:
    input: /fast/users/szyskam_c/work/NGSData/GDC/orgbam/87-11A-01W-0732-08.3.bam
    output: fastq/2887_B_R1.fastq.gz, fastq/2887_B_R2.fastq.gz
    jobid: 23
    reason: Missing output files: fastq/2887_B_R2.fastq.gz, fastq/2887_B_R1.fastq.gz
    wildcards: sample=2887_B
    threads: 24

picard -Xmx70G SamToFastq use_jdk_deflater=true use_jdk_inflater=true I=/fast/users/szyskam_c/work/NGSData/GDC/orgbam/87-11A-01W-0732-08.3.bam F=>(gzip > fastq/2887_B_R1.fastq.gz) F2=>(gzip > fastq/2887_B_R2.fastq.gz) NON_PF=TRUE TMP_DIR=$TMPDIR
Submitted DRMAA job 23 with external jobid 121642.

[Tue Dec  8 10:25:33 2020]
rule bam2fastq:
    input: /fast/users/szyskam_c/work/NGSData/GDC/orgbam/2928-03A-01W-0745-08.8.bam
    output: fastq/2928_A_R1.fastq.gz, fastq/2928_A_R2.fastq.gz
    jobid: 30
    reason: Missing output files: fastq/2928_A_R1.fastq.gz, fastq/2928_A_R2.fastq.gz
    wildcards: sample=2928_A
    threads: 24

picard -Xmx70G SamToFastq use_jdk_deflater=true use_jdk_inflater=true I=/fast/users/szyskam_c/work/NGSData/GDC/orgbam/2928-03A-01W-0745-08.8.bam F=>(gzip > fastq/2928_A_R1.fastq.gz) F2=>(gzip > fastq/2928_A_R2.fastq.gz) NON_PF=TRUE TMP_DIR=$TMPDIR
Submitted DRMAA job 30 with external jobid 121643.

[Tue Dec  8 10:25:33 2020]
rule bam2fastq:
    input: /fast/users/szyskam_c/work/NGSData/GDC/orgbam/2949-03A-01W-0733-08.4.bam
    output: fastq/2949_A_R1.fastq.gz, fastq/2949_A_R2.fastq.gz
    jobid: 38
    reason: Missing output files: fastq/2949_A_R2.fastq.gz, fastq/2949_A_R1.fastq.gz
    wildcards: sample=2949_A
    threads: 24

picard -Xmx70G SamToFastq use_jdk_deflater=true use_jdk_inflater=true I=/fast/users/szyskam_c/work/NGSData/GDC/orgbam/2949-03A-01W-0733-08.4.bam F=>(gzip > fastq/2949_A_R1.fastq.gz) F2=>(gzip > fastq/2949_A_R2.fastq.gz) NON_PF=TRUE TMP_DIR=$TMPDIR
Submitted DRMAA job 38 with external jobid 121644.

[Tue Dec  8 10:25:33 2020]
rule bam2fastq:
    input: /fast/users/szyskam_c/work/NGSData/GDC/orgbam/25b.bam
    output: fastq/25B_R1.fastq.gz, fastq/25B_R2.fastq.gz
    jobid: 1
    reason: Missing output files: fastq/25B_R2.fastq.gz, fastq/25B_R1.fastq.gz
    wildcards: sample=25B
    threads: 24

picard -Xmx70G SamToFastq use_jdk_deflater=true use_jdk_inflater=true I=/fast/users/szyskam_c/work/NGSData/GDC/orgbam/25b.bam F=>(gzip > fastq/25B_R1.fastq.gz) F2=>(gzip > fastq/25B_R2.fastq.gz) NON_PF=TRUE TMP_DIR=$TMPDIR
Submitted DRMAA job 1 with external jobid 121645.

[Tue Dec  8 10:25:33 2020]
rule bam2fastq:
    input: /fast/users/szyskam_c/work/NGSData/GDC/orgbam/78-03A-01W-0732-08.6.bam
    output: fastq/2878_A_R1.fastq.gz, fastq/2878_A_R2.fastq.gz
    jobid: 16
    reason: Missing output files: fastq/2878_A_R2.fastq.gz, fastq/2878_A_R1.fastq.gz
    wildcards: sample=2878_A
    threads: 24

picard -Xmx70G SamToFastq use_jdk_deflater=true use_jdk_inflater=true I=/fast/users/szyskam_c/work/NGSData/GDC/orgbam/78-03A-01W-0732-08.6.bam F=>(gzip > fastq/2878_A_R1.fastq.gz) F2=>(gzip > fastq/2878_A_R2.fastq.gz) NON_PF=TRUE TMP_DIR=$TMPDIR
Submitted DRMAA job 16 with external jobid 121646.

[Tue Dec  8 10:25:33 2020]
rule bam2fastq:
    input: /fast/users/szyskam_c/work/NGSData/GDC/orgbam/2928-11A-01W-0745-08.8.bam
    output: fastq/2928_B_R1.fastq.gz, fastq/2928_B_R2.fastq.gz
    jobid: 31
    reason: Missing output files: fastq/2928_B_R1.fastq.gz, fastq/2928_B_R2.fastq.gz
    wildcards: sample=2928_B
    threads: 24

picard -Xmx70G SamToFastq use_jdk_deflater=true use_jdk_inflater=true I=/fast/users/szyskam_c/work/NGSData/GDC/orgbam/2928-11A-01W-0745-08.8.bam F=>(gzip > fastq/2928_B_R1.fastq.gz) F2=>(gzip > fastq/2928_B_R2.fastq.gz) NON_PF=TRUE TMP_DIR=$TMPDIR
Submitted DRMAA job 31 with external jobid 121647.
