Building DAG of jobs...
Using shell: /usr/bin/bash
Provided cores: 20
Rules claiming more threads will be scaled down.
Job counts:
	count	jobs
	1	bam2fastq
	1
Select jobs to execute...

[Tue Dec  8 12:02:28 2020]
rule bam2fastq:
    input: /fast/users/szyskam_c/work/NGSData/GDC/orgbam/2928-03A-01W-0745-08.8.bam
    output: fastq/2928_A_R1.fastq.gz, fastq/2928_A_R2.fastq.gz
    jobid: 0
    wildcards: sample=2928_A
    threads: 20

picard -Xmx60G SamToFastq use_jdk_deflater=true use_jdk_inflater=true I=/fast/users/szyskam_c/work/NGSData/GDC/orgbam/2928-03A-01W-0745-08.8.bam F=>(gzip > fastq/2928_A_R1.fastq.gz) F2=>(gzip > fastq/2928_A_R2.fastq.gz) NON_PF=TRUE VALIDATION_STRINGENCY=LENIENT TMP_DIR=$TMPDIR
Activating conda environment: /fast/scratch/users/szyskam_c/projects/GDC/.snakemake/conda/dab7b9fd
INFO	2020-12-08 12:02:31	SamToFastq	

********** NOTE: Picard's command line syntax is changing.
**********
********** For more information, please see:
********** https://github.com/broadinstitute/picard/wiki/Command-Line-Syntax-Transition-For-Users-(Pre-Transition)
**********
********** The command line looks like this in the new syntax:
**********
**********    SamToFastq -use_jdk_deflater true -use_jdk_inflater true -I /fast/users/szyskam_c/work/NGSData/GDC/orgbam/2928-03A-01W-0745-08.8.bam -F /dev/fd/63 -F2 /dev/fd/62 -NON_PF TRUE -VALIDATION_STRINGENCY LENIENT -TMP_DIR /fast/users/szyskam_c/scratch/tmp
**********


[Tue Dec 08 12:02:32 CET 2020] SamToFastq INPUT=/fast/users/szyskam_c/work/NGSData/GDC/orgbam/2928-03A-01W-0745-08.8.bam FASTQ=/dev/fd/63 SECOND_END_FASTQ=/dev/fd/62 INCLUDE_NON_PF_READS=true TMP_DIR=[/fast/users/szyskam_c/scratch/tmp] VALIDATION_STRINGENCY=LENIENT USE_JDK_DEFLATER=true USE_JDK_INFLATER=true    OUTPUT_PER_RG=false COMPRESS_OUTPUTS_PER_RG=false RG_TAG=PU RE_REVERSE=true INTERLEAVE=false CLIPPING_MIN_LENGTH=0 READ1_TRIM=0 READ2_TRIM=0 INCLUDE_NON_PRIMARY_ALIGNMENTS=false VERBOSITY=INFO QUIET=false COMPRESSION_LEVEL=5 MAX_RECORDS_IN_RAM=500000 CREATE_INDEX=false CREATE_MD5_FILE=false GA4GH_CLIENT_SECRETS=client_secrets.json
[Tue Dec 08 12:02:32 CET 2020] Executing as szyskam_c@med0208 on Linux 3.10.0-1160.2.2.el7.x86_64 amd64; OpenJDK 64-Bit Server VM 11.0.1-internal+0-adhoc..src; Deflater: Jdk; Inflater: Jdk; Provider GCS is not available; Picard version: 2.20.1-SNAPSHOT
Ignoring SAM validation error: ERROR: Record 221157, Read name 8007MABXX101030:5:22:3627:180997, MAPQ should be 0 for unmapped read.
INFO	2020-12-08 12:02:40	SamToFastq	Processed     1,000,000 records.  Elapsed time: 00:00:08s.  Time for last 1,000,000:    8s.  Last read position: chr1:12,793,369
INFO	2020-12-08 12:02:48	SamToFastq	Processed     2,000,000 records.  Elapsed time: 00:00:16s.  Time for last 1,000,000:    7s.  Last read position: chr1:16,564,795
INFO	2020-12-08 12:02:56	SamToFastq	Processed     3,000,000 records.  Elapsed time: 00:00:23s.  Time for last 1,000,000:    7s.  Last read position: chr1:21,425,472
INFO	2020-12-08 12:03:03	SamToFastq	Processed     4,000,000 records.  Elapsed time: 00:00:31s.  Time for last 1,000,000:    7s.  Last read position: chr1:30,980,125
INFO	2020-12-08 12:03:11	SamToFastq	Processed     5,000,000 records.  Elapsed time: 00:00:38s.  Time for last 1,000,000:    7s.  Last read position: chr1:39,334,689
INFO	2020-12-08 12:03:19	SamToFastq	Processed     6,000,000 records.  Elapsed time: 00:00:46s.  Time for last 1,000,000:    7s.  Last read position: chr1:45,640,263
Ignoring SAM validation error: ERROR: Record 6900552, Read name 8072YABXX101031:2:42:15839:61480, MAPQ should be 0 for unmapped read.
INFO	2020-12-08 12:03:27	SamToFastq	Processed     7,000,000 records.  Elapsed time: 00:00:54s.  Time for last 1,000,000:    7s.  Last read position: chr1:54,205,159
INFO	2020-12-08 12:03:34	SamToFastq	Processed     8,000,000 records.  Elapsed time: 00:01:02s.  Time for last 1,000,000:    7s.  Last read position: chr1:66,247,437
INFO	2020-12-08 12:03:42	SamToFastq	Processed     9,000,000 records.  Elapsed time: 00:01:09s.  Time for last 1,000,000:    7s.  Last read position: chr1:78,926,917
INFO	2020-12-08 12:03:49	SamToFastq	Processed    10,000,000 records.  Elapsed time: 00:01:17s.  Time for last 1,000,000:    7s.  Last read position: chr1:91,797,277
INFO	2020-12-08 12:03:56	SamToFastq	Processed    11,000,000 records.  Elapsed time: 00:01:24s.  Time for last 1,000,000:    7s.  Last read position: chr1:103,579,160
Ignoring SAM validation error: ERROR: Record 11464987, Read name 8007MABXX101030:6:46:20287:125166, MAPQ should be 0 for unmapped read.
INFO	2020-12-08 12:04:04	SamToFastq	Processed    12,000,000 records.  Elapsed time: 00:01:31s.  Time for last 1,000,000:    7s.  Last read position: chr1:110,894,808
INFO	2020-12-08 12:04:11	SamToFastq	Processed    13,000,000 records.  Elapsed time: 00:01:39s.  Time for last 1,000,000:    7s.  Last read position: chr1:117,170,236
INFO	2020-12-08 12:04:18	SamToFastq	Processed    14,000,000 records.  Elapsed time: 00:01:46s.  Time for last 1,000,000:    7s.  Last read position: chr1:120,834,642
Ignoring SAM validation error: ERROR: Record 14071661, Read name 8072YABXX101031:4:44:14167:32338, MAPQ should be 0 for unmapped read.
Ignoring SAM validation error: ERROR: Record 14768639, Read name 8007MABXX101030:5:24:9123:9331, MAPQ should be 0 for unmapped read.
INFO	2020-12-08 12:04:26	SamToFastq	Processed    15,000,000 records.  Elapsed time: 00:01:53s.  Time for last 1,000,000:    7s.  Last read position: chr1:145,382,030
INFO	2020-12-08 12:04:33	SamToFastq	Processed    16,000,000 records.  Elapsed time: 00:02:01s.  Time for last 1,000,000:    7s.  Last read position: chr1:146,120,816
INFO	2020-12-08 12:04:41	SamToFastq	Processed    17,000,000 records.  Elapsed time: 00:02:08s.  Time for last 1,000,000:    7s.  Last read position: chr1:148,107,786
INFO	2020-12-08 12:04:48	SamToFastq	Processed    18,000,000 records.  Elapsed time: 00:02:15s.  Time for last 1,000,000:    7s.  Last read position: chr1:149,480,692
INFO	2020-12-08 12:04:55	SamToFastq	Processed    19,000,000 records.  Elapsed time: 00:02:23s.  Time for last 1,000,000:    7s.  Last read position: chr1:151,025,561
INFO	2020-12-08 12:05:03	SamToFastq	Processed    20,000,000 records.  Elapsed time: 00:02:30s.  Time for last 1,000,000:    7s.  Last read position: chr1:152,812,369
INFO	2020-12-08 12:05:10	SamToFastq	Processed    21,000,000 records.  Elapsed time: 00:02:37s.  Time for last 1,000,000:    7s.  Last read position: chr1:156,467,944
INFO	2020-12-08 12:05:17	SamToFastq	Processed    22,000,000 records.  Elapsed time: 00:02:45s.  Time for last 1,000,000:    7s.  Last read position: chr1:159,877,420
INFO	2020-12-08 12:05:26	SamToFastq	Processed    23,000,000 records.  Elapsed time: 00:02:53s.  Time for last 1,000,000:    8s.  Last read position: chr1:165,203,865
INFO	2020-12-08 12:05:33	SamToFastq	Processed    24,000,000 records.  Elapsed time: 00:03:01s.  Time for last 1,000,000:    7s.  Last read position: chr1:172,608,691
Ignoring SAM validation error: ERROR: Record 24206679, Read name 8072YABXX101031:6:3:17604:80060, MAPQ should be 0 for unmapped read.
Ignoring SAM validation error: ERROR: Record 24537760, Read name 8072YABXX101031:1:68:3430:31545, MAPQ should be 0 for unmapped read.
INFO	2020-12-08 12:05:40	SamToFastq	Processed    25,000,000 records.  Elapsed time: 00:03:08s.  Time for last 1,000,000:    7s.  Last read position: chr1:181,785,689
INFO	2020-12-08 12:05:48	SamToFastq	Processed    26,000,000 records.  Elapsed time: 00:03:15s.  Time for last 1,000,000:    7s.  Last read position: chr1:192,716,195
INFO	2020-12-08 12:05:56	SamToFastq	Processed    27,000,000 records.  Elapsed time: 00:03:24s.  Time for last 1,000,000:    8s.  Last read position: chr1:203,701,943
INFO	2020-12-08 12:06:04	SamToFastq	Processed    28,000,000 records.  Elapsed time: 00:03:31s.  Time for last 1,000,000:    7s.  Last read position: chr1:210,404,453
INFO	2020-12-08 12:06:11	SamToFastq	Processed    29,000,000 records.  Elapsed time: 00:03:38s.  Time for last 1,000,000:    7s.  Last read position: chr1:222,262,719
INFO	2020-12-08 12:06:18	SamToFastq	Processed    30,000,000 records.  Elapsed time: 00:03:46s.  Time for last 1,000,000:    7s.  Last read position: chr1:233,375,834
INFO	2020-12-08 12:06:26	SamToFastq	Processed    31,000,000 records.  Elapsed time: 00:03:53s.  Time for last 1,000,000:    7s.  Last read position: chr1:246,095,144
INFO	2020-12-08 12:06:33	SamToFastq	Processed    32,000,000 records.  Elapsed time: 00:04:00s.  Time for last 1,000,000:    7s.  Last read position: chr2:8,544,364
Ignoring SAM validation error: ERROR: Record 32326262, Read name 8072YABXX101031:7:46:8488:150393, MAPQ should be 0 for unmapped read.
INFO	2020-12-08 12:06:40	SamToFastq	Processed    33,000,000 records.  Elapsed time: 00:04:07s.  Time for last 1,000,000:    7s.  Last read position: chr2:24,691,466
INFO	2020-12-08 12:06:47	SamToFastq	Processed    34,000,000 records.  Elapsed time: 00:04:14s.  Time for last 1,000,000:    7s.  Last read position: chr2:32,439,482
INFO	2020-12-08 12:06:54	SamToFastq	Processed    35,000,000 records.  Elapsed time: 00:04:22s.  Time for last 1,000,000:    7s.  Last read position: chr2:45,573,099
INFO	2020-12-08 12:07:02	SamToFastq	Processed    36,000,000 records.  Elapsed time: 00:04:29s.  Time for last 1,000,000:    7s.  Last read position: chr2:61,880,443
INFO	2020-12-08 12:07:10	SamToFastq	Processed    37,000,000 records.  Elapsed time: 00:04:37s.  Time for last 1,000,000:    8s.  Last read position: chr2:73,490,625
INFO	2020-12-08 12:07:17	SamToFastq	Processed    38,000,000 records.  Elapsed time: 00:04:44s.  Time for last 1,000,000:    7s.  Last read position: chr2:86,987,004
INFO	2020-12-08 12:07:25	SamToFastq	Processed    39,000,000 records.  Elapsed time: 00:04:52s.  Time for last 1,000,000:    7s.  Last read position: chr2:96,287,119
INFO	2020-12-08 12:07:32	SamToFastq	Processed    40,000,000 records.  Elapsed time: 00:04:59s.  Time for last 1,000,000:    7s.  Last read position: chr2:106,698,392
Ignoring SAM validation error: ERROR: Record 40758511, Read name 8007MABXX101030:4:61:5239:161999, MAPQ should be 0 for unmapped read.
INFO	2020-12-08 12:07:40	SamToFastq	Processed    41,000,000 records.  Elapsed time: 00:05:08s.  Time for last 1,000,000:    8s.  Last read position: chr2:112,389,829
