Building DAG of jobs...
Using shell: /usr/bin/bash
Provided cores: 20
Rules claiming more threads will be scaled down.
Job counts:
	count	jobs
	1	bam2fastq
	1
Select jobs to execute...

[Tue Dec  8 12:02:28 2020]
rule bam2fastq:
    input: /fast/users/szyskam_c/work/NGSData/GDC/orgbam/2941-11A-01W-0745-08.8.bam
    output: fastq/2941_B_R1.fastq.gz, fastq/2941_B_R2.fastq.gz
    jobid: 0
    wildcards: sample=2941_B
    threads: 20

picard -Xmx60G SamToFastq use_jdk_deflater=true use_jdk_inflater=true I=/fast/users/szyskam_c/work/NGSData/GDC/orgbam/2941-11A-01W-0745-08.8.bam F=>(gzip > fastq/2941_B_R1.fastq.gz) F2=>(gzip > fastq/2941_B_R2.fastq.gz) NON_PF=TRUE VALIDATION_STRINGENCY=LENIENT TMP_DIR=$TMPDIR
Activating conda environment: /fast/scratch/users/szyskam_c/projects/GDC/.snakemake/conda/dab7b9fd
INFO	2020-12-08 12:02:31	SamToFastq	

********** NOTE: Picard's command line syntax is changing.
**********
********** For more information, please see:
********** https://github.com/broadinstitute/picard/wiki/Command-Line-Syntax-Transition-For-Users-(Pre-Transition)
**********
********** The command line looks like this in the new syntax:
**********
**********    SamToFastq -use_jdk_deflater true -use_jdk_inflater true -I /fast/users/szyskam_c/work/NGSData/GDC/orgbam/2941-11A-01W-0745-08.8.bam -F /dev/fd/63 -F2 /dev/fd/62 -NON_PF TRUE -VALIDATION_STRINGENCY LENIENT -TMP_DIR /fast/users/szyskam_c/scratch/tmp
**********


[Tue Dec 08 12:02:32 CET 2020] SamToFastq INPUT=/fast/users/szyskam_c/work/NGSData/GDC/orgbam/2941-11A-01W-0745-08.8.bam FASTQ=/dev/fd/63 SECOND_END_FASTQ=/dev/fd/62 INCLUDE_NON_PF_READS=true TMP_DIR=[/fast/users/szyskam_c/scratch/tmp] VALIDATION_STRINGENCY=LENIENT USE_JDK_DEFLATER=true USE_JDK_INFLATER=true    OUTPUT_PER_RG=false COMPRESS_OUTPUTS_PER_RG=false RG_TAG=PU RE_REVERSE=true INTERLEAVE=false CLIPPING_MIN_LENGTH=0 READ1_TRIM=0 READ2_TRIM=0 INCLUDE_NON_PRIMARY_ALIGNMENTS=false VERBOSITY=INFO QUIET=false COMPRESSION_LEVEL=5 MAX_RECORDS_IN_RAM=500000 CREATE_INDEX=false CREATE_MD5_FILE=false GA4GH_CLIENT_SECRETS=client_secrets.json
[Tue Dec 08 12:02:32 CET 2020] Executing as szyskam_c@med0249 on Linux 3.10.0-1160.2.2.el7.x86_64 amd64; OpenJDK 64-Bit Server VM 11.0.1-internal+0-adhoc..src; Deflater: Jdk; Inflater: Jdk; Provider GCS is not available; Picard version: 2.20.1-SNAPSHOT
INFO	2020-12-08 12:02:40	SamToFastq	Processed     1,000,000 records.  Elapsed time: 00:00:08s.  Time for last 1,000,000:    8s.  Last read position: chr1:11,167,523
INFO	2020-12-08 12:02:48	SamToFastq	Processed     2,000,000 records.  Elapsed time: 00:00:16s.  Time for last 1,000,000:    7s.  Last read position: chr1:13,175,216
INFO	2020-12-08 12:02:56	SamToFastq	Processed     3,000,000 records.  Elapsed time: 00:00:23s.  Time for last 1,000,000:    7s.  Last read position: chr1:15,746,916
INFO	2020-12-08 12:03:03	SamToFastq	Processed     4,000,000 records.  Elapsed time: 00:00:30s.  Time for last 1,000,000:    6s.  Last read position: chr1:19,170,698
INFO	2020-12-08 12:03:11	SamToFastq	Processed     5,000,000 records.  Elapsed time: 00:00:38s.  Time for last 1,000,000:    8s.  Last read position: chr1:26,066,266
INFO	2020-12-08 12:03:19	SamToFastq	Processed     6,000,000 records.  Elapsed time: 00:00:47s.  Time for last 1,000,000:    8s.  Last read position: chr1:32,206,697
INFO	2020-12-08 12:03:28	SamToFastq	Processed     7,000,000 records.  Elapsed time: 00:00:55s.  Time for last 1,000,000:    8s.  Last read position: chr1:38,867,546
INFO	2020-12-08 12:03:35	SamToFastq	Processed     8,000,000 records.  Elapsed time: 00:01:03s.  Time for last 1,000,000:    7s.  Last read position: chr1:43,894,463
INFO	2020-12-08 12:03:44	SamToFastq	Processed     9,000,000 records.  Elapsed time: 00:01:11s.  Time for last 1,000,000:    8s.  Last read position: chr1:51,409,656
INFO	2020-12-08 12:03:52	SamToFastq	Processed    10,000,000 records.  Elapsed time: 00:01:19s.  Time for last 1,000,000:    7s.  Last read position: chr1:61,737,548
INFO	2020-12-08 12:03:59	SamToFastq	Processed    11,000,000 records.  Elapsed time: 00:01:26s.  Time for last 1,000,000:    7s.  Last read position: chr1:75,242,867
INFO	2020-12-08 12:04:07	SamToFastq	Processed    12,000,000 records.  Elapsed time: 00:01:34s.  Time for last 1,000,000:    7s.  Last read position: chr1:90,713,879
Ignoring SAM validation error: ERROR: Record 12700474, Read name 8007MABXX101030:1:23:9702:61021, MAPQ should be 0 for unmapped read.
INFO	2020-12-08 12:04:14	SamToFastq	Processed    13,000,000 records.  Elapsed time: 00:01:42s.  Time for last 1,000,000:    7s.  Last read position: chr1:103,927,294
INFO	2020-12-08 12:04:23	SamToFastq	Processed    14,000,000 records.  Elapsed time: 00:01:50s.  Time for last 1,000,000:    8s.  Last read position: chr1:113,381,439
INFO	2020-12-08 12:04:30	SamToFastq	Processed    15,000,000 records.  Elapsed time: 00:01:57s.  Time for last 1,000,000:    7s.  Last read position: chr1:119,959,433
INFO	2020-12-08 12:04:38	SamToFastq	Processed    16,000,000 records.  Elapsed time: 00:02:06s.  Time for last 1,000,000:    8s.  Last read position: chr1:120,840,430
INFO	2020-12-08 12:04:46	SamToFastq	Processed    17,000,000 records.  Elapsed time: 00:02:14s.  Time for last 1,000,000:    7s.  Last read position: chr1:145,305,137
INFO	2020-12-08 12:04:54	SamToFastq	Processed    18,000,000 records.  Elapsed time: 00:02:21s.  Time for last 1,000,000:    7s.  Last read position: chr1:145,337,105
INFO	2020-12-08 12:05:01	SamToFastq	Processed    19,000,000 records.  Elapsed time: 00:02:29s.  Time for last 1,000,000:    7s.  Last read position: chr1:145,368,539
INFO	2020-12-08 12:05:10	SamToFastq	Processed    20,000,000 records.  Elapsed time: 00:02:37s.  Time for last 1,000,000:    8s.  Last read position: chr1:145,576,457
INFO	2020-12-08 12:05:18	SamToFastq	Processed    21,000,000 records.  Elapsed time: 00:02:45s.  Time for last 1,000,000:    8s.  Last read position: chr1:146,078,169
INFO	2020-12-08 12:05:26	SamToFastq	Processed    22,000,000 records.  Elapsed time: 00:02:54s.  Time for last 1,000,000:    8s.  Last read position: chr1:146,110,625
INFO	2020-12-08 12:05:36	SamToFastq	Processed    23,000,000 records.  Elapsed time: 00:03:03s.  Time for last 1,000,000:    9s.  Last read position: chr1:147,190,219
INFO	2020-12-08 12:05:43	SamToFastq	Processed    24,000,000 records.  Elapsed time: 00:03:11s.  Time for last 1,000,000:    7s.  Last read position: chr1:148,547,376
INFO	2020-12-08 12:05:52	SamToFastq	Processed    25,000,000 records.  Elapsed time: 00:03:19s.  Time for last 1,000,000:    8s.  Last read position: chr1:148,577,180
INFO	2020-12-08 12:06:00	SamToFastq	Processed    26,000,000 records.  Elapsed time: 00:03:28s.  Time for last 1,000,000:    8s.  Last read position: chr1:149,496,848
INFO	2020-12-08 12:06:09	SamToFastq	Processed    27,000,000 records.  Elapsed time: 00:03:37s.  Time for last 1,000,000:    9s.  Last read position: chr1:149,528,279
INFO	2020-12-08 12:06:17	SamToFastq	Processed    28,000,000 records.  Elapsed time: 00:03:45s.  Time for last 1,000,000:    8s.  Last read position: chr1:150,156,177
INFO	2020-12-08 12:06:25	SamToFastq	Processed    29,000,000 records.  Elapsed time: 00:03:53s.  Time for last 1,000,000:    8s.  Last read position: chr1:151,895,003
INFO	2020-12-08 12:06:34	SamToFastq	Processed    30,000,000 records.  Elapsed time: 00:04:02s.  Time for last 1,000,000:    8s.  Last read position: chr1:154,251,428
INFO	2020-12-08 12:06:44	SamToFastq	Processed    31,000,000 records.  Elapsed time: 00:04:11s.  Time for last 1,000,000:    9s.  Last read position: chr1:156,544,308
INFO	2020-12-08 12:06:52	SamToFastq	Processed    32,000,000 records.  Elapsed time: 00:04:20s.  Time for last 1,000,000:    8s.  Last read position: chr1:159,439,904
INFO	2020-12-08 12:07:00	SamToFastq	Processed    33,000,000 records.  Elapsed time: 00:04:27s.  Time for last 1,000,000:    7s.  Last read position: chr1:161,162,011
INFO	2020-12-08 12:07:08	SamToFastq	Processed    34,000,000 records.  Elapsed time: 00:04:36s.  Time for last 1,000,000:    8s.  Last read position: chr1:168,236,745
INFO	2020-12-08 12:07:17	SamToFastq	Processed    35,000,000 records.  Elapsed time: 00:04:45s.  Time for last 1,000,000:    8s.  Last read position: chr1:178,147,812
INFO	2020-12-08 12:07:24	SamToFastq	Processed    36,000,000 records.  Elapsed time: 00:04:51s.  Time for last 1,000,000:    6s.  Last read position: chr1:181,796,717
Ignoring SAM validation error: ERROR: Record 36751436, Read name 8007MABXX101030:4:4:11237:18250, MAPQ should be 0 for unmapped read.
Ignoring SAM validation error: ERROR: Record 36876914, Read name 8072YABXX101031:5:28:6658:61944, MAPQ should be 0 for unmapped read.
INFO	2020-12-08 12:07:32	SamToFastq	Processed    37,000,000 records.  Elapsed time: 00:05:00s.  Time for last 1,000,000:    8s.  Last read position: chr1:197,176,602
INFO	2020-12-08 12:07:40	SamToFastq	Processed    38,000,000 records.  Elapsed time: 00:05:07s.  Time for last 1,000,000:    7s.  Last read position: chr1:204,702,883
