Building DAG of jobs...
Using shell: /usr/bin/bash
Provided cores: 20
Rules claiming more threads will be scaled down.
Job counts:
	count	jobs
	1	bam2fastq
	1
Select jobs to execute...

[Tue Dec  8 12:02:21 2020]
rule bam2fastq:
    input: /fast/users/szyskam_c/work/NGSData/GDC/orgbam/2935-11A-01W-0745-08.9.bam
    output: fastq/2935_B_R1.fastq.gz, fastq/2935_B_R2.fastq.gz
    jobid: 0
    wildcards: sample=2935_B
    threads: 20

picard -Xmx60G SamToFastq use_jdk_deflater=true use_jdk_inflater=true I=/fast/users/szyskam_c/work/NGSData/GDC/orgbam/2935-11A-01W-0745-08.9.bam F=>(gzip > fastq/2935_B_R1.fastq.gz) F2=>(gzip > fastq/2935_B_R2.fastq.gz) NON_PF=TRUE VALIDATION_STRINGENCY=LENIENT TMP_DIR=$TMPDIR
Activating conda environment: /fast/scratch/users/szyskam_c/projects/GDC/.snakemake/conda/dab7b9fd
INFO	2020-12-08 12:02:24	SamToFastq	

********** NOTE: Picard's command line syntax is changing.
**********
********** For more information, please see:
********** https://github.com/broadinstitute/picard/wiki/Command-Line-Syntax-Transition-For-Users-(Pre-Transition)
**********
********** The command line looks like this in the new syntax:
**********
**********    SamToFastq -use_jdk_deflater true -use_jdk_inflater true -I /fast/users/szyskam_c/work/NGSData/GDC/orgbam/2935-11A-01W-0745-08.9.bam -F /dev/fd/63 -F2 /dev/fd/62 -NON_PF TRUE -VALIDATION_STRINGENCY LENIENT -TMP_DIR /fast/users/szyskam_c/scratch/tmp
**********


[Tue Dec 08 12:02:25 CET 2020] SamToFastq INPUT=/fast/users/szyskam_c/work/NGSData/GDC/orgbam/2935-11A-01W-0745-08.9.bam FASTQ=/dev/fd/63 SECOND_END_FASTQ=/dev/fd/62 INCLUDE_NON_PF_READS=true TMP_DIR=[/fast/users/szyskam_c/scratch/tmp] VALIDATION_STRINGENCY=LENIENT USE_JDK_DEFLATER=true USE_JDK_INFLATER=true    OUTPUT_PER_RG=false COMPRESS_OUTPUTS_PER_RG=false RG_TAG=PU RE_REVERSE=true INTERLEAVE=false CLIPPING_MIN_LENGTH=0 READ1_TRIM=0 READ2_TRIM=0 INCLUDE_NON_PRIMARY_ALIGNMENTS=false VERBOSITY=INFO QUIET=false COMPRESSION_LEVEL=5 MAX_RECORDS_IN_RAM=500000 CREATE_INDEX=false CREATE_MD5_FILE=false GA4GH_CLIENT_SECRETS=client_secrets.json
[Tue Dec 08 12:02:25 CET 2020] Executing as szyskam_c@med0251 on Linux 3.10.0-1160.2.2.el7.x86_64 amd64; OpenJDK 64-Bit Server VM 11.0.1-internal+0-adhoc..src; Deflater: Jdk; Inflater: Jdk; Provider GCS is not available; Picard version: 2.20.1-SNAPSHOT
INFO	2020-12-08 12:02:33	SamToFastq	Processed     1,000,000 records.  Elapsed time: 00:00:08s.  Time for last 1,000,000:    8s.  Last read position: chr1:11,523,979
INFO	2020-12-08 12:02:40	SamToFastq	Processed     2,000,000 records.  Elapsed time: 00:00:15s.  Time for last 1,000,000:    7s.  Last read position: chr1:13,390,476
INFO	2020-12-08 12:02:48	SamToFastq	Processed     3,000,000 records.  Elapsed time: 00:00:23s.  Time for last 1,000,000:    7s.  Last read position: chr1:19,160,826
INFO	2020-12-08 12:02:56	SamToFastq	Processed     4,000,000 records.  Elapsed time: 00:00:31s.  Time for last 1,000,000:    8s.  Last read position: chr1:25,391,818
INFO	2020-12-08 12:03:04	SamToFastq	Processed     5,000,000 records.  Elapsed time: 00:00:39s.  Time for last 1,000,000:    7s.  Last read position: chr1:32,228,607
INFO	2020-12-08 12:03:12	SamToFastq	Processed     6,000,000 records.  Elapsed time: 00:00:47s.  Time for last 1,000,000:    7s.  Last read position: chr1:38,022,373
Ignoring SAM validation error: ERROR: Record 6407137, Read name 8007MABXX101030:1:44:16592:57671, MAPQ should be 0 for unmapped read.
INFO	2020-12-08 12:03:20	SamToFastq	Processed     7,000,000 records.  Elapsed time: 00:00:55s.  Time for last 1,000,000:    8s.  Last read position: chr1:43,448,690
INFO	2020-12-08 12:03:29	SamToFastq	Processed     8,000,000 records.  Elapsed time: 00:01:03s.  Time for last 1,000,000:    8s.  Last read position: chr1:48,237,652
Ignoring SAM validation error: ERROR: Record 8068557, Read name 8072YABXX101031:5:5:16544:126334, MAPQ should be 0 for unmapped read.
INFO	2020-12-08 12:03:37	SamToFastq	Processed     9,000,000 records.  Elapsed time: 00:01:12s.  Time for last 1,000,000:    8s.  Last read position: chr1:59,512,455
INFO	2020-12-08 12:03:46	SamToFastq	Processed    10,000,000 records.  Elapsed time: 00:01:20s.  Time for last 1,000,000:    8s.  Last read position: chr1:70,974,255
INFO	2020-12-08 12:03:53	SamToFastq	Processed    11,000,000 records.  Elapsed time: 00:01:28s.  Time for last 1,000,000:    7s.  Last read position: chr1:86,571,113
Ignoring SAM validation error: ERROR: Record 11997293, Read name 8007MABXX101030:4:45:16284:137524, MAPQ should be 0 for unmapped read.
INFO	2020-12-08 12:04:01	SamToFastq	Processed    12,000,000 records.  Elapsed time: 00:01:36s.  Time for last 1,000,000:    8s.  Last read position: chr1:98,684,965
INFO	2020-12-08 12:04:09	SamToFastq	Processed    13,000,000 records.  Elapsed time: 00:01:44s.  Time for last 1,000,000:    8s.  Last read position: chr1:109,409,997
INFO	2020-12-08 12:04:17	SamToFastq	Processed    14,000,000 records.  Elapsed time: 00:01:52s.  Time for last 1,000,000:    7s.  Last read position: chr1:114,625,790
INFO	2020-12-08 12:04:25	SamToFastq	Processed    15,000,000 records.  Elapsed time: 00:01:59s.  Time for last 1,000,000:    7s.  Last read position: chr1:120,511,622
INFO	2020-12-08 12:04:33	SamToFastq	Processed    16,000,000 records.  Elapsed time: 00:02:07s.  Time for last 1,000,000:    7s.  Last read position: chr1:145,336,666
INFO	2020-12-08 12:04:41	SamToFastq	Processed    17,000,000 records.  Elapsed time: 00:02:15s.  Time for last 1,000,000:    8s.  Last read position: chr1:146,067,274
INFO	2020-12-08 12:04:48	SamToFastq	Processed    18,000,000 records.  Elapsed time: 00:02:23s.  Time for last 1,000,000:    7s.  Last read position: chr1:147,622,360
INFO	2020-12-08 12:04:56	SamToFastq	Processed    19,000,000 records.  Elapsed time: 00:02:31s.  Time for last 1,000,000:    7s.  Last read position: chr1:149,080,026
INFO	2020-12-08 12:05:04	SamToFastq	Processed    20,000,000 records.  Elapsed time: 00:02:38s.  Time for last 1,000,000:    7s.  Last read position: chr1:150,751,729
INFO	2020-12-08 12:05:12	SamToFastq	Processed    21,000,000 records.  Elapsed time: 00:02:47s.  Time for last 1,000,000:    8s.  Last read position: chr1:152,304,249
INFO	2020-12-08 12:05:20	SamToFastq	Processed    22,000,000 records.  Elapsed time: 00:02:55s.  Time for last 1,000,000:    8s.  Last read position: chr1:154,342,481
INFO	2020-12-08 12:05:28	SamToFastq	Processed    23,000,000 records.  Elapsed time: 00:03:03s.  Time for last 1,000,000:    7s.  Last read position: chr1:156,598,185
INFO	2020-12-08 12:05:36	SamToFastq	Processed    24,000,000 records.  Elapsed time: 00:03:11s.  Time for last 1,000,000:    8s.  Last read position: chr1:159,833,297
Ignoring SAM validation error: ERROR: Record 24994487, Read name 8072YABXX101031:8:65:13711:197017, MAPQ should be 0 for unmapped read.
INFO	2020-12-08 12:05:44	SamToFastq	Processed    25,000,000 records.  Elapsed time: 00:03:19s.  Time for last 1,000,000:    8s.  Last read position: chr1:162,300,583
INFO	2020-12-08 12:05:52	SamToFastq	Processed    26,000,000 records.  Elapsed time: 00:03:27s.  Time for last 1,000,000:    7s.  Last read position: chr1:171,324,212
INFO	2020-12-08 12:06:00	SamToFastq	Processed    27,000,000 records.  Elapsed time: 00:03:35s.  Time for last 1,000,000:    8s.  Last read position: chr1:180,196,469
INFO	2020-12-08 12:06:08	SamToFastq	Processed    28,000,000 records.  Elapsed time: 00:03:43s.  Time for last 1,000,000:    7s.  Last read position: chr1:189,992,785
INFO	2020-12-08 12:06:16	SamToFastq	Processed    29,000,000 records.  Elapsed time: 00:03:51s.  Time for last 1,000,000:    7s.  Last read position: chr1:202,602,675
INFO	2020-12-08 12:06:24	SamToFastq	Processed    30,000,000 records.  Elapsed time: 00:03:59s.  Time for last 1,000,000:    7s.  Last read position: chr1:207,563,808
INFO	2020-12-08 12:06:32	SamToFastq	Processed    31,000,000 records.  Elapsed time: 00:04:06s.  Time for last 1,000,000:    7s.  Last read position: chr1:217,491,512
INFO	2020-12-08 12:06:40	SamToFastq	Processed    32,000,000 records.  Elapsed time: 00:04:15s.  Time for last 1,000,000:    8s.  Last read position: chr1:229,547,692
INFO	2020-12-08 12:06:48	SamToFastq	Processed    33,000,000 records.  Elapsed time: 00:04:22s.  Time for last 1,000,000:    7s.  Last read position: chr1:240,144,870
Ignoring SAM validation error: ERROR: Record 33185123, Read name 8007MABXX101030:8:66:5951:49247, MAPQ should be 0 for unmapped read.
INFO	2020-12-08 12:06:56	SamToFastq	Processed    34,000,000 records.  Elapsed time: 00:04:30s.  Time for last 1,000,000:    7s.  Last read position: chr1:248,441,533
INFO	2020-12-08 12:07:04	SamToFastq	Processed    35,000,000 records.  Elapsed time: 00:04:39s.  Time for last 1,000,000:    8s.  Last read position: chr2:17,518,212
INFO	2020-12-08 12:07:12	SamToFastq	Processed    36,000,000 records.  Elapsed time: 00:04:47s.  Time for last 1,000,000:    8s.  Last read position: chr2:27,329,450
Ignoring SAM validation error: ERROR: Record 36280107, Read name 8007MABXX101030:4:5:7070:87087, MAPQ should be 0 for unmapped read.
INFO	2020-12-08 12:07:20	SamToFastq	Processed    37,000,000 records.  Elapsed time: 00:04:54s.  Time for last 1,000,000:    7s.  Last read position: chr2:33,840,250
INFO	2020-12-08 12:07:28	SamToFastq	Processed    38,000,000 records.  Elapsed time: 00:05:03s.  Time for last 1,000,000:    8s.  Last read position: chr2:47,800,271
INFO	2020-12-08 12:07:35	SamToFastq	Processed    39,000,000 records.  Elapsed time: 00:05:10s.  Time for last 1,000,000:    7s.  Last read position: chr2:64,355,302
INFO	2020-12-08 12:07:43	SamToFastq	Processed    40,000,000 records.  Elapsed time: 00:05:18s.  Time for last 1,000,000:    7s.  Last read position: chr2:74,208,706
