Building DAG of jobs...
Using shell: /usr/bin/bash
Provided cores: 20
Rules claiming more threads will be scaled down.
Job counts:
	count	jobs
	1	bam2fastq
	1
Select jobs to execute...

[Tue Dec  8 12:02:28 2020]
rule bam2fastq:
    input: /fast/users/szyskam_c/work/NGSData/GDC/orgbam/2935-03A-01W-0745-08.14.bam
    output: fastq/2935_A4_R1.fastq.gz, fastq/2935_A4_R2.fastq.gz
    jobid: 0
    wildcards: sample=2935_A4
    threads: 20

picard -Xmx60G SamToFastq use_jdk_deflater=true use_jdk_inflater=true I=/fast/users/szyskam_c/work/NGSData/GDC/orgbam/2935-03A-01W-0745-08.14.bam F=>(gzip > fastq/2935_A4_R1.fastq.gz) F2=>(gzip > fastq/2935_A4_R2.fastq.gz) NON_PF=TRUE VALIDATION_STRINGENCY=LENIENT TMP_DIR=$TMPDIR
Activating conda environment: /fast/scratch/users/szyskam_c/projects/GDC/.snakemake/conda/dab7b9fd
INFO	2020-12-08 12:02:31	SamToFastq	

********** NOTE: Picard's command line syntax is changing.
**********
********** For more information, please see:
********** https://github.com/broadinstitute/picard/wiki/Command-Line-Syntax-Transition-For-Users-(Pre-Transition)
**********
********** The command line looks like this in the new syntax:
**********
**********    SamToFastq -use_jdk_deflater true -use_jdk_inflater true -I /fast/users/szyskam_c/work/NGSData/GDC/orgbam/2935-03A-01W-0745-08.14.bam -F /dev/fd/63 -F2 /dev/fd/62 -NON_PF TRUE -VALIDATION_STRINGENCY LENIENT -TMP_DIR /fast/users/szyskam_c/scratch/tmp
**********


[Tue Dec 08 12:02:32 CET 2020] SamToFastq INPUT=/fast/users/szyskam_c/work/NGSData/GDC/orgbam/2935-03A-01W-0745-08.14.bam FASTQ=/dev/fd/63 SECOND_END_FASTQ=/dev/fd/62 INCLUDE_NON_PF_READS=true TMP_DIR=[/fast/users/szyskam_c/scratch/tmp] VALIDATION_STRINGENCY=LENIENT USE_JDK_DEFLATER=true USE_JDK_INFLATER=true    OUTPUT_PER_RG=false COMPRESS_OUTPUTS_PER_RG=false RG_TAG=PU RE_REVERSE=true INTERLEAVE=false CLIPPING_MIN_LENGTH=0 READ1_TRIM=0 READ2_TRIM=0 INCLUDE_NON_PRIMARY_ALIGNMENTS=false VERBOSITY=INFO QUIET=false COMPRESSION_LEVEL=5 MAX_RECORDS_IN_RAM=500000 CREATE_INDEX=false CREATE_MD5_FILE=false GA4GH_CLIENT_SECRETS=client_secrets.json
[Tue Dec 08 12:02:32 CET 2020] Executing as szyskam_c@med0159 on Linux 3.10.0-1160.6.1.el7.x86_64 amd64; OpenJDK 64-Bit Server VM 11.0.1-internal+0-adhoc..src; Deflater: Jdk; Inflater: Jdk; Provider GCS is not available; Picard version: 2.20.1-SNAPSHOT
INFO	2020-12-08 12:02:40	SamToFastq	Processed     1,000,000 records.  Elapsed time: 00:00:07s.  Time for last 1,000,000:    7s.  Last read position: chr1:13,131,244
INFO	2020-12-08 12:02:47	SamToFastq	Processed     2,000,000 records.  Elapsed time: 00:00:15s.  Time for last 1,000,000:    7s.  Last read position: chr1:22,520,046
Ignoring SAM validation error: ERROR: Record 2718579, Read name 8014MABXX101115:5:25:6641:180774, MAPQ should be 0 for unmapped read.
INFO	2020-12-08 12:02:55	SamToFastq	Processed     3,000,000 records.  Elapsed time: 00:00:22s.  Time for last 1,000,000:    7s.  Last read position: chr1:33,226,900
Ignoring SAM validation error: ERROR: Record 3392152, Read name 8014MABXX101115:4:2:14696:45151, MAPQ should be 0 for unmapped read.
Ignoring SAM validation error: ERROR: Record 3990085, Read name 8072YABXX101031:1:23:14935:186344, MAPQ should be 0 for unmapped read.
INFO	2020-12-08 12:03:02	SamToFastq	Processed     4,000,000 records.  Elapsed time: 00:00:30s.  Time for last 1,000,000:    7s.  Last read position: chr1:42,778,470
Ignoring SAM validation error: ERROR: Record 4209629, Read name 8016FABXX101117:6:23:14222:47196, MAPQ should be 0 for unmapped read.
INFO	2020-12-08 12:03:11	SamToFastq	Processed     5,000,000 records.  Elapsed time: 00:00:38s.  Time for last 1,000,000:    8s.  Last read position: chr1:52,034,065
INFO	2020-12-08 12:03:19	SamToFastq	Processed     6,000,000 records.  Elapsed time: 00:00:46s.  Time for last 1,000,000:    8s.  Last read position: chr1:63,825,554
INFO	2020-12-08 12:03:27	SamToFastq	Processed     7,000,000 records.  Elapsed time: 00:00:54s.  Time for last 1,000,000:    8s.  Last read position: chr1:77,298,973
Ignoring SAM validation error: ERROR: Record 7605230, Read name 8016FABXX101117:8:7:18147:186267, MAPQ should be 0 for unmapped read.
Ignoring SAM validation error: ERROR: Record 7961652, Read name 8017CABXX101117:7:64:12875:187327, MAPQ should be 0 for unmapped read.
INFO	2020-12-08 12:03:35	SamToFastq	Processed     8,000,000 records.  Elapsed time: 00:01:03s.  Time for last 1,000,000:    8s.  Last read position: chr1:90,774,289
INFO	2020-12-08 12:03:43	SamToFastq	Processed     9,000,000 records.  Elapsed time: 00:01:11s.  Time for last 1,000,000:    8s.  Last read position: chr1:103,660,419
INFO	2020-12-08 12:03:52	SamToFastq	Processed    10,000,000 records.  Elapsed time: 00:01:19s.  Time for last 1,000,000:    8s.  Last read position: chr1:114,413,947
Ignoring SAM validation error: ERROR: Record 10832712, Read name 8014MABXX101115:7:6:20962:160478, MAPQ should be 0 for unmapped read.
Ignoring SAM validation error: ERROR: Record 10835139, Read name 8007MABXX101030:8:22:9437:49543, MAPQ should be 0 for unmapped read.
Ignoring SAM validation error: ERROR: Record 10839751, Read name 8014MABXX101115:5:23:6705:51899, MAPQ should be 0 for unmapped read.
Ignoring SAM validation error: ERROR: Record 10935657, Read name 8079NABXX101108:7:3:17957:153568, MAPQ should be 0 for unmapped read.
INFO	2020-12-08 12:03:59	SamToFastq	Processed    11,000,000 records.  Elapsed time: 00:01:26s.  Time for last 1,000,000:    6s.  Last read position: chr1:143,601,512
Ignoring SAM validation error: ERROR: Record 11678863, Read name 800V7ABXX101117:8:63:15649:113449, MAPQ should be 0 for unmapped read.
INFO	2020-12-08 12:04:05	SamToFastq	Processed    12,000,000 records.  Elapsed time: 00:01:32s.  Time for last 1,000,000:    6s.  Last read position: chr1:148,125,354
INFO	2020-12-08 12:04:11	SamToFastq	Processed    13,000,000 records.  Elapsed time: 00:01:38s.  Time for last 1,000,000:    6s.  Last read position: chr1:152,511,543
INFO	2020-12-08 12:04:18	SamToFastq	Processed    14,000,000 records.  Elapsed time: 00:01:45s.  Time for last 1,000,000:    6s.  Last read position: chr1:158,766,040
INFO	2020-12-08 12:04:26	SamToFastq	Processed    15,000,000 records.  Elapsed time: 00:01:53s.  Time for last 1,000,000:    7s.  Last read position: chr1:167,494,581
INFO	2020-12-08 12:04:33	SamToFastq	Processed    16,000,000 records.  Elapsed time: 00:02:01s.  Time for last 1,000,000:    7s.  Last read position: chr1:177,884,993
Ignoring SAM validation error: ERROR: Record 16501655, Read name 8073FABXX101114:3:1:14213:148291, MAPQ should be 0 for unmapped read.
INFO	2020-12-08 12:04:41	SamToFastq	Processed    17,000,000 records.  Elapsed time: 00:02:09s.  Time for last 1,000,000:    8s.  Last read position: chr1:189,531,494
Ignoring SAM validation error: ERROR: Record 17592161, Read name 8017CABXX101117:6:65:1582:133874, MAPQ should be 0 for unmapped read.
INFO	2020-12-08 12:04:50	SamToFastq	Processed    18,000,000 records.  Elapsed time: 00:02:17s.  Time for last 1,000,000:    8s.  Last read position: chr1:203,451,012
INFO	2020-12-08 12:04:57	SamToFastq	Processed    19,000,000 records.  Elapsed time: 00:02:24s.  Time for last 1,000,000:    7s.  Last read position: chr1:213,319,588
INFO	2020-12-08 12:05:05	SamToFastq	Processed    20,000,000 records.  Elapsed time: 00:02:33s.  Time for last 1,000,000:    8s.  Last read position: chr1:226,159,147
INFO	2020-12-08 12:05:13	SamToFastq	Processed    21,000,000 records.  Elapsed time: 00:02:40s.  Time for last 1,000,000:    7s.  Last read position: chr1:237,741,727
INFO	2020-12-08 12:05:20	SamToFastq	Processed    22,000,000 records.  Elapsed time: 00:02:48s.  Time for last 1,000,000:    7s.  Last read position: chr2:1,165,593
INFO	2020-12-08 12:05:28	SamToFastq	Processed    23,000,000 records.  Elapsed time: 00:02:56s.  Time for last 1,000,000:    7s.  Last read position: chr2:15,780,022
INFO	2020-12-08 12:05:36	SamToFastq	Processed    24,000,000 records.  Elapsed time: 00:03:03s.  Time for last 1,000,000:    7s.  Last read position: chr2:27,498,819
INFO	2020-12-08 12:05:43	SamToFastq	Processed    25,000,000 records.  Elapsed time: 00:03:11s.  Time for last 1,000,000:    7s.  Last read position: chr2:39,067,779
Ignoring SAM validation error: ERROR: Record 25112272, Read name 8016FABXX101117:1:66:2865:87296, MAPQ should be 0 for unmapped read.
INFO	2020-12-08 12:05:51	SamToFastq	Processed    26,000,000 records.  Elapsed time: 00:03:18s.  Time for last 1,000,000:    7s.  Last read position: chr2:52,876,940
INFO	2020-12-08 12:05:59	SamToFastq	Processed    27,000,000 records.  Elapsed time: 00:03:26s.  Time for last 1,000,000:    7s.  Last read position: chr2:66,526,869
INFO	2020-12-08 12:06:06	SamToFastq	Processed    28,000,000 records.  Elapsed time: 00:03:34s.  Time for last 1,000,000:    7s.  Last read position: chr2:77,216,394
INFO	2020-12-08 12:06:15	SamToFastq	Processed    29,000,000 records.  Elapsed time: 00:03:42s.  Time for last 1,000,000:    8s.  Last read position: chr2:89,914,238
INFO	2020-12-08 12:06:24	SamToFastq	Processed    30,000,000 records.  Elapsed time: 00:03:51s.  Time for last 1,000,000:    9s.  Last read position: chr2:104,691,390
INFO	2020-12-08 12:06:31	SamToFastq	Processed    31,000,000 records.  Elapsed time: 00:03:59s.  Time for last 1,000,000:    7s.  Last read position: chr2:114,583,503
INFO	2020-12-08 12:06:40	SamToFastq	Processed    32,000,000 records.  Elapsed time: 00:04:07s.  Time for last 1,000,000:    8s.  Last read position: chr2:129,149,361
INFO	2020-12-08 12:06:49	SamToFastq	Processed    33,000,000 records.  Elapsed time: 00:04:16s.  Time for last 1,000,000:    8s.  Last read position: chr2:143,041,991
INFO	2020-12-08 12:06:57	SamToFastq	Processed    34,000,000 records.  Elapsed time: 00:04:24s.  Time for last 1,000,000:    8s.  Last read position: chr2:158,026,172
INFO	2020-12-08 12:07:05	SamToFastq	Processed    35,000,000 records.  Elapsed time: 00:04:32s.  Time for last 1,000,000:    7s.  Last read position: chr2:170,079,914
INFO	2020-12-08 12:07:13	SamToFastq	Processed    36,000,000 records.  Elapsed time: 00:04:40s.  Time for last 1,000,000:    7s.  Last read position: chr2:180,919,596
INFO	2020-12-08 12:07:21	SamToFastq	Processed    37,000,000 records.  Elapsed time: 00:04:48s.  Time for last 1,000,000:    7s.  Last read position: chr2:196,324,933
Ignoring SAM validation error: ERROR: Record 37181139, Read name 8017CABXX101117:8:41:14956:191269, MAPQ should be 0 for unmapped read.
INFO	2020-12-08 12:07:29	SamToFastq	Processed    38,000,000 records.  Elapsed time: 00:04:56s.  Time for last 1,000,000:    7s.  Last read position: chr2:208,273,607
INFO	2020-12-08 12:07:37	SamToFastq	Processed    39,000,000 records.  Elapsed time: 00:05:04s.  Time for last 1,000,000:    8s.  Last read position: chr2:219,939,794
Ignoring SAM validation error: ERROR: Record 39453860, Read name 8014MABXX101115:7:62:8984:80294, MAPQ should be 0 for unmapped read.
