Building DAG of jobs...
Using shell: /usr/bin/bash
Provided cores: 20
Rules claiming more threads will be scaled down.
Job counts:
	count	jobs
	1	bam2fastq
	1
Select jobs to execute...

[Tue Dec  8 12:02:21 2020]
rule bam2fastq:
    input: /fast/users/szyskam_c/work/NGSData/GDC/orgbam/2941-03A-01W-0745-08.14.bam
    output: fastq/2941_A4_R1.fastq.gz, fastq/2941_A4_R2.fastq.gz
    jobid: 0
    wildcards: sample=2941_A4
    threads: 20

picard -Xmx60G SamToFastq use_jdk_deflater=true use_jdk_inflater=true I=/fast/users/szyskam_c/work/NGSData/GDC/orgbam/2941-03A-01W-0745-08.14.bam F=>(gzip > fastq/2941_A4_R1.fastq.gz) F2=>(gzip > fastq/2941_A4_R2.fastq.gz) NON_PF=TRUE VALIDATION_STRINGENCY=LENIENT TMP_DIR=$TMPDIR
Activating conda environment: /fast/scratch/users/szyskam_c/projects/GDC/.snakemake/conda/dab7b9fd
INFO	2020-12-08 12:02:24	SamToFastq	

********** NOTE: Picard's command line syntax is changing.
**********
********** For more information, please see:
********** https://github.com/broadinstitute/picard/wiki/Command-Line-Syntax-Transition-For-Users-(Pre-Transition)
**********
********** The command line looks like this in the new syntax:
**********
**********    SamToFastq -use_jdk_deflater true -use_jdk_inflater true -I /fast/users/szyskam_c/work/NGSData/GDC/orgbam/2941-03A-01W-0745-08.14.bam -F /dev/fd/63 -F2 /dev/fd/62 -NON_PF TRUE -VALIDATION_STRINGENCY LENIENT -TMP_DIR /fast/users/szyskam_c/scratch/tmp
**********


[Tue Dec 08 12:02:25 CET 2020] SamToFastq INPUT=/fast/users/szyskam_c/work/NGSData/GDC/orgbam/2941-03A-01W-0745-08.14.bam FASTQ=/dev/fd/63 SECOND_END_FASTQ=/dev/fd/62 INCLUDE_NON_PF_READS=true TMP_DIR=[/fast/users/szyskam_c/scratch/tmp] VALIDATION_STRINGENCY=LENIENT USE_JDK_DEFLATER=true USE_JDK_INFLATER=true    OUTPUT_PER_RG=false COMPRESS_OUTPUTS_PER_RG=false RG_TAG=PU RE_REVERSE=true INTERLEAVE=false CLIPPING_MIN_LENGTH=0 READ1_TRIM=0 READ2_TRIM=0 INCLUDE_NON_PRIMARY_ALIGNMENTS=false VERBOSITY=INFO QUIET=false COMPRESSION_LEVEL=5 MAX_RECORDS_IN_RAM=500000 CREATE_INDEX=false CREATE_MD5_FILE=false GA4GH_CLIENT_SECRETS=client_secrets.json
[Tue Dec 08 12:02:25 CET 2020] Executing as szyskam_c@med0226 on Linux 3.10.0-1160.2.2.el7.x86_64 amd64; OpenJDK 64-Bit Server VM 11.0.1-internal+0-adhoc..src; Deflater: Jdk; Inflater: Jdk; Provider GCS is not available; Picard version: 2.20.1-SNAPSHOT
Ignoring SAM validation error: ERROR: Record 358321, Read name 8072YABXX101031:6:25:3785:32143, MAPQ should be 0 for unmapped read.
INFO	2020-12-08 12:02:34	SamToFastq	Processed     1,000,000 records.  Elapsed time: 00:00:09s.  Time for last 1,000,000:    9s.  Last read position: chr1:13,391,967
INFO	2020-12-08 12:02:42	SamToFastq	Processed     2,000,000 records.  Elapsed time: 00:00:17s.  Time for last 1,000,000:    8s.  Last read position: chr1:24,764,018
Ignoring SAM validation error: ERROR: Record 2246280, Read name 8007MABXX101030:3:61:4881:74374, MAPQ should be 0 for unmapped read.
Ignoring SAM validation error: ERROR: Record 2672781, Read name 8072YABXX101031:5:2:10293:66570, MAPQ should be 0 for unmapped read.
INFO	2020-12-08 12:02:51	SamToFastq	Processed     3,000,000 records.  Elapsed time: 00:00:25s.  Time for last 1,000,000:    8s.  Last read position: chr1:36,827,316
INFO	2020-12-08 12:02:59	SamToFastq	Processed     4,000,000 records.  Elapsed time: 00:00:33s.  Time for last 1,000,000:    8s.  Last read position: chr1:46,645,117
Ignoring SAM validation error: ERROR: Record 4299018, Read name 8072YABXX101031:1:46:9363:122208, MAPQ should be 0 for unmapped read.
INFO	2020-12-08 12:03:07	SamToFastq	Processed     5,000,000 records.  Elapsed time: 00:00:42s.  Time for last 1,000,000:    8s.  Last read position: chr1:58,794,738
INFO	2020-12-08 12:03:16	SamToFastq	Processed     6,000,000 records.  Elapsed time: 00:00:50s.  Time for last 1,000,000:    8s.  Last read position: chr1:72,613,388
Ignoring SAM validation error: ERROR: Record 6547143, Read name 8079NABXX101108:8:23:9286:31568, MAPQ should be 0 for unmapped read.
INFO	2020-12-08 12:03:25	SamToFastq	Processed     7,000,000 records.  Elapsed time: 00:00:59s.  Time for last 1,000,000:    8s.  Last read position: chr1:87,005,642
Ignoring SAM validation error: ERROR: Record 7316402, Read name 8007MABXX101030:5:42:16383:92221, MAPQ should be 0 for unmapped read.
INFO	2020-12-08 12:03:33	SamToFastq	Processed     8,000,000 records.  Elapsed time: 00:01:08s.  Time for last 1,000,000:    8s.  Last read position: chr1:100,069,631
INFO	2020-12-08 12:03:42	SamToFastq	Processed     9,000,000 records.  Elapsed time: 00:01:16s.  Time for last 1,000,000:    8s.  Last read position: chr1:112,494,055
Ignoring SAM validation error: ERROR: Record 9818720, Read name 8072YABXX101031:7:48:21228:106609, MAPQ should be 0 for unmapped read.
INFO	2020-12-08 12:03:50	SamToFastq	Processed    10,000,000 records.  Elapsed time: 00:01:25s.  Time for last 1,000,000:    8s.  Last read position: chr1:122,708,410
INFO	2020-12-08 12:03:58	SamToFastq	Processed    11,000,000 records.  Elapsed time: 00:01:32s.  Time for last 1,000,000:    7s.  Last read position: chr1:147,951,112
INFO	2020-12-08 12:04:06	SamToFastq	Processed    12,000,000 records.  Elapsed time: 00:01:40s.  Time for last 1,000,000:    7s.  Last read position: chr1:152,676,123
INFO	2020-12-08 12:04:14	SamToFastq	Processed    13,000,000 records.  Elapsed time: 00:01:48s.  Time for last 1,000,000:    7s.  Last read position: chr1:160,000,650
Ignoring SAM validation error: ERROR: Record 13491224, Read name 8014MABXX101115:2:68:3441:81675, MAPQ should be 0 for unmapped read.
INFO	2020-12-08 12:04:22	SamToFastq	Processed    14,000,000 records.  Elapsed time: 00:01:56s.  Time for last 1,000,000:    8s.  Last read position: chr1:169,864,296
INFO	2020-12-08 12:04:30	SamToFastq	Processed    15,000,000 records.  Elapsed time: 00:02:05s.  Time for last 1,000,000:    8s.  Last read position: chr1:181,483,878
Ignoring SAM validation error: ERROR: Record 15631374, Read name 8073FABXX101114:3:41:2287:38868, MAPQ should be 0 for unmapped read.
Ignoring SAM validation error: ERROR: Record 15891892, Read name 8072YABXX101031:8:46:1424:81193, MAPQ should be 0 for unmapped read.
INFO	2020-12-08 12:04:40	SamToFastq	Processed    16,000,000 records.  Elapsed time: 00:02:14s.  Time for last 1,000,000:    9s.  Last read position: chr1:196,326,853
INFO	2020-12-08 12:04:49	SamToFastq	Processed    17,000,000 records.  Elapsed time: 00:02:23s.  Time for last 1,000,000:    8s.  Last read position: chr1:207,317,041
INFO	2020-12-08 12:04:58	SamToFastq	Processed    18,000,000 records.  Elapsed time: 00:02:32s.  Time for last 1,000,000:    8s.  Last read position: chr1:219,987,274
INFO	2020-12-08 12:05:07	SamToFastq	Processed    19,000,000 records.  Elapsed time: 00:02:41s.  Time for last 1,000,000:    8s.  Last read position: chr1:232,818,273
Ignoring SAM validation error: ERROR: Record 19124381, Read name 8007MABXX101030:1:68:13900:51619, MAPQ should be 0 for unmapped read.
INFO	2020-12-08 12:05:17	SamToFastq	Processed    20,000,000 records.  Elapsed time: 00:02:51s.  Time for last 1,000,000:    9s.  Last read position: chr1:246,647,552
INFO	2020-12-08 12:05:26	SamToFastq	Processed    21,000,000 records.  Elapsed time: 00:03:00s.  Time for last 1,000,000:    9s.  Last read position: chr2:11,541,428
Ignoring SAM validation error: ERROR: Record 21077963, Read name 8073FABXX101114:2:21:1488:107482, MAPQ should be 0 for unmapped read.
Ignoring SAM validation error: ERROR: Record 21351414, Read name 8014MABXX101115:5:4:13473:24055, MAPQ should be 0 for unmapped read.
INFO	2020-12-08 12:05:36	SamToFastq	Processed    22,000,000 records.  Elapsed time: 00:03:10s.  Time for last 1,000,000:    9s.  Last read position: chr2:25,799,436
Ignoring SAM validation error: ERROR: Record 22041551, Read name 8017CABXX101117:1:64:10703:141041, MAPQ should be 0 for unmapped read.
INFO	2020-12-08 12:05:45	SamToFastq	Processed    23,000,000 records.  Elapsed time: 00:03:19s.  Time for last 1,000,000:    8s.  Last read position: chr2:37,256,784
Ignoring SAM validation error: ERROR: Record 23691035, Read name 8017CABXX101117:5:24:1187:51150, MAPQ should be 0 for unmapped read.
INFO	2020-12-08 12:05:53	SamToFastq	Processed    24,000,000 records.  Elapsed time: 00:03:28s.  Time for last 1,000,000:    8s.  Last read position: chr2:51,273,834
Ignoring SAM validation error: ERROR: Record 24559419, Read name 8073FABXX101114:8:62:4508:155847, MAPQ should be 0 for unmapped read.
INFO	2020-12-08 12:06:03	SamToFastq	Processed    25,000,000 records.  Elapsed time: 00:03:37s.  Time for last 1,000,000:    8s.  Last read position: chr2:65,934,093
INFO	2020-12-08 12:06:11	SamToFastq	Processed    26,000,000 records.  Elapsed time: 00:03:46s.  Time for last 1,000,000:    8s.  Last read position: chr2:77,933,951
INFO	2020-12-08 12:06:20	SamToFastq	Processed    27,000,000 records.  Elapsed time: 00:03:54s.  Time for last 1,000,000:    8s.  Last read position: chr2:91,855,368
INFO	2020-12-08 12:06:29	SamToFastq	Processed    28,000,000 records.  Elapsed time: 00:04:03s.  Time for last 1,000,000:    8s.  Last read position: chr2:106,504,819
INFO	2020-12-08 12:06:37	SamToFastq	Processed    29,000,000 records.  Elapsed time: 00:04:12s.  Time for last 1,000,000:    8s.  Last read position: chr2:118,117,958
Ignoring SAM validation error: ERROR: Record 29270946, Read name 8016FABXX101117:5:24:11630:75793, MAPQ should be 0 for unmapped read.
INFO	2020-12-08 12:06:46	SamToFastq	Processed    30,000,000 records.  Elapsed time: 00:04:21s.  Time for last 1,000,000:    9s.  Last read position: chr2:132,905,850
INFO	2020-12-08 12:06:56	SamToFastq	Processed    31,000,000 records.  Elapsed time: 00:04:30s.  Time for last 1,000,000:    9s.  Last read position: chr2:148,444,998
Ignoring SAM validation error: ERROR: Record 31204906, Read name 8014MABXX101115:7:6:8682:17591, MAPQ should be 0 for unmapped read.
Ignoring SAM validation error: ERROR: Record 31555047, Read name 8073FABXX101114:6:66:8252:151797, MAPQ should be 0 for unmapped read.
INFO	2020-12-08 12:07:05	SamToFastq	Processed    32,000,000 records.  Elapsed time: 00:04:39s.  Time for last 1,000,000:    9s.  Last read position: chr2:162,129,324
INFO	2020-12-08 12:07:14	SamToFastq	Processed    33,000,000 records.  Elapsed time: 00:04:48s.  Time for last 1,000,000:    8s.  Last read position: chr2:175,018,110
Ignoring SAM validation error: ERROR: Record 33463712, Read name 800V7ABXX101117:5:24:5773:77049, MAPQ should be 0 for unmapped read.
INFO	2020-12-08 12:07:23	SamToFastq	Processed    34,000,000 records.  Elapsed time: 00:04:57s.  Time for last 1,000,000:    9s.  Last read position: chr2:187,363,306
Ignoring SAM validation error: ERROR: Record 34450554, Read name 8073FABXX101114:8:61:9358:38791, MAPQ should be 0 for unmapped read.
Ignoring SAM validation error: ERROR: Record 34562690, Read name 8014MABXX101115:6:65:9622:149690, MAPQ should be 0 for unmapped read.
INFO	2020-12-08 12:07:32	SamToFastq	Processed    35,000,000 records.  Elapsed time: 00:05:06s.  Time for last 1,000,000:    8s.  Last read position: chr2:201,402,696
INFO	2020-12-08 12:07:41	SamToFastq	Processed    36,000,000 records.  Elapsed time: 00:05:15s.  Time for last 1,000,000:    8s.  Last read position: chr2:215,346,899
