Building DAG of jobs...
Using shell: /usr/bin/bash
Provided cores: 20
Rules claiming more threads will be scaled down.
Job counts:
	count	jobs
	1	bam2fastq
	1
Select jobs to execute...

[Tue Dec  8 12:02:21 2020]
rule bam2fastq:
    input: /fast/users/szyskam_c/work/NGSData/GDC/orgbam/2928-11A-01W-0745-08.8.bam
    output: fastq/2928_B_R1.fastq.gz, fastq/2928_B_R2.fastq.gz
    jobid: 0
    wildcards: sample=2928_B
    threads: 20

picard -Xmx60G SamToFastq use_jdk_deflater=true use_jdk_inflater=true I=/fast/users/szyskam_c/work/NGSData/GDC/orgbam/2928-11A-01W-0745-08.8.bam F=>(gzip > fastq/2928_B_R1.fastq.gz) F2=>(gzip > fastq/2928_B_R2.fastq.gz) NON_PF=TRUE VALIDATION_STRINGENCY=LENIENT TMP_DIR=$TMPDIR
Activating conda environment: /fast/scratch/users/szyskam_c/projects/GDC/.snakemake/conda/dab7b9fd
INFO	2020-12-08 12:02:24	SamToFastq	

********** NOTE: Picard's command line syntax is changing.
**********
********** For more information, please see:
********** https://github.com/broadinstitute/picard/wiki/Command-Line-Syntax-Transition-For-Users-(Pre-Transition)
**********
********** The command line looks like this in the new syntax:
**********
**********    SamToFastq -use_jdk_deflater true -use_jdk_inflater true -I /fast/users/szyskam_c/work/NGSData/GDC/orgbam/2928-11A-01W-0745-08.8.bam -F /dev/fd/63 -F2 /dev/fd/62 -NON_PF TRUE -VALIDATION_STRINGENCY LENIENT -TMP_DIR /fast/users/szyskam_c/scratch/tmp
**********


[Tue Dec 08 12:02:25 CET 2020] SamToFastq INPUT=/fast/users/szyskam_c/work/NGSData/GDC/orgbam/2928-11A-01W-0745-08.8.bam FASTQ=/dev/fd/63 SECOND_END_FASTQ=/dev/fd/62 INCLUDE_NON_PF_READS=true TMP_DIR=[/fast/users/szyskam_c/scratch/tmp] VALIDATION_STRINGENCY=LENIENT USE_JDK_DEFLATER=true USE_JDK_INFLATER=true    OUTPUT_PER_RG=false COMPRESS_OUTPUTS_PER_RG=false RG_TAG=PU RE_REVERSE=true INTERLEAVE=false CLIPPING_MIN_LENGTH=0 READ1_TRIM=0 READ2_TRIM=0 INCLUDE_NON_PRIMARY_ALIGNMENTS=false VERBOSITY=INFO QUIET=false COMPRESSION_LEVEL=5 MAX_RECORDS_IN_RAM=500000 CREATE_INDEX=false CREATE_MD5_FILE=false GA4GH_CLIENT_SECRETS=client_secrets.json
[Tue Dec 08 12:02:25 CET 2020] Executing as szyskam_c@med0250 on Linux 3.10.0-1160.2.2.el7.x86_64 amd64; OpenJDK 64-Bit Server VM 11.0.1-internal+0-adhoc..src; Deflater: Jdk; Inflater: Jdk; Provider GCS is not available; Picard version: 2.20.1-SNAPSHOT
INFO	2020-12-08 12:02:33	SamToFastq	Processed     1,000,000 records.  Elapsed time: 00:00:08s.  Time for last 1,000,000:    8s.  Last read position: chr1:11,209,198
INFO	2020-12-08 12:02:41	SamToFastq	Processed     2,000,000 records.  Elapsed time: 00:00:16s.  Time for last 1,000,000:    8s.  Last read position: chr1:13,308,615
INFO	2020-12-08 12:02:49	SamToFastq	Processed     3,000,000 records.  Elapsed time: 00:00:24s.  Time for last 1,000,000:    7s.  Last read position: chr1:16,623,840
INFO	2020-12-08 12:02:57	SamToFastq	Processed     4,000,000 records.  Elapsed time: 00:00:32s.  Time for last 1,000,000:    7s.  Last read position: chr1:23,092,688
INFO	2020-12-08 12:03:05	SamToFastq	Processed     5,000,000 records.  Elapsed time: 00:00:40s.  Time for last 1,000,000:    7s.  Last read position: chr1:28,613,188
Ignoring SAM validation error: ERROR: Record 5120722, Read name 8072YABXX101031:4:48:17369:85967, MAPQ should be 0 for unmapped read.
INFO	2020-12-08 12:03:13	SamToFastq	Processed     6,000,000 records.  Elapsed time: 00:00:48s.  Time for last 1,000,000:    8s.  Last read position: chr1:35,749,596
INFO	2020-12-08 12:03:21	SamToFastq	Processed     7,000,000 records.  Elapsed time: 00:00:56s.  Time for last 1,000,000:    8s.  Last read position: chr1:41,513,644
Ignoring SAM validation error: ERROR: Record 7521932, Read name 8072YABXX101031:8:46:7583:70825, MAPQ should be 0 for unmapped read.
INFO	2020-12-08 12:03:29	SamToFastq	Processed     8,000,000 records.  Elapsed time: 00:01:04s.  Time for last 1,000,000:    7s.  Last read position: chr1:46,006,206
INFO	2020-12-08 12:03:36	SamToFastq	Processed     9,000,000 records.  Elapsed time: 00:01:11s.  Time for last 1,000,000:    7s.  Last read position: chr1:53,793,449
Ignoring SAM validation error: ERROR: Record 9556035, Read name 8072YABXX101031:6:47:8328:16463, MAPQ should be 0 for unmapped read.
INFO	2020-12-08 12:03:44	SamToFastq	Processed    10,000,000 records.  Elapsed time: 00:01:19s.  Time for last 1,000,000:    7s.  Last read position: chr1:65,385,708
INFO	2020-12-08 12:03:52	SamToFastq	Processed    11,000,000 records.  Elapsed time: 00:01:27s.  Time for last 1,000,000:    7s.  Last read position: chr1:78,650,391
INFO	2020-12-08 12:04:00	SamToFastq	Processed    12,000,000 records.  Elapsed time: 00:01:34s.  Time for last 1,000,000:    7s.  Last read position: chr1:91,861,530
INFO	2020-12-08 12:04:07	SamToFastq	Processed    13,000,000 records.  Elapsed time: 00:01:42s.  Time for last 1,000,000:    7s.  Last read position: chr1:103,624,084
INFO	2020-12-08 12:04:15	SamToFastq	Processed    14,000,000 records.  Elapsed time: 00:01:50s.  Time for last 1,000,000:    7s.  Last read position: chr1:110,603,234
INFO	2020-12-08 12:04:22	SamToFastq	Processed    15,000,000 records.  Elapsed time: 00:01:57s.  Time for last 1,000,000:    7s.  Last read position: chr1:116,607,902
Ignoring SAM validation error: ERROR: Record 15805282, Read name 8007MABXX101030:4:47:13008:46566, MAPQ should be 0 for unmapped read.
INFO	2020-12-08 12:04:30	SamToFastq	Processed    16,000,000 records.  Elapsed time: 00:02:04s.  Time for last 1,000,000:    7s.  Last read position: chr1:120,833,007
INFO	2020-12-08 12:04:37	SamToFastq	Processed    17,000,000 records.  Elapsed time: 00:02:12s.  Time for last 1,000,000:    7s.  Last read position: chr1:145,351,975
INFO	2020-12-08 12:04:45	SamToFastq	Processed    18,000,000 records.  Elapsed time: 00:02:20s.  Time for last 1,000,000:    7s.  Last read position: chr1:146,079,213
INFO	2020-12-08 12:04:52	SamToFastq	Processed    19,000,000 records.  Elapsed time: 00:02:27s.  Time for last 1,000,000:    7s.  Last read position: chr1:147,082,298
INFO	2020-12-08 12:05:00	SamToFastq	Processed    20,000,000 records.  Elapsed time: 00:02:34s.  Time for last 1,000,000:    7s.  Last read position: chr1:148,776,024
INFO	2020-12-08 12:05:07	SamToFastq	Processed    21,000,000 records.  Elapsed time: 00:02:42s.  Time for last 1,000,000:    7s.  Last read position: chr1:149,851,159
INFO	2020-12-08 12:05:15	SamToFastq	Processed    22,000,000 records.  Elapsed time: 00:02:50s.  Time for last 1,000,000:    7s.  Last read position: chr1:151,813,704
INFO	2020-12-08 12:05:22	SamToFastq	Processed    23,000,000 records.  Elapsed time: 00:02:57s.  Time for last 1,000,000:    7s.  Last read position: chr1:153,751,024
INFO	2020-12-08 12:05:30	SamToFastq	Processed    24,000,000 records.  Elapsed time: 00:03:04s.  Time for last 1,000,000:    7s.  Last read position: chr1:155,821,585
INFO	2020-12-08 12:05:37	SamToFastq	Processed    25,000,000 records.  Elapsed time: 00:03:12s.  Time for last 1,000,000:    7s.  Last read position: chr1:158,620,428
INFO	2020-12-08 12:05:45	SamToFastq	Processed    26,000,000 records.  Elapsed time: 00:03:20s.  Time for last 1,000,000:    7s.  Last read position: chr1:161,171,701
INFO	2020-12-08 12:05:52	SamToFastq	Processed    27,000,000 records.  Elapsed time: 00:03:27s.  Time for last 1,000,000:    7s.  Last read position: chr1:169,468,690
INFO	2020-12-08 12:06:00	SamToFastq	Processed    28,000,000 records.  Elapsed time: 00:03:34s.  Time for last 1,000,000:    7s.  Last read position: chr1:178,295,871
INFO	2020-12-08 12:06:07	SamToFastq	Processed    29,000,000 records.  Elapsed time: 00:03:42s.  Time for last 1,000,000:    7s.  Last read position: chr1:185,911,604
INFO	2020-12-08 12:06:14	SamToFastq	Processed    30,000,000 records.  Elapsed time: 00:03:49s.  Time for last 1,000,000:    7s.  Last read position: chr1:201,051,008
INFO	2020-12-08 12:06:22	SamToFastq	Processed    31,000,000 records.  Elapsed time: 00:03:57s.  Time for last 1,000,000:    7s.  Last read position: chr1:205,935,779
INFO	2020-12-08 12:06:30	SamToFastq	Processed    32,000,000 records.  Elapsed time: 00:04:04s.  Time for last 1,000,000:    7s.  Last read position: chr1:213,997,244
INFO	2020-12-08 12:06:37	SamToFastq	Processed    33,000,000 records.  Elapsed time: 00:04:12s.  Time for last 1,000,000:    7s.  Last read position: chr1:225,567,289
INFO	2020-12-08 12:06:44	SamToFastq	Processed    34,000,000 records.  Elapsed time: 00:04:19s.  Time for last 1,000,000:    7s.  Last read position: chr1:235,787,163
INFO	2020-12-08 12:06:52	SamToFastq	Processed    35,000,000 records.  Elapsed time: 00:04:27s.  Time for last 1,000,000:    7s.  Last read position: chr1:247,605,975
INFO	2020-12-08 12:07:00	SamToFastq	Processed    36,000,000 records.  Elapsed time: 00:04:34s.  Time for last 1,000,000:    7s.  Last read position: chr2:10,129,061
INFO	2020-12-08 12:07:08	SamToFastq	Processed    37,000,000 records.  Elapsed time: 00:04:42s.  Time for last 1,000,000:    7s.  Last read position: chr2:25,246,056
INFO	2020-12-08 12:07:15	SamToFastq	Processed    38,000,000 records.  Elapsed time: 00:04:50s.  Time for last 1,000,000:    7s.  Last read position: chr2:29,318,327
INFO	2020-12-08 12:07:23	SamToFastq	Processed    39,000,000 records.  Elapsed time: 00:04:58s.  Time for last 1,000,000:    7s.  Last read position: chr2:42,444,037
INFO	2020-12-08 12:07:31	SamToFastq	Processed    40,000,000 records.  Elapsed time: 00:05:05s.  Time for last 1,000,000:    7s.  Last read position: chr2:55,874,851
INFO	2020-12-08 12:07:38	SamToFastq	Processed    41,000,000 records.  Elapsed time: 00:05:13s.  Time for last 1,000,000:    7s.  Last read position: chr2:70,677,616
