Building DAG of jobs...
Using shell: /usr/bin/bash
Provided cluster nodes: 1000
Job counts:
	count	jobs
	1	all
	41	bam2fastq
	42
Select jobs to execute...

[Wed Dec  9 21:49:09 2020]
rule bam2fastq:
    input: /fast/users/szyskam_c/work/NGSData/GDC/orgbam/2935-03A-01W-0745-08.14.bam
    output: fastq/2935_A_R1.fastq.gz, fastq/2935_A_R2.fastq.gz, fastq/2935_A_unpaired.fastq.gz
    jobid: 32
    reason: Missing output files: fastq/2935_A_R1.fastq.gz, fastq/2935_A_R2.fastq.gz
    wildcards: sample=2935_A
    threads: 20

samtools sort -n /fast/users/szyskam_c/work/NGSData/GDC/orgbam/2935-03A-01W-0745-08.14.bam | samtools fastq -0 fastq/2935_A_unpaired.fastq.gz -1 fastq/2935_A_R1.fastq.gz -2 fastq/2935_A_R2.fastq.gz -@ 20 -
Submitted DRMAA job 32 with external jobid 170083.

[Wed Dec  9 21:49:09 2020]
rule bam2fastq:
    input: /fast/users/szyskam_c/work/NGSData/GDC/orgbam/3c3.bam
    output: fastq/3C3_R1.fastq.gz, fastq/3C3_R2.fastq.gz, fastq/3C3_unpaired.fastq.gz
    jobid: 2
    reason: Missing output files: fastq/3C3_R2.fastq.gz, fastq/3C3_R1.fastq.gz
    wildcards: sample=3C3
    threads: 20

samtools sort -n /fast/users/szyskam_c/work/NGSData/GDC/orgbam/3c3.bam | samtools fastq -0 fastq/3C3_unpaired.fastq.gz -1 fastq/3C3_R1.fastq.gz -2 fastq/3C3_R2.fastq.gz -@ 20 -
Submitted DRMAA job 2 with external jobid 170084.

[Wed Dec  9 21:49:09 2020]
rule bam2fastq:
    input: /fast/users/szyskam_c/work/NGSData/GDC/orgbam/94-11A-01W-0732-08.3.bam
    output: fastq/2894_B_R1.fastq.gz, fastq/2894_B_R2.fastq.gz, fastq/2894_B_unpaired.fastq.gz
    jobid: 24
    reason: Missing output files: fastq/2894_B_R2.fastq.gz, fastq/2894_B_R1.fastq.gz
    wildcards: sample=2894_B
    threads: 20

samtools sort -n /fast/users/szyskam_c/work/NGSData/GDC/orgbam/94-11A-01W-0732-08.3.bam | samtools fastq -0 fastq/2894_B_unpaired.fastq.gz -1 fastq/2894_B_R1.fastq.gz -2 fastq/2894_B_R2.fastq.gz -@ 20 -
Submitted DRMAA job 24 with external jobid 170085.

[Wed Dec  9 21:49:09 2020]
rule bam2fastq:
    input: /fast/users/szyskam_c/work/NGSData/GDC/orgbam/82-03A-01W-0732-08.2.bam
    output: fastq/2882_A_R1.fastq.gz, fastq/2882_A_R2.fastq.gz, fastq/2882_A_unpaired.fastq.gz
    jobid: 17
    reason: Missing output files: fastq/2882_A_R2.fastq.gz, fastq/2882_A_R1.fastq.gz
    wildcards: sample=2882_A
    threads: 20

samtools sort -n /fast/users/szyskam_c/work/NGSData/GDC/orgbam/82-03A-01W-0732-08.2.bam | samtools fastq -0 fastq/2882_A_unpaired.fastq.gz -1 fastq/2882_A_R1.fastq.gz -2 fastq/2882_A_R2.fastq.gz -@ 20 -
Submitted DRMAA job 17 with external jobid 170086.

[Wed Dec  9 21:49:09 2020]
rule bam2fastq:
    input: /fast/users/szyskam_c/work/NGSData/GDC/orgbam/57-03B-01W-0728-08.3.bam
    output: fastq/2857_A_R1.fastq.gz, fastq/2857_A_R2.fastq.gz, fastq/2857_A_unpaired.fastq.gz
    jobid: 9
    reason: Missing output files: fastq/2857_A_R2.fastq.gz, fastq/2857_A_R1.fastq.gz
    wildcards: sample=2857_A
    threads: 20

samtools sort -n /fast/users/szyskam_c/work/NGSData/GDC/orgbam/57-03B-01W-0728-08.3.bam | samtools fastq -0 fastq/2857_A_unpaired.fastq.gz -1 fastq/2857_A_R1.fastq.gz -2 fastq/2857_A_R2.fastq.gz -@ 20 -
Submitted DRMAA job 9 with external jobid 170087.

[Wed Dec  9 21:49:09 2020]
rule bam2fastq:
    input: /fast/users/szyskam_c/work/NGSData/GDC/orgbam/38-03A-01W-0726-08.4.bam
    output: fastq/2838_A_R1.fastq.gz, fastq/2838_A_R2.fastq.gz, fastq/2838_A_unpaired.fastq.gz
    jobid: 39
    reason: Missing output files: fastq/2838_A_R1.fastq.gz, fastq/2838_A_R2.fastq.gz
    wildcards: sample=2838_A
    threads: 20

samtools sort -n /fast/users/szyskam_c/work/NGSData/GDC/orgbam/38-03A-01W-0726-08.4.bam | samtools fastq -0 fastq/2838_A_unpaired.fastq.gz -1 fastq/2838_A_R1.fastq.gz -2 fastq/2838_A_R2.fastq.gz -@ 20 -
Submitted DRMAA job 39 with external jobid 170088.

[Wed Dec  9 21:49:09 2020]
rule bam2fastq:
    input: /fast/users/szyskam_c/work/NGSData/GDC/orgbam/586.bam
    output: fastq/586A_R1.fastq.gz, fastq/586A_R2.fastq.gz, fastq/586A_unpaired.fastq.gz
    jobid: 3
    reason: Missing output files: fastq/586A_R1.fastq.gz, fastq/586A_R2.fastq.gz
    wildcards: sample=586A
    threads: 20

samtools sort -n /fast/users/szyskam_c/work/NGSData/GDC/orgbam/586.bam | samtools fastq -0 fastq/586A_unpaired.fastq.gz -1 fastq/586A_R1.fastq.gz -2 fastq/586A_R2.fastq.gz -@ 20 -
Submitted DRMAA job 3 with external jobid 170089.

[Wed Dec  9 21:49:09 2020]
rule bam2fastq:
    input: /fast/users/szyskam_c/work/NGSData/GDC/orgbam/57-11B-01W-0729-08.3.bam
    output: fastq/2857_B_R1.fastq.gz, fastq/2857_B_R2.fastq.gz, fastq/2857_B_unpaired.fastq.gz
    jobid: 10
    reason: Missing output files: fastq/2857_B_R2.fastq.gz, fastq/2857_B_R1.fastq.gz
    wildcards: sample=2857_B
    threads: 20

samtools sort -n /fast/users/szyskam_c/work/NGSData/GDC/orgbam/57-11B-01W-0729-08.3.bam | samtools fastq -0 fastq/2857_B_unpaired.fastq.gz -1 fastq/2857_B_R1.fastq.gz -2 fastq/2857_B_R2.fastq.gz -@ 20 -
Submitted DRMAA job 10 with external jobid 170091.

[Wed Dec  9 21:49:09 2020]
rule bam2fastq:
    input: /fast/users/szyskam_c/work/NGSData/GDC/orgbam/82-11A-01W-0732-08.3.bam
    output: fastq/2882_B_R1.fastq.gz, fastq/2882_B_R2.fastq.gz, fastq/2882_B_unpaired.fastq.gz
    jobid: 18
    reason: Missing output files: fastq/2882_B_R1.fastq.gz, fastq/2882_B_R2.fastq.gz
    wildcards: sample=2882_B
    threads: 20

samtools sort -n /fast/users/szyskam_c/work/NGSData/GDC/orgbam/82-11A-01W-0732-08.3.bam | samtools fastq -0 fastq/2882_B_unpaired.fastq.gz -1 fastq/2882_B_R1.fastq.gz -2 fastq/2882_B_R2.fastq.gz -@ 20 -
Submitted DRMAA job 18 with external jobid 170092.

[Wed Dec  9 21:49:09 2020]
rule bam2fastq:
    input: /fast/users/szyskam_c/work/NGSData/GDC/orgbam/2917-03A-01W-0732-08.5.bam
    output: fastq/2917_A_R1.fastq.gz, fastq/2917_A_R2.fastq.gz, fastq/2917_A_unpaired.fastq.gz
    jobid: 25
    reason: Missing output files: fastq/2917_A_R1.fastq.gz, fastq/2917_A_R2.fastq.gz
    wildcards: sample=2917_A
    threads: 20

samtools sort -n /fast/users/szyskam_c/work/NGSData/GDC/orgbam/2917-03A-01W-0732-08.5.bam | samtools fastq -0 fastq/2917_A_unpaired.fastq.gz -1 fastq/2917_A_R1.fastq.gz -2 fastq/2917_A_R2.fastq.gz -@ 20 -
Submitted DRMAA job 25 with external jobid 170093.

[Wed Dec  9 21:49:09 2020]
rule bam2fastq:
    input: /fast/users/szyskam_c/work/NGSData/GDC/orgbam/2941-03A-01W-0745-08.14.bam
    output: fastq/2941_A_R1.fastq.gz, fastq/2941_A_R2.fastq.gz, fastq/2941_A_unpaired.fastq.gz
    jobid: 33
    reason: Missing output files: fastq/2941_A_R1.fastq.gz, fastq/2941_A_R2.fastq.gz
    wildcards: sample=2941_A
    threads: 20

samtools sort -n /fast/users/szyskam_c/work/NGSData/GDC/orgbam/2941-03A-01W-0745-08.14.bam | samtools fastq -0 fastq/2941_A_unpaired.fastq.gz -1 fastq/2941_A_R1.fastq.gz -2 fastq/2941_A_R2.fastq.gz -@ 20 -
Submitted DRMAA job 33 with external jobid 170094.

[Wed Dec  9 21:49:09 2020]
rule bam2fastq:
    input: /fast/users/szyskam_c/work/NGSData/GDC/orgbam/2928-11A-01W-0745-08.8.bam
    output: fastq/2928_B_R1.fastq.gz, fastq/2928_B_R2.fastq.gz, fastq/2928_B_unpaired.fastq.gz
    jobid: 40
    reason: Missing output files: fastq/2928_B_R2.fastq.gz, fastq/2928_B_R1.fastq.gz
    wildcards: sample=2928_B
    threads: 20

samtools sort -n /fast/users/szyskam_c/work/NGSData/GDC/orgbam/2928-11A-01W-0745-08.8.bam | samtools fastq -0 fastq/2928_B_unpaired.fastq.gz -1 fastq/2928_B_R1.fastq.gz -2 fastq/2928_B_R2.fastq.gz -@ 20 -
Submitted DRMAA job 40 with external jobid 170095.

[Wed Dec  9 21:49:09 2020]
rule bam2fastq:
    input: /fast/users/szyskam_c/work/NGSData/GDC/orgbam/17-03B-01W-0728-08.3.bam
    output: fastq/2817_A_R1.fastq.gz, fastq/2817_A_R2.fastq.gz, fastq/2817_A_unpaired.fastq.gz
    jobid: 4
    reason: Missing output files: fastq/2817_A_R1.fastq.gz, fastq/2817_A_R2.fastq.gz
    wildcards: sample=2817_A
    threads: 20

samtools sort -n /fast/users/szyskam_c/work/NGSData/GDC/orgbam/17-03B-01W-0728-08.3.bam | samtools fastq -0 fastq/2817_A_unpaired.fastq.gz -1 fastq/2817_A_R1.fastq.gz -2 fastq/2817_A_R2.fastq.gz -@ 20 -
Submitted DRMAA job 4 with external jobid 170096.

[Wed Dec  9 21:49:09 2020]
rule bam2fastq:
    input: /fast/users/szyskam_c/work/NGSData/GDC/orgbam/60-03B-01W-0728-08.3.bam
    output: fastq/2860_A_R1.fastq.gz, fastq/2860_A_R2.fastq.gz, fastq/2860_A_unpaired.fastq.gz
    jobid: 11
    reason: Missing output files: fastq/2860_A_R1.fastq.gz, fastq/2860_A_R2.fastq.gz
    wildcards: sample=2860_A
    threads: 20

samtools sort -n /fast/users/szyskam_c/work/NGSData/GDC/orgbam/60-03B-01W-0728-08.3.bam | samtools fastq -0 fastq/2860_A_unpaired.fastq.gz -1 fastq/2860_A_R1.fastq.gz -2 fastq/2860_A_R2.fastq.gz -@ 20 -
Submitted DRMAA job 11 with external jobid 170097.

[Wed Dec  9 21:49:09 2020]
rule bam2fastq:
    input: /fast/users/szyskam_c/work/NGSData/GDC/orgbam/85-03A-01W-0732-08.3.bam
    output: fastq/2885_A_R1.fastq.gz, fastq/2885_A_R2.fastq.gz, fastq/2885_A_unpaired.fastq.gz
    jobid: 19
    reason: Missing output files: fastq/2885_A_R1.fastq.gz, fastq/2885_A_R2.fastq.gz
    wildcards: sample=2885_A
    threads: 20

samtools sort -n /fast/users/szyskam_c/work/NGSData/GDC/orgbam/85-03A-01W-0732-08.3.bam | samtools fastq -0 fastq/2885_A_unpaired.fastq.gz -1 fastq/2885_A_R1.fastq.gz -2 fastq/2885_A_R2.fastq.gz -@ 20 -
Submitted DRMAA job 19 with external jobid 170098.

[Wed Dec  9 21:49:09 2020]
rule bam2fastq:
    input: /fast/users/szyskam_c/work/NGSData/GDC/orgbam/2917-11A-01W-0732-08.7.bam
    output: fastq/2917_B_R1.fastq.gz, fastq/2917_B_R2.fastq.gz, fastq/2917_B_unpaired.fastq.gz
    jobid: 26
    reason: Missing output files: fastq/2917_B_R1.fastq.gz, fastq/2917_B_R2.fastq.gz
    wildcards: sample=2917_B
    threads: 20

samtools sort -n /fast/users/szyskam_c/work/NGSData/GDC/orgbam/2917-11A-01W-0732-08.7.bam | samtools fastq -0 fastq/2917_B_unpaired.fastq.gz -1 fastq/2917_B_R1.fastq.gz -2 fastq/2917_B_R2.fastq.gz -@ 20 -
Submitted DRMAA job 26 with external jobid 170099.

[Wed Dec  9 21:49:09 2020]
rule bam2fastq:
    input: /fast/users/szyskam_c/work/NGSData/GDC/orgbam/2941-11A-01W-0745-08.8.bam
    output: fastq/2941_B_R1.fastq.gz, fastq/2941_B_R2.fastq.gz, fastq/2941_B_unpaired.fastq.gz
    jobid: 34
    reason: Missing output files: fastq/2941_B_R1.fastq.gz, fastq/2941_B_R2.fastq.gz
    wildcards: sample=2941_B
    threads: 20

samtools sort -n /fast/users/szyskam_c/work/NGSData/GDC/orgbam/2941-11A-01W-0745-08.8.bam | samtools fastq -0 fastq/2941_B_unpaired.fastq.gz -1 fastq/2941_B_R1.fastq.gz -2 fastq/2941_B_R2.fastq.gz -@ 20 -
Submitted DRMAA job 34 with external jobid 170100.

[Wed Dec  9 21:49:09 2020]
rule bam2fastq:
    input: /fast/users/szyskam_c/work/NGSData/GDC/orgbam/2935-11A-01W-0745-08.9.bam
    output: fastq/2935_B_R1.fastq.gz, fastq/2935_B_R2.fastq.gz, fastq/2935_B_unpaired.fastq.gz
    jobid: 41
    reason: Missing output files: fastq/2935_B_R2.fastq.gz, fastq/2935_B_R1.fastq.gz
    wildcards: sample=2935_B
    threads: 20

samtools sort -n /fast/users/szyskam_c/work/NGSData/GDC/orgbam/2935-11A-01W-0745-08.9.bam | samtools fastq -0 fastq/2935_B_unpaired.fastq.gz -1 fastq/2935_B_R1.fastq.gz -2 fastq/2935_B_R2.fastq.gz -@ 20 -
Submitted DRMAA job 41 with external jobid 170101.

[Wed Dec  9 21:49:09 2020]
rule bam2fastq:
    input: /fast/users/szyskam_c/work/NGSData/GDC/orgbam/17-11B-01W-0728-08.3.bam
    output: fastq/2817_B_R1.fastq.gz, fastq/2817_B_R2.fastq.gz, fastq/2817_B_unpaired.fastq.gz
    jobid: 5
    reason: Missing output files: fastq/2817_B_R1.fastq.gz, fastq/2817_B_R2.fastq.gz
    wildcards: sample=2817_B
    threads: 20

samtools sort -n /fast/users/szyskam_c/work/NGSData/GDC/orgbam/17-11B-01W-0728-08.3.bam | samtools fastq -0 fastq/2817_B_unpaired.fastq.gz -1 fastq/2817_B_R1.fastq.gz -2 fastq/2817_B_R2.fastq.gz -@ 20 -
Submitted DRMAA job 5 with external jobid 170102.

[Wed Dec  9 21:49:09 2020]
rule bam2fastq:
    input: /fast/users/szyskam_c/work/NGSData/GDC/orgbam/60-11B-01W-0729-08.3.bam
    output: fastq/2860_B_R1.fastq.gz, fastq/2860_B_R2.fastq.gz, fastq/2860_B_unpaired.fastq.gz
    jobid: 12
    reason: Missing output files: fastq/2860_B_R2.fastq.gz, fastq/2860_B_R1.fastq.gz
    wildcards: sample=2860_B
    threads: 20

samtools sort -n /fast/users/szyskam_c/work/NGSData/GDC/orgbam/60-11B-01W-0729-08.3.bam | samtools fastq -0 fastq/2860_B_unpaired.fastq.gz -1 fastq/2860_B_R1.fastq.gz -2 fastq/2860_B_R2.fastq.gz -@ 20 -
Submitted DRMAA job 12 with external jobid 170103.

[Wed Dec  9 21:49:09 2020]
rule bam2fastq:
    input: /fast/users/szyskam_c/work/NGSData/GDC/orgbam/85-11A-01W-0732-08.3.bam
    output: fastq/2885_B_R1.fastq.gz, fastq/2885_B_R2.fastq.gz, fastq/2885_B_unpaired.fastq.gz
    jobid: 20
    reason: Missing output files: fastq/2885_B_R1.fastq.gz, fastq/2885_B_R2.fastq.gz
    wildcards: sample=2885_B
    threads: 20

samtools sort -n /fast/users/szyskam_c/work/NGSData/GDC/orgbam/85-11A-01W-0732-08.3.bam | samtools fastq -0 fastq/2885_B_unpaired.fastq.gz -1 fastq/2885_B_R1.fastq.gz -2 fastq/2885_B_R2.fastq.gz -@ 20 -
Submitted DRMAA job 20 with external jobid 170104.

[Wed Dec  9 21:49:09 2020]
rule bam2fastq:
    input: /fast/users/szyskam_c/work/NGSData/GDC/orgbam/2920-03A-01W-0732-08.4.bam
    output: fastq/2920_A_R1.fastq.gz, fastq/2920_A_R2.fastq.gz, fastq/2920_A_unpaired.fastq.gz
    jobid: 27
    reason: Missing output files: fastq/2920_A_R2.fastq.gz, fastq/2920_A_R1.fastq.gz
    wildcards: sample=2920_A
    threads: 20

samtools sort -n /fast/users/szyskam_c/work/NGSData/GDC/orgbam/2920-03A-01W-0732-08.4.bam | samtools fastq -0 fastq/2920_A_unpaired.fastq.gz -1 fastq/2920_A_R1.fastq.gz -2 fastq/2920_A_R2.fastq.gz -@ 20 -
Submitted DRMAA job 27 with external jobid 170105.

[Wed Dec  9 21:49:09 2020]
rule bam2fastq:
    input: /fast/users/szyskam_c/work/NGSData/GDC/orgbam/2949-03A-01W-0733-08.4.bam
    output: fastq/2949_A_R1.fastq.gz, fastq/2949_A_R2.fastq.gz, fastq/2949_A_unpaired.fastq.gz
    jobid: 35
    reason: Missing output files: fastq/2949_A_R2.fastq.gz, fastq/2949_A_R1.fastq.gz
    wildcards: sample=2949_A
    threads: 20

samtools sort -n /fast/users/szyskam_c/work/NGSData/GDC/orgbam/2949-03A-01W-0733-08.4.bam | samtools fastq -0 fastq/2949_A_unpaired.fastq.gz -1 fastq/2949_A_R1.fastq.gz -2 fastq/2949_A_R2.fastq.gz -@ 20 -
Submitted DRMAA job 35 with external jobid 170106.

[Wed Dec  9 21:49:09 2020]
rule bam2fastq:
    input: /fast/users/szyskam_c/work/NGSData/GDC/orgbam/38-11A-01W-0727-08.5.bam
    output: fastq/2838_B_R1.fastq.gz, fastq/2838_B_R2.fastq.gz, fastq/2838_B_unpaired.fastq.gz
    jobid: 6
    reason: Missing output files: fastq/2838_B_R2.fastq.gz, fastq/2838_B_R1.fastq.gz
    wildcards: sample=2838_B
    threads: 20

samtools sort -n /fast/users/szyskam_c/work/NGSData/GDC/orgbam/38-11A-01W-0727-08.5.bam | samtools fastq -0 fastq/2838_B_unpaired.fastq.gz -1 fastq/2838_B_R1.fastq.gz -2 fastq/2838_B_R2.fastq.gz -@ 20 -
Submitted DRMAA job 6 with external jobid 170107.

[Wed Dec  9 21:49:09 2020]
rule bam2fastq:
    input: /fast/users/szyskam_c/work/NGSData/GDC/orgbam/74-03A-01W-0732-08.3.bam
    output: fastq/2874_A_R1.fastq.gz, fastq/2874_A_R2.fastq.gz, fastq/2874_A_unpaired.fastq.gz
    jobid: 13
    reason: Missing output files: fastq/2874_A_R1.fastq.gz, fastq/2874_A_R2.fastq.gz
    wildcards: sample=2874_A
    threads: 20

samtools sort -n /fast/users/szyskam_c/work/NGSData/GDC/orgbam/74-03A-01W-0732-08.3.bam | samtools fastq -0 fastq/2874_A_unpaired.fastq.gz -1 fastq/2874_A_R1.fastq.gz -2 fastq/2874_A_R2.fastq.gz -@ 20 -
Submitted DRMAA job 13 with external jobid 170108.

[Wed Dec  9 21:49:09 2020]
rule bam2fastq:
    input: /fast/users/szyskam_c/work/NGSData/GDC/orgbam/87-03A-01W-0732-08.3.bam
    output: fastq/2887_A_R1.fastq.gz, fastq/2887_A_R2.fastq.gz, fastq/2887_A_unpaired.fastq.gz
    jobid: 21
    reason: Missing output files: fastq/2887_A_R1.fastq.gz, fastq/2887_A_R2.fastq.gz
    wildcards: sample=2887_A
    threads: 20

samtools sort -n /fast/users/szyskam_c/work/NGSData/GDC/orgbam/87-03A-01W-0732-08.3.bam | samtools fastq -0 fastq/2887_A_unpaired.fastq.gz -1 fastq/2887_A_R1.fastq.gz -2 fastq/2887_A_R2.fastq.gz -@ 20 -
Submitted DRMAA job 21 with external jobid 170109.

[Wed Dec  9 21:49:09 2020]
rule bam2fastq:
    input: /fast/users/szyskam_c/work/NGSData/GDC/orgbam/2920-11A-01W-0732-08.4.bam
    output: fastq/2920_B_R1.fastq.gz, fastq/2920_B_R2.fastq.gz, fastq/2920_B_unpaired.fastq.gz
    jobid: 28
    reason: Missing output files: fastq/2920_B_R2.fastq.gz, fastq/2920_B_R1.fastq.gz
    wildcards: sample=2920_B
    threads: 20

samtools sort -n /fast/users/szyskam_c/work/NGSData/GDC/orgbam/2920-11A-01W-0732-08.4.bam | samtools fastq -0 fastq/2920_B_unpaired.fastq.gz -1 fastq/2920_B_R1.fastq.gz -2 fastq/2920_B_R2.fastq.gz -@ 20 -
Submitted DRMAA job 28 with external jobid 170110.

[Wed Dec  9 21:49:10 2020]
rule bam2fastq:
    input: /fast/users/szyskam_c/work/NGSData/GDC/orgbam/2949-11A-01W-0732-08.4.bam
    output: fastq/2949_B_R1.fastq.gz, fastq/2949_B_R2.fastq.gz, fastq/2949_B_unpaired.fastq.gz
    jobid: 36
    reason: Missing output files: fastq/2949_B_R2.fastq.gz, fastq/2949_B_R1.fastq.gz
    wildcards: sample=2949_B
    threads: 20

samtools sort -n /fast/users/szyskam_c/work/NGSData/GDC/orgbam/2949-11A-01W-0732-08.4.bam | samtools fastq -0 fastq/2949_B_unpaired.fastq.gz -1 fastq/2949_B_R1.fastq.gz -2 fastq/2949_B_R2.fastq.gz -@ 20 -
Submitted DRMAA job 36 with external jobid 170111.

[Wed Dec  9 21:49:10 2020]
rule bam2fastq:
    input: /fast/users/szyskam_c/work/NGSData/GDC/orgbam/47-03B-01W-0728-08.3.bam
    output: fastq/2847_A_R1.fastq.gz, fastq/2847_A_R2.fastq.gz, fastq/2847_A_unpaired.fastq.gz
    jobid: 7
    reason: Missing output files: fastq/2847_A_R1.fastq.gz, fastq/2847_A_R2.fastq.gz
    wildcards: sample=2847_A
    threads: 20

samtools sort -n /fast/users/szyskam_c/work/NGSData/GDC/orgbam/47-03B-01W-0728-08.3.bam | samtools fastq -0 fastq/2847_A_unpaired.fastq.gz -1 fastq/2847_A_R1.fastq.gz -2 fastq/2847_A_R2.fastq.gz -@ 20 -
Submitted DRMAA job 7 with external jobid 170112.

[Wed Dec  9 21:49:10 2020]
rule bam2fastq:
    input: /fast/users/szyskam_c/work/NGSData/GDC/orgbam/74-11A-01W-0732-08.3.bam
    output: fastq/2874_B_R1.fastq.gz, fastq/2874_B_R2.fastq.gz, fastq/2874_B_unpaired.fastq.gz
    jobid: 14
    reason: Missing output files: fastq/2874_B_R1.fastq.gz, fastq/2874_B_R2.fastq.gz
    wildcards: sample=2874_B
    threads: 20

samtools sort -n /fast/users/szyskam_c/work/NGSData/GDC/orgbam/74-11A-01W-0732-08.3.bam | samtools fastq -0 fastq/2874_B_unpaired.fastq.gz -1 fastq/2874_B_R1.fastq.gz -2 fastq/2874_B_R2.fastq.gz -@ 20 -
Submitted DRMAA job 14 with external jobid 170113.

[Wed Dec  9 21:49:10 2020]
rule bam2fastq:
    input: /fast/users/szyskam_c/work/NGSData/GDC/orgbam/87-11A-01W-0732-08.3.bam
    output: fastq/2887_B_R1.fastq.gz, fastq/2887_B_R2.fastq.gz, fastq/2887_B_unpaired.fastq.gz
    jobid: 22
    reason: Missing output files: fastq/2887_B_R2.fastq.gz, fastq/2887_B_R1.fastq.gz
    wildcards: sample=2887_B
    threads: 20

samtools sort -n /fast/users/szyskam_c/work/NGSData/GDC/orgbam/87-11A-01W-0732-08.3.bam | samtools fastq -0 fastq/2887_B_unpaired.fastq.gz -1 fastq/2887_B_R1.fastq.gz -2 fastq/2887_B_R2.fastq.gz -@ 20 -
Submitted DRMAA job 22 with external jobid 170114.

[Wed Dec  9 21:49:10 2020]
rule bam2fastq:
    input: /fast/users/szyskam_c/work/NGSData/GDC/orgbam/2928-03A-01W-0745-08.8.bam
    output: fastq/2928_A_R1.fastq.gz, fastq/2928_A_R2.fastq.gz, fastq/2928_A_unpaired.fastq.gz
    jobid: 29
    reason: Missing output files: fastq/2928_A_R1.fastq.gz, fastq/2928_A_R2.fastq.gz
    wildcards: sample=2928_A
    threads: 20

samtools sort -n /fast/users/szyskam_c/work/NGSData/GDC/orgbam/2928-03A-01W-0745-08.8.bam | samtools fastq -0 fastq/2928_A_unpaired.fastq.gz -1 fastq/2928_A_R1.fastq.gz -2 fastq/2928_A_R2.fastq.gz -@ 20 -
Submitted DRMAA job 29 with external jobid 170115.

[Wed Dec  9 21:49:10 2020]
rule bam2fastq:
    input: /fast/users/szyskam_c/work/NGSData/GDC/orgbam/2952-03A-01W-0733-08.4.bam
    output: fastq/2952_A_R1.fastq.gz, fastq/2952_A_R2.fastq.gz, fastq/2952_A_unpaired.fastq.gz
    jobid: 37
    reason: Missing output files: fastq/2952_A_R2.fastq.gz, fastq/2952_A_R1.fastq.gz
    wildcards: sample=2952_A
    threads: 20

samtools sort -n /fast/users/szyskam_c/work/NGSData/GDC/orgbam/2952-03A-01W-0733-08.4.bam | samtools fastq -0 fastq/2952_A_unpaired.fastq.gz -1 fastq/2952_A_R1.fastq.gz -2 fastq/2952_A_R2.fastq.gz -@ 20 -
Submitted DRMAA job 37 with external jobid 170116.

[Wed Dec  9 21:49:10 2020]
rule bam2fastq:
    input: /fast/users/szyskam_c/work/NGSData/GDC/orgbam/47-11B-01W-0729-08.3.bam
    output: fastq/2847_B_R1.fastq.gz, fastq/2847_B_R2.fastq.gz, fastq/2847_B_unpaired.fastq.gz
    jobid: 8
    reason: Missing output files: fastq/2847_B_R2.fastq.gz, fastq/2847_B_R1.fastq.gz
    wildcards: sample=2847_B
    threads: 20

samtools sort -n /fast/users/szyskam_c/work/NGSData/GDC/orgbam/47-11B-01W-0729-08.3.bam | samtools fastq -0 fastq/2847_B_unpaired.fastq.gz -1 fastq/2847_B_R1.fastq.gz -2 fastq/2847_B_R2.fastq.gz -@ 20 -
Submitted DRMAA job 8 with external jobid 170117.

[Wed Dec  9 21:49:10 2020]
rule bam2fastq:
    input: /fast/users/szyskam_c/work/NGSData/GDC/orgbam/78-03A-01W-0732-08.6.bam
    output: fastq/2878_A_R1.fastq.gz, fastq/2878_A_R2.fastq.gz, fastq/2878_A_unpaired.fastq.gz
    jobid: 15
    reason: Missing output files: fastq/2878_A_R2.fastq.gz, fastq/2878_A_R1.fastq.gz
    wildcards: sample=2878_A
    threads: 20

samtools sort -n /fast/users/szyskam_c/work/NGSData/GDC/orgbam/78-03A-01W-0732-08.6.bam | samtools fastq -0 fastq/2878_A_unpaired.fastq.gz -1 fastq/2878_A_R1.fastq.gz -2 fastq/2878_A_R2.fastq.gz -@ 20 -
Submitted DRMAA job 15 with external jobid 170118.

[Wed Dec  9 21:49:10 2020]
rule bam2fastq:
    input: /fast/users/szyskam_c/work/NGSData/GDC/orgbam/94-03A-01W-0733-08.3.bam
    output: fastq/2894_A_R1.fastq.gz, fastq/2894_A_R2.fastq.gz, fastq/2894_A_unpaired.fastq.gz
    jobid: 23
    reason: Missing output files: fastq/2894_A_R2.fastq.gz, fastq/2894_A_R1.fastq.gz
    wildcards: sample=2894_A
    threads: 20

samtools sort -n /fast/users/szyskam_c/work/NGSData/GDC/orgbam/94-03A-01W-0733-08.3.bam | samtools fastq -0 fastq/2894_A_unpaired.fastq.gz -1 fastq/2894_A_R1.fastq.gz -2 fastq/2894_A_R2.fastq.gz -@ 20 -
Submitted DRMAA job 23 with external jobid 170119.

[Wed Dec  9 21:49:10 2020]
rule bam2fastq:
    input: /fast/users/szyskam_c/work/NGSData/GDC/orgbam/2929-03A-01W-0732-08.3.bam
    output: fastq/2929_A_R1.fastq.gz, fastq/2929_A_R2.fastq.gz, fastq/2929_A_unpaired.fastq.gz
    jobid: 30
    reason: Missing output files: fastq/2929_A_R1.fastq.gz, fastq/2929_A_R2.fastq.gz
    wildcards: sample=2929_A
    threads: 20

samtools sort -n /fast/users/szyskam_c/work/NGSData/GDC/orgbam/2929-03A-01W-0732-08.3.bam | samtools fastq -0 fastq/2929_A_unpaired.fastq.gz -1 fastq/2929_A_R1.fastq.gz -2 fastq/2929_A_R2.fastq.gz -@ 20 -
Submitted DRMAA job 30 with external jobid 170120.

[Wed Dec  9 21:49:10 2020]
rule bam2fastq:
    input: /fast/users/szyskam_c/work/NGSData/GDC/orgbam/2952-11A-01W-0732-08.4.bam
    output: fastq/2952_B_R1.fastq.gz, fastq/2952_B_R2.fastq.gz, fastq/2952_B_unpaired.fastq.gz
    jobid: 38
    reason: Missing output files: fastq/2952_B_R2.fastq.gz, fastq/2952_B_R1.fastq.gz
    wildcards: sample=2952_B
    threads: 20

samtools sort -n /fast/users/szyskam_c/work/NGSData/GDC/orgbam/2952-11A-01W-0732-08.4.bam | samtools fastq -0 fastq/2952_B_unpaired.fastq.gz -1 fastq/2952_B_R1.fastq.gz -2 fastq/2952_B_R2.fastq.gz -@ 20 -
Submitted DRMAA job 38 with external jobid 170121.

[Wed Dec  9 21:49:10 2020]
rule bam2fastq:
    input: /fast/users/szyskam_c/work/NGSData/GDC/orgbam/25b.bam
    output: fastq/25B_R1.fastq.gz, fastq/25B_R2.fastq.gz, fastq/25B_unpaired.fastq.gz
    jobid: 1
    reason: Missing output files: fastq/25B_R2.fastq.gz, fastq/25B_R1.fastq.gz
    wildcards: sample=25B
    threads: 20

samtools sort -n /fast/users/szyskam_c/work/NGSData/GDC/orgbam/25b.bam | samtools fastq -0 fastq/25B_unpaired.fastq.gz -1 fastq/25B_R1.fastq.gz -2 fastq/25B_R2.fastq.gz -@ 20 -
Submitted DRMAA job 1 with external jobid 170122.

[Wed Dec  9 21:49:10 2020]
rule bam2fastq:
    input: /fast/users/szyskam_c/work/NGSData/GDC/orgbam/78-11A-01W-0732-08.7.bam
    output: fastq/2878_B_R1.fastq.gz, fastq/2878_B_R2.fastq.gz, fastq/2878_B_unpaired.fastq.gz
    jobid: 16
    reason: Missing output files: fastq/2878_B_R1.fastq.gz, fastq/2878_B_R2.fastq.gz
    wildcards: sample=2878_B
    threads: 20

samtools sort -n /fast/users/szyskam_c/work/NGSData/GDC/orgbam/78-11A-01W-0732-08.7.bam | samtools fastq -0 fastq/2878_B_unpaired.fastq.gz -1 fastq/2878_B_R1.fastq.gz -2 fastq/2878_B_R2.fastq.gz -@ 20 -
Submitted DRMAA job 16 with external jobid 170123.

[Wed Dec  9 21:49:10 2020]
rule bam2fastq:
    input: /fast/users/szyskam_c/work/NGSData/GDC/orgbam/2929-11A-01W-0732-08.3.bam
    output: fastq/2929_B_R1.fastq.gz, fastq/2929_B_R2.fastq.gz, fastq/2929_B_unpaired.fastq.gz
    jobid: 31
    reason: Missing output files: fastq/2929_B_R1.fastq.gz, fastq/2929_B_R2.fastq.gz
    wildcards: sample=2929_B
    threads: 20

samtools sort -n /fast/users/szyskam_c/work/NGSData/GDC/orgbam/2929-11A-01W-0732-08.3.bam | samtools fastq -0 fastq/2929_B_unpaired.fastq.gz -1 fastq/2929_B_R1.fastq.gz -2 fastq/2929_B_R2.fastq.gz -@ 20 -
Submitted DRMAA job 31 with external jobid 170124.
[Wed Dec  9 22:13:12 2020]
Finished job 25.
1 of 42 steps (2%) done
[Wed Dec  9 22:20:29 2020]
Finished job 28.
2 of 42 steps (5%) done
[Wed Dec  9 22:27:02 2020]
Finished job 27.
3 of 42 steps (7%) done
[Wed Dec  9 22:36:38 2020]
Finished job 19.
4 of 42 steps (10%) done
[Wed Dec  9 22:37:06 2020]
Finished job 31.
5 of 42 steps (12%) done
[Wed Dec  9 22:37:19 2020]
Finished job 16.
6 of 42 steps (14%) done
[Wed Dec  9 22:37:32 2020]
Finished job 23.
7 of 42 steps (17%) done
[Wed Dec  9 22:38:23 2020]
Finished job 20.
8 of 42 steps (19%) done
[Wed Dec  9 22:38:37 2020]
Finished job 21.
9 of 42 steps (21%) done
[Wed Dec  9 22:40:20 2020]
Finished job 26.
10 of 42 steps (24%) done
[Wed Dec  9 22:40:47 2020]
Finished job 36.
11 of 42 steps (26%) done
[Wed Dec  9 22:41:39 2020]
Finished job 15.
12 of 42 steps (29%) done
[Wed Dec  9 22:41:52 2020]
Finished job 38.
13 of 42 steps (31%) done
[Wed Dec  9 22:42:41 2020]
Finished job 30.
14 of 42 steps (33%) done
[Wed Dec  9 22:42:51 2020]
Finished job 17.
15 of 42 steps (36%) done
[Wed Dec  9 22:43:16 2020]
Finished job 35.
16 of 42 steps (38%) done
[Wed Dec  9 22:43:17 2020]
Finished job 8.
17 of 42 steps (40%) done
[Wed Dec  9 22:44:51 2020]
Finished job 24.
18 of 42 steps (43%) done
[Wed Dec  9 22:44:53 2020]
Finished job 37.
19 of 42 steps (45%) done
[Wed Dec  9 22:45:04 2020]
Finished job 5.
20 of 42 steps (48%) done
[Wed Dec  9 22:47:17 2020]
Finished job 22.
21 of 42 steps (50%) done
[Wed Dec  9 22:48:41 2020]
Finished job 7.
22 of 42 steps (52%) done
[Wed Dec  9 22:51:17 2020]
Finished job 13.
23 of 42 steps (55%) done
[Wed Dec  9 22:52:34 2020]
Finished job 14.
24 of 42 steps (57%) done
[Wed Dec  9 22:53:06 2020]
Finished job 18.
25 of 42 steps (60%) done
[Wed Dec  9 22:53:51 2020]
Finished job 33.
26 of 42 steps (62%) done
[Wed Dec  9 22:54:02 2020]
Finished job 2.
27 of 42 steps (64%) done
[Wed Dec  9 22:54:35 2020]
Finished job 9.
28 of 42 steps (67%) done
[Wed Dec  9 22:54:35 2020]
Finished job 4.
29 of 42 steps (69%) done
[Wed Dec  9 22:56:25 2020]
Finished job 12.
30 of 42 steps (71%) done
[Wed Dec  9 22:57:31 2020]
Finished job 10.
31 of 42 steps (74%) done
[Wed Dec  9 22:57:42 2020]
Finished job 1.
32 of 42 steps (76%) done
[Wed Dec  9 23:06:26 2020]
Finished job 29.
33 of 42 steps (79%) done
[Wed Dec  9 23:06:46 2020]
Finished job 11.
34 of 42 steps (81%) done
[Wed Dec  9 23:12:58 2020]
Finished job 32.
35 of 42 steps (83%) done
[Wed Dec  9 23:12:58 2020]
Finished job 6.
36 of 42 steps (86%) done
[Wed Dec  9 23:13:38 2020]
Finished job 41.
37 of 42 steps (88%) done
[Wed Dec  9 23:19:29 2020]
Finished job 3.
38 of 42 steps (90%) done
[Wed Dec  9 23:26:40 2020]
Finished job 40.
39 of 42 steps (93%) done
[Wed Dec  9 23:27:00 2020]
Finished job 34.
40 of 42 steps (95%) done
[Thu Dec 10 00:20:16 2020]
Finished job 39.
41 of 42 steps (98%) done
Select jobs to execute...

[Thu Dec 10 00:20:16 2020]
localrule all:
    input: fastq/25B_R1.fastq.gz, fastq/3C3_R1.fastq.gz, fastq/586A_R1.fastq.gz, fastq/2817_A_R1.fastq.gz, fastq/2817_B_R1.fastq.gz, fastq/2838_B_R1.fastq.gz, fastq/2847_A_R1.fastq.gz, fastq/2847_B_R1.fastq.gz, fastq/2857_A_R1.fastq.gz, fastq/2857_B_R1.fastq.gz, fastq/2860_A_R1.fastq.gz, fastq/2860_B_R1.fastq.gz, fastq/2874_A_R1.fastq.gz, fastq/2874_B_R1.fastq.gz, fastq/2878_A_R1.fastq.gz, fastq/2878_B_R1.fastq.gz, fastq/2882_A_R1.fastq.gz, fastq/2882_B_R1.fastq.gz, fastq/2885_A_R1.fastq.gz, fastq/2885_B_R1.fastq.gz, fastq/2887_A_R1.fastq.gz, fastq/2887_B_R1.fastq.gz, fastq/2894_A_R1.fastq.gz, fastq/2894_B_R1.fastq.gz, fastq/2917_A_R1.fastq.gz, fastq/2917_B_R1.fastq.gz, fastq/2920_A_R1.fastq.gz, fastq/2920_B_R1.fastq.gz, fastq/2928_A_R1.fastq.gz, fastq/2929_A_R1.fastq.gz, fastq/2929_B_R1.fastq.gz, fastq/2935_A_R1.fastq.gz, fastq/2941_A_R1.fastq.gz, fastq/2941_B_R1.fastq.gz, fastq/2949_A_R1.fastq.gz, fastq/2949_B_R1.fastq.gz, fastq/2952_A_R1.fastq.gz, fastq/2952_B_R1.fastq.gz, fastq/2838_A_R1.fastq.gz, fastq/2928_B_R1.fastq.gz, fastq/2935_B_R1.fastq.gz, fastq/25B_R2.fastq.gz, fastq/3C3_R2.fastq.gz, fastq/586A_R2.fastq.gz, fastq/2817_A_R2.fastq.gz, fastq/2817_B_R2.fastq.gz, fastq/2838_B_R2.fastq.gz, fastq/2847_A_R2.fastq.gz, fastq/2847_B_R2.fastq.gz, fastq/2857_A_R2.fastq.gz, fastq/2857_B_R2.fastq.gz, fastq/2860_A_R2.fastq.gz, fastq/2860_B_R2.fastq.gz, fastq/2874_A_R2.fastq.gz, fastq/2874_B_R2.fastq.gz, fastq/2878_A_R2.fastq.gz, fastq/2878_B_R2.fastq.gz, fastq/2882_A_R2.fastq.gz, fastq/2882_B_R2.fastq.gz, fastq/2885_A_R2.fastq.gz, fastq/2885_B_R2.fastq.gz, fastq/2887_A_R2.fastq.gz, fastq/2887_B_R2.fastq.gz, fastq/2894_A_R2.fastq.gz, fastq/2894_B_R2.fastq.gz, fastq/2917_A_R2.fastq.gz, fastq/2917_B_R2.fastq.gz, fastq/2920_A_R2.fastq.gz, fastq/2920_B_R2.fastq.gz, fastq/2928_A_R2.fastq.gz, fastq/2929_A_R2.fastq.gz, fastq/2929_B_R2.fastq.gz, fastq/2935_A_R2.fastq.gz, fastq/2941_A_R2.fastq.gz, fastq/2941_B_R2.fastq.gz, fastq/2949_A_R2.fastq.gz, fastq/2949_B_R2.fastq.gz, fastq/2952_A_R2.fastq.gz, fastq/2952_B_R2.fastq.gz, fastq/2838_A_R2.fastq.gz, fastq/2928_B_R2.fastq.gz, fastq/2935_B_R2.fastq.gz
    jobid: 0
    reason: Input files updated by another job: fastq/2917_B_R2.fastq.gz, fastq/2941_A_R2.fastq.gz, fastq/2935_A_R2.fastq.gz, fastq/2882_B_R2.fastq.gz, fastq/2941_B_R1.fastq.gz, fastq/2894_A_R2.fastq.gz, fastq/2878_A_R2.fastq.gz, fastq/2817_A_R1.fastq.gz, fastq/2929_A_R1.fastq.gz, fastq/2878_A_R1.fastq.gz, fastq/2874_B_R1.fastq.gz, fastq/2838_B_R2.fastq.gz, fastq/2857_A_R2.fastq.gz, fastq/2917_B_R1.fastq.gz, fastq/586A_R1.fastq.gz, fastq/2847_A_R1.fastq.gz, fastq/2860_A_R1.fastq.gz, fastq/2917_A_R1.fastq.gz, fastq/2920_A_R2.fastq.gz, fastq/2887_B_R2.fastq.gz, fastq/2838_A_R1.fastq.gz, fastq/2878_B_R2.fastq.gz, fastq/2917_A_R2.fastq.gz, fastq/2874_B_R2.fastq.gz, fastq/2887_B_R1.fastq.gz, fastq/2929_B_R1.fastq.gz, fastq/2949_A_R1.fastq.gz, fastq/2885_B_R1.fastq.gz, fastq/2887_A_R1.fastq.gz, fastq/2887_A_R2.fastq.gz, fastq/2857_B_R2.fastq.gz, fastq/2860_B_R1.fastq.gz, fastq/2817_B_R2.fastq.gz, fastq/2885_B_R2.fastq.gz, fastq/2935_B_R2.fastq.gz, fastq/2929_B_R2.fastq.gz, fastq/2885_A_R2.fastq.gz, fastq/2894_B_R2.fastq.gz, fastq/586A_R2.fastq.gz, fastq/2952_B_R2.fastq.gz, fastq/2920_B_R1.fastq.gz, fastq/25B_R2.fastq.gz, fastq/2920_B_R2.fastq.gz, fastq/2920_A_R1.fastq.gz, fastq/2817_A_R2.fastq.gz, fastq/2928_A_R1.fastq.gz, fastq/2949_B_R2.fastq.gz, fastq/2935_B_R1.fastq.gz, fastq/2878_B_R1.fastq.gz, fastq/2860_B_R2.fastq.gz, fastq/25B_R1.fastq.gz, fastq/2882_B_R1.fastq.gz, fastq/2928_A_R2.fastq.gz, fastq/2847_A_R2.fastq.gz, fastq/2952_A_R2.fastq.gz, fastq/2882_A_R1.fastq.gz, fastq/2935_A_R1.fastq.gz, fastq/2857_A_R1.fastq.gz, fastq/2847_B_R2.fastq.gz, fastq/2949_A_R2.fastq.gz, fastq/2941_A_R1.fastq.gz, fastq/2847_B_R1.fastq.gz, fastq/2857_B_R1.fastq.gz, fastq/3C3_R1.fastq.gz, fastq/2894_B_R1.fastq.gz, fastq/2885_A_R1.fastq.gz, fastq/2894_A_R1.fastq.gz, fastq/2838_A_R2.fastq.gz, fastq/2874_A_R1.fastq.gz, fastq/2941_B_R2.fastq.gz, fastq/2949_B_R1.fastq.gz, fastq/3C3_R2.fastq.gz, fastq/2860_A_R2.fastq.gz, fastq/2874_A_R2.fastq.gz, fastq/2817_B_R1.fastq.gz, fastq/2928_B_R1.fastq.gz, fastq/2882_A_R2.fastq.gz, fastq/2928_B_R2.fastq.gz, fastq/2952_B_R1.fastq.gz, fastq/2952_A_R1.fastq.gz, fastq/2838_B_R1.fastq.gz, fastq/2929_A_R2.fastq.gz

[Thu Dec 10 00:20:16 2020]
Finished job 0.
42 of 42 steps (100%) done
Complete log: /fast/home/users/szyskam_c/snakes/develop/bam2fastq/.snakemake/log/2020-12-09T214908.594007.snakemake.log
