Building DAG of jobs...
Using shell: /usr/bin/bash
Provided cores: 6
Rules claiming more threads will be scaled down.
Job counts:
	count	jobs
	1	all
	41	bam2fastq
	42
Select jobs to execute...

[Tue Dec  8 10:24:25 2020]
rule bam2fastq:
    input: /fast/users/szyskam_c/work/NGSData/GDC/orgbam/2920-03A-01W-0732-08.4.bam
    output: fastq/2920_A_R1.fastq.gz, fastq/2920_A_R2.fastq.gz
    jobid: 28
    reason: Missing output files: fastq/2920_A_R1.fastq.gz, fastq/2920_A_R2.fastq.gz
    wildcards: sample=2920_A
    threads: 6

picard -Xmx70G SamToFastq use_jdk_deflater=true use_jdk_inflater=true I=/fast/users/szyskam_c/work/NGSData/GDC/orgbam/2920-03A-01W-0732-08.4.bam F=>(gzip > fastq/2920_A_R1.fastq.gz) F2=>(gzip > fastq/2920_A_R2.fastq.gz) NON_PF=TRUE TMP_DIR=$TMPDIR
Activating conda environment: /fast/scratch/users/szyskam_c/projects/GDC/.snakemake/conda/dab7b9fd
Terminating processes on user request, this might take some time.
[Tue Dec  8 10:24:39 2020]
Error in rule bam2fastq:
    jobid: 28
    output: fastq/2920_A_R1.fastq.gz, fastq/2920_A_R2.fastq.gz
    conda-env: /fast/scratch/users/szyskam_c/projects/GDC/.snakemake/conda/dab7b9fd
    shell:
        picard -Xmx70G SamToFastq use_jdk_deflater=true use_jdk_inflater=true I=/fast/users/szyskam_c/work/NGSData/GDC/orgbam/2920-03A-01W-0732-08.4.bam F=>(gzip > fastq/2920_A_R1.fastq.gz) F2=>(gzip > fastq/2920_A_R2.fastq.gz) NON_PF=TRUE TMP_DIR=$TMPDIR
        (one of the commands exited with non-zero exit code; note that snakemake uses bash strict mode!)

Removing output files of failed job bam2fastq since they might be corrupted:
fastq/2920_A_R1.fastq.gz, fastq/2920_A_R2.fastq.gz
Complete log: /fast/home/users/szyskam_c/snakes/develop/bam2fastq/.snakemake/log/2020-12-08T102423.774297.snakemake.log
