Building DAG of jobs...
Creating conda environment /fast/home/users/szyskam_c/snakes/develop/bam2fastq/align-env.yml...
Downloading and installing remote packages.
Environment for ../../../../../home/users/szyskam_c/snakes/develop/bam2fastq/align-env.yml created (location: .snakemake/conda/dab7b9fd)
Using shell: /usr/bin/bash
Provided cores: 6
Rules claiming more threads will be scaled down.
Job counts:
	count	jobs
	1	all
	41	bam2fastq
	42
Select jobs to execute...

[Tue Dec  8 10:20:03 2020]
rule bam2fastq:
    input: /fast/users/szyskam_c/work/NGSData/GDC/orgbam/2920-03A-01W-0732-08.4.bam
    output: fastq/2920_A_R1.fastq.gz, fastq/2920_A_R2.fastq.gz
    jobid: 28
    reason: Missing output files: fastq/2920_A_R1.fastq.gz, fastq/2920_A_R2.fastq.gz
    wildcards: sample=2920_A
    threads: 6

RuleException in line 29 of /fast/home/users/szyskam_c/snakes/develop/bam2fastq/Snakefile:
'InputFiles' object has no attribute 'bam'
  File "/fast/users/szyskam_c/work/miniconda/envs/snake-env/lib/python3.8/site-packages/snakemake/executors/__init__.py", line 131, in run_jobs
  File "/fast/users/szyskam_c/work/miniconda/envs/snake-env/lib/python3.8/site-packages/snakemake/executors/__init__.py", line 433, in run
  File "/fast/users/szyskam_c/work/miniconda/envs/snake-env/lib/python3.8/site-packages/snakemake/executors/__init__.py", line 225, in _run
  File "/fast/users/szyskam_c/work/miniconda/envs/snake-env/lib/python3.8/site-packages/snakemake/executors/__init__.py", line 151, in _run
  File "/fast/users/szyskam_c/work/miniconda/envs/snake-env/lib/python3.8/site-packages/snakemake/executors/__init__.py", line 157, in printjob
