Building DAG of jobs...
Using shell: /usr/bin/bash
Provided cores: 20
Rules claiming more threads will be scaled down.
Job counts:
	count	jobs
	1	bam2fastq
	1
Select jobs to execute...

[Wed Dec  9 21:49:13 2020]
rule bam2fastq:
    input: /fast/users/szyskam_c/work/NGSData/GDC/orgbam/78-11A-01W-0732-08.7.bam
    output: fastq/2878_B_R1.fastq.gz, fastq/2878_B_R2.fastq.gz, fastq/2878_B_unpaired.fastq.gz
    jobid: 0
    wildcards: sample=2878_B
    threads: 20

samtools sort -n /fast/users/szyskam_c/work/NGSData/GDC/orgbam/78-11A-01W-0732-08.7.bam | samtools fastq -0 fastq/2878_B_unpaired.fastq.gz -1 fastq/2878_B_R1.fastq.gz -2 fastq/2878_B_R2.fastq.gz -@ 20 -
Activating conda environment: /fast/scratch/users/szyskam_c/projects/GDCrest/.snakemake/conda/e43a1a60
[bam_sort_core] merging from 88 files and 1 in-memory blocks...
[M::bam2fq_mainloop] discarded 0 singletons
[M::bam2fq_mainloop] processed 158193748 reads
[Wed Dec  9 22:37:14 2020]
Finished job 0.
1 of 1 steps (100%) done
['25B', '3C3', '586A', '2817_A', '2817_B', '2838_B', '2847_A', '2847_B', '2857_A', '2857_B', '2860_A', '2860_B', '2874_A', '2874_B', '2878_A', '2878_B', '2882_A', '2882_B', '2885_A', '2885_B', '2887_A', '2887_B', '2894_A', '2894_B', '2917_A', '2917_B', '2920_A', '2920_B', '2928_A', '2929_A', '2929_B', '2935_A', '2941_A', '2941_B', '2949_A', '2949_B', '2952_A', '2952_B', '2838_A', '2928_B', '2935_B']
